\BOOKMARK [0][-]{chapter*.1}{\376\377\000A\000c\000k\000n\000o\000w\000l\000e\000d\000g\000e\000m\000e\000n\000t\000s}{}% 1
\BOOKMARK [-1][-]{part.1}{\376\377\000I\000\040\000S\000y\000m\000f\000o\000n\000y\000\040\000T\000e\000s\000t\000i\000n\000g}{}% 2
\BOOKMARK [0][-]{chapter.1}{\376\377\000U\000n\000i\000t\000\040\000t\000e\000s\000t\000i\000n\000g\000\040\000i\000n\000\040\000S\000y\000m\000f\000o\000n\000y}{part.1}% 3
\BOOKMARK [1][-]{section.1.1}{\376\377\000T\000e\000s\000t\000i\000n\000g\000\040\000i\000n\000\040\000S\000y\000m\000f\000o\000n\000y}{chapter.1}% 4
\BOOKMARK [1][-]{section.1.2}{\376\377\000I\000n\000s\000t\000a\000l\000l\000i\000n\000g\000\040\000S\000i\000m\000p\000l\000e\000-\000P\000H\000P\000U\000n\000i\000t\000\040\000\050\000p\000r\000o\000j\000e\000c\000t\000\040\000t\000e\000s\000t\0000\0001\000\051}{chapter.1}% 5
\BOOKMARK [1][-]{section.1.3}{\376\377\000C\000r\000e\000a\000t\000i\000n\000g\000\040\000a\000\040\000t\000e\000s\000t\000\040\000c\000l\000a\000s\000s}{chapter.1}% 6
\BOOKMARK [1][-]{section.1.4}{\376\377\000R\000u\000n\000n\000i\000n\000g\000\040\000o\000u\000r\000\040\000t\000e\000s\000t\000s}{chapter.1}% 7
\BOOKMARK [1][-]{section.1.5}{\376\377\000T\000e\000s\000t\000i\000n\000g\000\040\000o\000t\000h\000e\000r\000\040\000c\000l\000a\000s\000s\000e\000s\000\040\000\050\000p\000r\000o\000j\000e\000c\000t\000\040\000t\000e\000s\000t\0000\0002\000\051}{chapter.1}% 8
\BOOKMARK [1][-]{section.1.6}{\376\377\000T\000h\000e\000\040\000c\000l\000a\000s\000s\000\040\000t\000o\000\040\000t\000e\000s\000t\000\040\000o\000u\000r\000\040\000c\000a\000l\000c\000u\000l\000a\000t\000o\000r}{chapter.1}% 9
\BOOKMARK [1][-]{section.1.7}{\376\377\000U\000s\000i\000n\000g\000\040\000a\000\040\000d\000a\000t\000a\000\040\000p\000r\000o\000v\000i\000d\000e\000r\000\040\000t\000o\000\040\000t\000e\000s\000t\000\040\000w\000i\000t\000h\000\040\000m\000u\000l\000t\000i\000p\000l\000e\000\040\000d\000a\000t\000a\000s\000e\000t\000s}{chapter.1}% 10
\BOOKMARK [1][-]{section.1.8}{\376\377\000C\000o\000n\000f\000i\000g\000u\000r\000i\000n\000g\000\040\000t\000e\000s\000t\000i\000n\000g\000\040\000r\000e\000p\000o\000r\000t\000s}{chapter.1}% 11
\BOOKMARK [1][-]{section.1.9}{\376\377\000T\000e\000s\000t\000i\000n\000g\000\040\000f\000o\000r\000\040\000e\000x\000c\000e\000p\000t\000i\000o\000n\000s\000\040\000\050\000p\000r\000o\000j\000e\000c\000t\000\040\000t\000e\000s\000t\0000\0003\000\051}{chapter.1}% 12
\BOOKMARK [1][-]{section.1.10}{\376\377\000P\000H\000P\000U\000n\000i\000t\000\040\000e\000x\000p\000e\000c\000t\000E\000x\000c\000e\000p\000t\000i\000o\000n\000\050\000.\000.\000.\000\051}{chapter.1}% 13
\BOOKMARK [1][-]{section.1.11}{\376\377\000T\000e\000s\000t\000i\000n\000g\000\040\000f\000o\000r\000\040\000c\000u\000s\000t\000o\000m\000\040\000E\000x\000c\000e\000p\000t\000i\000o\000n\000\040\000c\000l\000a\000s\000s\000e\000s}{chapter.1}% 14
\BOOKMARK [1][-]{section.1.12}{\376\377\000C\000h\000e\000c\000k\000i\000n\000g\000\040\000T\000y\000p\000e\000s\000\040\000w\000i\000t\000h\000\040\000a\000s\000s\000e\000r\000t\000i\000o\000n\000s}{chapter.1}% 15
\BOOKMARK [1][-]{section.1.13}{\376\377\000S\000a\000m\000e\000\040\000v\000s\000.\000\040\000E\000q\000u\000a\000l\000s}{chapter.1}% 16
\BOOKMARK [0][-]{chapter.2}{\376\377\000W\000e\000b\000\040\000t\000e\000s\000t\000i\000n\000g}{part.1}% 17
\BOOKMARK [1][-]{section.2.1}{\376\377\000T\000e\000s\000t\000i\000n\000g\000\040\000c\000o\000n\000t\000r\000o\000l\000l\000e\000r\000s\000\040\000w\000i\000t\000h\000\040\000W\000e\000b\000T\000e\000s\000t\000C\000a\000s\000e}{chapter.2}% 18
\BOOKMARK [1][-]{section.2.2}{\376\377\000C\000r\000e\000a\000t\000i\000n\000g\000\040\000a\000\040\000n\000e\000w\000\040\000p\000r\000o\000j\000e\000c\000t\000\040\000f\000o\000r\000\040\000w\000e\000b\000\040\000t\000e\000s\000t\000i\000n\000g\000\040\000\050\000p\000r\000o\000j\000e\000c\000t\000\040\000t\000e\000s\000t\0000\0004\000\051}{chapter.2}% 19
\BOOKMARK [1][-]{section.2.3}{\376\377\000C\000r\000e\000a\000t\000e\000\040\000h\000o\000m\000e\000\040\000p\000a\000g\000e\000\040\000w\000i\000t\000h\000\040\000a\000\040\000D\000e\000f\000a\000u\000l\000t\000\040\000c\000o\000n\000t\000r\000o\000l\000l\000e\000r}{chapter.2}% 20
\BOOKMARK [1][-]{section.2.4}{\376\377\000U\000s\000i\000n\000g\000\040\000t\000h\000e\000\040\000`\000m\000a\000k\000e\000'\000\040\000t\000o\000o\000l\000\040\000t\000o\000\040\000c\000r\000e\000a\000t\000e\000\040\000a\000\040\000w\000e\000b\000\040\000t\000e\000s\000t}{chapter.2}% 21
\BOOKMARK [1][-]{section.2.5}{\376\377\000A\000u\000t\000o\000m\000a\000t\000i\000n\000g\000\040\000a\000\040\000t\000e\000s\000t\000\040\000f\000o\000r\000\040\000t\000h\000e\000\040\000h\000o\000m\000e\000\040\000p\000a\000g\000e\000\040\000c\000o\000n\000t\000e\000n\000t\000s}{chapter.2}% 22
\BOOKMARK [1][-]{section.2.6}{\376\377\000T\000e\000s\000t\000i\000n\000g\000\040\000t\000e\000x\000t\000\040\000c\000a\000s\000e\000-\000i\000n\000s\000e\000n\000s\000i\000t\000i\000v\000e\000l\000y}{chapter.2}% 23
\BOOKMARK [1][-]{section.2.7}{\376\377\000T\000e\000s\000t\000\040\000m\000u\000l\000t\000i\000p\000l\000e\000\040\000p\000a\000g\000e\000s\000\040\000w\000i\000t\000h\000\040\000a\000\040\000d\000a\000t\000a\000\040\000p\000r\000o\000v\000i\000d\000e\000r}{chapter.2}% 24
\BOOKMARK [1][-]{section.2.8}{\376\377\000C\000o\000u\000n\000t\000\040\000t\000h\000e\000\040\000n\000u\000m\000b\000e\000r\000\040\000o\000f\000\040\000e\000l\000e\000m\000e\000n\000t\000s}{chapter.2}% 25
\BOOKMARK [1][-]{section.2.9}{\376\377\000T\000e\000s\000t\000i\000n\000g\000\040\000d\000i\000f\000f\000e\000r\000e\000n\000t\000\040\000c\000o\000n\000t\000e\000n\000t\000\040\000r\000e\000t\000u\000r\000n\000e\000d\000\040\000b\000y\000\040\000t\000h\000e\000\040\000R\000e\000s\000p\000o\000n\000s\000e}{chapter.2}% 26
\BOOKMARK [1][-]{section.2.10}{\376\377\000T\000e\000s\000t\000i\000n\000g\000\040\000r\000o\000u\000t\000e\000\040\000f\000o\000l\000l\000o\000w\000e\000d\000\040\000a\000f\000t\000e\000r\000\040\000l\000i\000n\000k\000\040\000c\000l\000i\000c\000k\000e\000d\000\040\000o\000r\000\040\000f\000o\000r\000m\000\040\000s\000u\000b\000m\000i\000s\000s\000i\000o\000n}{chapter.2}% 27
\BOOKMARK [1][-]{section.2.11}{\376\377\000T\000e\000s\000t\000i\000n\000g\000\040\000l\000i\000n\000k\000s\000\040\000\050\000p\000r\000o\000j\000e\000c\000t\000\040\000t\000e\000s\000t\0000\0005\000\051}{chapter.2}% 28
\BOOKMARK [2][-]{subsection.2.11.1}{\376\377\000I\000n\000s\000t\000r\000u\000c\000t\000\040\000c\000l\000i\000e\000n\000t\000\040\000t\000o\000\040\000`\000f\000o\000l\000l\000o\000w\000\040\000r\000e\000d\000i\000r\000e\000c\000t\000s\000'}{section.2.11}% 29
\BOOKMARK [0][-]{chapter.3}{\376\377\000T\000e\000s\000t\000i\000n\000g\000\040\000w\000e\000b\000\040\000f\000o\000r\000m\000s}{part.1}% 30
\BOOKMARK [1][-]{section.3.1}{\376\377\000T\000e\000s\000t\000i\000n\000g\000\040\000f\000o\000r\000m\000s\000\040\000\050\000p\000r\000o\000j\000e\000c\000t\000\040\000t\000e\000s\000t\0000\0006\000\051}{chapter.3}% 31
\BOOKMARK [1][-]{section.3.2}{\376\377\000C\000r\000e\000a\000t\000e\000\040\000a\000\040\000C\000a\000l\000c\000u\000l\000a\000t\000o\000r\000T\000e\000s\000t\000\040\000c\000l\000a\000s\000s}{chapter.3}% 32
\BOOKMARK [1][-]{section.3.3}{\376\377\000T\000e\000s\000t\000\040\000w\000e\000\040\000c\000a\000n\000\040\000g\000e\000t\000\040\000a\000\040\000r\000e\000f\000e\000r\000e\000n\000c\000e\000\040\000t\000o\000\040\000t\000h\000e\000\040\000f\000o\000r\000m}{chapter.3}% 33
\BOOKMARK [1][-]{section.3.4}{\376\377\000S\000u\000b\000m\000i\000t\000t\000i\000n\000g\000\040\000t\000h\000e\000\040\000f\000o\000r\000m}{chapter.3}% 34
\BOOKMARK [1][-]{section.3.5}{\376\377\000E\000n\000t\000e\000r\000i\000n\000g\000\040\000f\000o\000r\000m\000\040\000v\000a\000l\000u\000e\000s\000\040\000t\000h\000e\000n\000\040\000s\000u\000b\000m\000i\000t\000t\000i\000n\000g}{chapter.3}% 35
\BOOKMARK [1][-]{section.3.6}{\376\377\000T\000e\000s\000t\000i\000n\000g\000\040\000w\000e\000\040\000g\000e\000t\000\040\000t\000h\000e\000\040\000c\000o\000r\000r\000e\000c\000t\000\040\000r\000e\000s\000u\000l\000t\000\040\000v\000i\000a\000\040\000f\000o\000r\000m\000\040\000s\000u\000b\000m\000i\000s\000s\000i\000o\000n}{chapter.3}% 36
\BOOKMARK [1][-]{section.3.7}{\376\377\000S\000e\000l\000e\000c\000t\000i\000n\000g\000\040\000f\000o\000r\000m\000,\000\040\000e\000n\000t\000e\000r\000i\000n\000g\000\040\000v\000a\000l\000u\000e\000s\000\040\000a\000n\000d\000\040\000s\000u\000b\000m\000i\000t\000t\000i\000n\000g\000\040\000i\000n\000\040\000o\000n\000e\000\040\000s\000t\000e\000p}{chapter.3}% 37
\BOOKMARK [1][-]{section.3.8}{\376\377\000U\000s\000i\000n\000g\000\040\000a\000\040\000D\000a\000t\000a\000\040\000P\000r\000o\000v\000i\000d\000e\000r\000\040\000t\000o\000\040\000t\000e\000s\000t\000\040\000f\000o\000r\000m\000s}{chapter.3}% 38
\BOOKMARK [0][-]{chapter.4}{\376\377\000C\000o\000d\000e\000\040\000c\000o\000v\000e\000r\000a\000g\000e\000\040\000a\000n\000d\000\040\000x\000D\000e\000b\000u\000g}{part.1}% 39
\BOOKMARK [1][-]{section.4.1}{\376\377\000x\000D\000e\000b\000u\000g}{chapter.4}% 40
\BOOKMARK [1][-]{section.4.2}{\376\377\000C\000o\000d\000e\000\040\000C\000o\000v\000e\000r\000a\000g\000e}{chapter.4}% 41
\BOOKMARK [1][-]{section.4.3}{\376\377\000G\000e\000n\000e\000r\000a\000t\000i\000n\000g\000\040\000C\000o\000d\000e\000\040\000C\000o\000v\000e\000r\000a\000g\000e\000\040\000H\000T\000M\000L\000\040\000r\000e\000p\000o\000r\000t}{chapter.4}% 42
\BOOKMARK [1][-]{section.4.4}{\376\377\000T\000a\000i\000l\000o\000r\000i\000n\000g\000\040\000t\000h\000e\000\040\000`\000w\000h\000i\000t\000e\000l\000i\000s\000t\000'}{chapter.4}% 43
\BOOKMARK [-1][-]{part.2}{\376\377\000I\000I\000\040\000P\000u\000b\000l\000i\000s\000h\000i\000n\000g\000\040\000S\000y\000m\000f\000o\000n\000y\000\040\000w\000e\000b\000s\000i\000t\000e\000s}{}% 44
\BOOKMARK [0][-]{chapter.5}{\376\377\000P\000u\000b\000l\000i\000s\000h\000i\000n\000g\000\040\000y\000o\000u\000r\000\040\000S\000y\000m\000f\000o\000n\000y\000\040\000w\000e\000b\000s\000i\000t\000e}{part.2}% 45
\BOOKMARK [1][-]{section.5.1}{\376\377\000R\000e\000q\000u\000i\000r\000e\000m\000e\000n\000t\000s\000\040\000f\000o\000r\000\040\000S\000y\000m\000f\000o\000n\000y\000\040\000p\000u\000b\000l\000i\000s\000h\000i\000n\000g}{chapter.5}% 46
\BOOKMARK [1][-]{section.5.2}{\376\377\000S\000i\000m\000p\000l\000e\000s\000t\000\040\000w\000a\000y\000s\000\040\000t\000o\000\040\000h\000o\000s\000t\000\040\000S\000y\000m\000f\000o\000n\000y\000\040\000p\000r\000o\000j\000e\000c\000t\000s}{chapter.5}% 47
\BOOKMARK [0][-]{chapter.6}{\376\377\000S\000e\000t\000t\000i\000n\000g\000\040\000u\000p\000\040\000p\000r\000o\000j\000e\000c\000t\000\040\000r\000e\000a\000d\000y\000\040\000f\000o\000r\000\040\000F\000o\000r\000t\000r\000a\000b\000b\000i\000t}{part.2}% 48
\BOOKMARK [1][-]{section.6.1}{\376\377\000U\000p\000d\000a\000t\000i\000n\000g\000\040\000t\000h\000e\000\040\000n\000a\000m\000e\000s\000\040\000o\000f\000\040\000o\000u\000r\000\040\000M\000y\000S\000Q\000L\000\040\000v\000a\000r\000i\000a\000b\000l\000e\000s\000\040\000t\000o\000\040\000m\000a\000t\000c\000h\000\040\000F\000o\000r\000t\000r\000a\000b\000b\000i\000t\000\040\000o\000n\000e\000s}{chapter.6}% 49
\BOOKMARK [1][-]{section.6.2}{\376\377\000C\000r\000e\000a\000t\000e\000\040\000n\000e\000w\000\040\000D\000B\000\040\000l\000o\000c\000a\000l\000l\000y\000,\000\040\000a\000n\000d\000\040\000m\000a\000k\000e\000\040\000f\000r\000e\000s\000h\000\040\000m\000i\000g\000r\000a\000t\000i\000o\000n\000s}{chapter.6}% 50
\BOOKMARK [1][-]{section.6.3}{\376\377\000C\000r\000e\000a\000t\000i\000n\000g\000\040\000t\000h\000e\000\040\000/\000p\000u\000b\000l\000i\000c\000/\000.\000h\000t\000a\000c\000c\000e\000s\000s\000\040\000A\000p\000a\000c\000h\000e\000\040\000s\000e\000r\000v\000e\000r\000\040\000r\000o\000u\000t\000i\000n\000g\000\040\000f\000i\000l\000e}{chapter.6}% 51
\BOOKMARK [0][-]{chapter.7}{\376\377\000P\000u\000b\000l\000i\000s\000h\000i\000n\000g\000\040\000w\000i\000t\000h\000\040\000F\000o\000r\000t\000r\000a\000b\000b\000i\000t\000.\000c\000o\000m}{part.2}% 52
\BOOKMARK [1][-]{section.7.1}{\376\377\000M\000a\000i\000n\000\040\000s\000t\000e\000p\000s\000\040\000f\000o\000r\000\040\000P\000A\000A\000S\000\040\000p\000u\000b\000l\000i\000s\000h\000i\000n\000g\000\040\000w\000i\000t\000h\000\040\000F\000o\000r\000t\000r\000a\000b\000b\000i\000t}{chapter.7}% 53
\BOOKMARK [1][-]{section.7.2}{\376\377\000C\000r\000e\000a\000t\000e\000\040\000a\000\040\000n\000e\000w\000\040\000F\000o\000r\000t\000r\000a\000b\000b\000i\000t\000\040\000S\000y\000m\000f\000o\000n\000y\000\040\000p\000r\000o\000j\000e\000c\000t}{chapter.7}% 54
\BOOKMARK [1][-]{section.7.3}{\376\377\000C\000h\000o\000o\000s\000e\000\040\000p\000l\000a\000n\000\040\000-\000\040\000t\000h\000e\000\040\000T\000r\000i\000a\000l\000\040\000i\000s\000\040\000f\000r\000e\000e\000!}{chapter.7}% 55
\BOOKMARK [1][-]{section.7.4}{\376\377\000T\000e\000m\000p\000o\000r\000a\000r\000i\000l\000y\000\040\000s\000e\000t\000\040\000p\000r\000o\000j\000e\000c\000t\000\040\000e\000n\000v\000i\000r\000o\000n\000m\000e\000n\000t\000\040\000t\000o\000\040\000d\000e\000v\000\040\000s\000o\000\040\000w\000e\000\040\000c\000a\000n\000\040\000l\000o\000a\000d\000\040\000D\000B\000\040\000f\000i\000x\000t\000u\000r\000e\000s}{chapter.7}% 56
\BOOKMARK [1][-]{section.7.5}{\376\377\000G\000e\000t\000t\000i\000n\000g\000\040\000a\000\040\000l\000i\000n\000k\000e\000d\000\040\000G\000i\000t\000\040\000p\000r\000o\000j\000e\000c\000t\000\040\000o\000n\000\040\000y\000o\000u\000r\000\040\000l\000o\000c\000a\000l\000\040\000c\000o\000m\000p\000u\000t\000e\000r}{chapter.7}% 57
\BOOKMARK [1][-]{section.7.6}{\376\377\000V\000i\000s\000i\000t\000\040\000s\000i\000t\000e\000\040\000t\000o\000\040\000s\000e\000e\000\040\000i\000f\000\040\000p\000u\000b\000l\000i\000s\000h\000e\000d\000\040\000\050\000a\000l\000t\000h\000o\000u\000g\000h\000\040\000m\000a\000y\000\040\000b\000e\000\040\000D\000B\000\040\000e\000r\000r\000o\000r\000s\000\051}{chapter.7}% 58
\BOOKMARK [1][-]{section.7.7}{\376\377\000C\000o\000n\000n\000e\000c\000t\000\040\000c\000o\000m\000m\000a\000n\000d\000-\000l\000i\000n\000e\000\040\000t\000e\000r\000m\000i\000n\000a\000l\000\040\000t\000o\000\040\000F\000o\000r\000t\000r\000a\000b\000b\000i\000t\000\040\000p\000r\000o\000j\000e\000c\000t\000\040\000v\000i\000a\000\040\000S\000H\000H}{chapter.7}% 59
\BOOKMARK [1][-]{section.7.8}{\376\377\000U\000s\000e\000\040\000S\000S\000H\000\040\000t\000o\000\040\000r\000u\000n\000\040\000D\000B\000\040\000m\000i\000g\000r\000a\000t\000i\000o\000n\000s}{chapter.7}% 60
\BOOKMARK [1][-]{section.7.9}{\376\377\000U\000s\000e\000\040\000S\000S\000H\000\040\000t\000o\000\040\000l\000o\000a\000d\000\040\000f\000i\000x\000t\000u\000r\000e\000s}{chapter.7}% 61
\BOOKMARK [1][-]{section.7.10}{\376\377\000U\000s\000e\000\040\000S\000S\000H\000\040\000t\000o\000\040\000c\000l\000e\000a\000r\000\040\000t\000h\000e\000\040\000S\000y\000m\000f\000o\000n\000y\000\040\000c\000a\000c\000h\000e}{chapter.7}% 62
\BOOKMARK [1][-]{section.7.11}{\376\377\000U\000s\000e\000\040\000D\000o\000c\000t\000r\000i\000n\000e\000\040\000q\000u\000e\000r\000y\000\040\000t\000o\000\040\000c\000h\000e\000c\000k\000\040\000D\000B\000\040\000c\000o\000n\000t\000e\000n\000t\000s}{chapter.7}% 63
\BOOKMARK [1][-]{section.7.12}{\376\377\000M\000y\000S\000Q\000L\000\040\000q\000u\000e\000r\000i\000e\000s\000\040\000u\000s\000i\000n\000g\000\040\000S\000S\000H\000\040\000t\000u\000n\000n\000e\000l\000\040\040\046}{chapter.7}% 64
\BOOKMARK [1][-]{section.7.13}{\376\377\000P\000u\000b\000l\000i\000s\000h\000e\000d\000\040\000w\000e\000b\000s\000i\000t\000e}{chapter.7}% 65
\BOOKMARK [0][-]{chapter*.26}{\376\377\000L\000i\000s\000t\000\040\000o\000f\000\040\000R\000e\000f\000e\000r\000e\000n\000c\000e\000s}{part.2}% 66
