\BOOKMARK [0][-]{chapter*.1}{\376\377\000A\000c\000k\000n\000o\000w\000l\000e\000d\000g\000e\000m\000e\000n\000t\000s}{}% 1
\BOOKMARK [-1][-]{part.1}{\376\377\000I\000\040\000I\000n\000t\000r\000o\000d\000u\000c\000t\000i\000o\000n\000\040\000t\000o\000\040\000S\000y\000m\000f\000o\000n\000y}{}% 2
\BOOKMARK [0][-]{chapter.1}{\376\377\000I\000n\000t\000r\000o\000d\000u\000c\000t\000i\000o\000n}{part.1}% 3
\BOOKMARK [1][-]{section.1.1}{\376\377\000W\000h\000a\000t\000\040\000i\000s\000\040\000S\000y\000m\000f\000o\000n\000y\000?}{chapter.1}% 4
\BOOKMARK [1][-]{section.1.2}{\376\377\000W\000h\000a\000t\000\040\000t\000o\000\040\000I\000\040\000n\000e\000e\000d\000\040\000o\000n\000\040\000m\000y\000\040\000c\000o\000m\000p\000u\000t\000e\000r\000\040\000t\000o\000\040\000g\000e\000t\000\040\000s\000t\000a\000r\000t\000e\000d\000?}{chapter.1}% 5
\BOOKMARK [1][-]{section.1.3}{\376\377\000C\000h\000e\000c\000k\000\040\000s\000y\000s\000s\000t\000e\000m\000\040\000r\000e\000q\000u\000i\000r\000e\000m\000n\000e\000t\000s}{chapter.1}% 6
\BOOKMARK [1][-]{section.1.4}{\376\377\000H\000o\000w\000\040\000t\000o\000\040\000I\000\040\000g\000e\000t\000\040\000s\000t\000a\000r\000t\000e\000d\000\040\000w\000i\000t\000h\000\040\000a\000\040\000n\000e\000w\000\040\000S\000y\000m\000f\000o\000n\000y\000\040\000p\000r\000o\000j\000e\000c\000t}{chapter.1}% 7
\BOOKMARK [1][-]{section.1.5}{\376\377\000W\000h\000e\000r\000e\000\040\000a\000r\000e\000\040\000t\000h\000e\000\040\000p\000r\000o\000j\000e\000c\000t\000s\000\040\000a\000c\000c\000o\000m\000p\000a\000n\000y\000i\000n\000g\000\040\000t\000h\000i\000s\000\040\000b\000o\000o\000k\000?}{chapter.1}% 8
\BOOKMARK [1][-]{section.1.6}{\376\377\000H\000o\000w\000\040\000t\000o\000\040\000I\000\040\000r\000u\000n\000\040\000a\000\040\000S\000y\000m\000f\000o\000n\000y\000\040\000w\000e\000b\000a\000p\000p\000?}{chapter.1}% 9
\BOOKMARK [2][-]{subsection.1.6.1}{\376\377\000F\000r\000o\000m\000\040\000t\000h\000e\000\040\000C\000L\000I}{section.1.6}% 10
\BOOKMARK [2][-]{subsection.1.6.2}{\376\377\000F\000r\000o\000m\000\040\000a\000\040\000W\000e\000b\000s\000e\000r\000v\000e\000r\000\040\000a\000p\000p\000l\000i\000c\000a\000t\000i\000o\000n\000\040\000\050\000l\000i\000k\000e\000\040\000A\000p\000a\000c\000h\000e\000\040\000o\000r\000\040\000X\000A\000M\000P\000P\000\051}{section.1.6}% 11
\BOOKMARK [1][-]{section.1.7}{\376\377\000I\000t\000\040\000i\000s\000n\000'\000t\000\040\000w\000o\000r\000k\000i\000n\000g\000!\000\040\000\050\000P\000r\000o\000b\000l\000e\000m\000\040\000S\000o\000l\000v\000i\000n\000g\000\051}{chapter.1}% 12
\BOOKMARK [1][-]{section.1.8}{\376\377\000C\000a\000n\000\040\000I\000\040\000s\000e\000e\000\040\000a\000\040\000d\000e\000m\000o\000\040\000p\000r\000o\000j\000e\000c\000t\000\040\000w\000i\000t\000h\000\040\000l\000o\000t\000s\000\040\000o\000f\000\040\000S\000y\000m\000f\000o\000n\000y\000\040\000f\000e\000a\000t\000u\000r\000e\000s\000?}{chapter.1}% 13
\BOOKMARK [1][-]{section.1.9}{\376\377\000A\000n\000y\000\040\000f\000r\000e\000e\000\040\000v\000i\000d\000e\000o\000s\000\040\000a\000b\000o\000u\000t\000\040\000S\000F\000\040\000t\000o\000\040\000g\000e\000t\000\040\000m\000e\000\040\000g\000o\000i\000n\000g\000?}{chapter.1}% 14
\BOOKMARK [0][-]{chapter.2}{\376\377\000F\000i\000r\000s\000t\000\040\000s\000t\000e\000p\000s}{part.1}% 15
\BOOKMARK [1][-]{section.2.1}{\376\377\000W\000h\000a\000t\000\040\000w\000e\000'\000l\000l\000\040\000m\000a\000k\000e\000\040\000\050\000b\000a\000s\000i\000c\0000\0001\000\051}{chapter.2}% 16
\BOOKMARK [1][-]{section.2.2}{\376\377\000C\000r\000e\000a\000t\000e\000\040\000a\000\040\000n\000e\000w\000\040\000S\000y\000m\000f\000o\000n\000y\000\040\000p\000r\000o\000j\000e\000c\000t}{chapter.2}% 17
\BOOKMARK [1][-]{section.2.3}{\376\377\000L\000i\000s\000t\000\040\000t\000h\000e\000\040\000r\000o\000u\000t\000e\000s}{chapter.2}% 18
\BOOKMARK [1][-]{section.2.4}{\376\377\000C\000r\000e\000a\000t\000e\000\040\000a\000\040\000c\000o\000n\000t\000r\000o\000l\000l\000e\000r}{chapter.2}% 19
\BOOKMARK [1][-]{section.2.5}{\376\377\000R\000u\000n\000\040\000w\000e\000b\000\040\000s\000e\000r\000v\000e\000r\000\040\000t\000o\000\040\000v\000i\000s\000i\000t\000\040\000n\000e\000w\000\040\000d\000e\000f\000a\000u\000l\000t\000\040\000r\000o\000u\000t\000e}{chapter.2}% 20
\BOOKMARK [1][-]{section.2.6}{\376\377\000O\000t\000h\000e\000r\000\040\000t\000y\000p\000e\000s\000\040\000o\000f\000\040\000R\000e\000s\000p\000o\000n\000s\000e\000\040\000c\000o\000n\000t\000e\000n\000t}{chapter.2}% 21
\BOOKMARK [1][-]{section.2.7}{\376\377\000T\000h\000e\000\040\000d\000e\000f\000a\000u\000l\000t\000\040\000T\000w\000i\000g\000\040\000p\000a\000g\000e}{chapter.2}% 22
\BOOKMARK [0][-]{chapter.3}{\376\377\000T\000w\000i\000g\000\040\000t\000e\000m\000p\000l\000a\000t\000i\000n\000g}{part.1}% 23
\BOOKMARK [1][-]{section.3.1}{\376\377\000C\000u\000s\000t\000o\000m\000i\000z\000i\000n\000g\000\040\000t\000h\000e\000\040\000T\000w\000i\000g\000\040\000o\000u\000t\000p\000u\000t\000\040\000\050\000b\000a\000s\000i\000c\0000\0002\000\051}{chapter.3}% 24
\BOOKMARK [1][-]{section.3.2}{\376\377\000S\000p\000e\000c\000i\000f\000i\000c\000\040\000U\000R\000L\000\040\000p\000a\000t\000h\000\040\000a\000n\000d\000\040\000i\000n\000t\000e\000r\000n\000a\000l\000\040\000n\000a\000m\000e\000\040\000f\000o\000r\000\040\000o\000u\000r\000\040\000d\000e\000f\000a\000u\000l\000t\000\040\000r\000o\000u\000t\000e\000\040\000m\000e\000t\000h\000o\000d}{chapter.3}% 25
\BOOKMARK [1][-]{section.3.3}{\376\377\000C\000l\000e\000a\000r\000i\000n\000g\000\040\000t\000h\000e\000\040\000c\000a\000c\000h\000e}{chapter.3}% 26
\BOOKMARK [1][-]{section.3.4}{\376\377\000L\000e\000t\000'\000s\000\040\000c\000r\000e\000a\000t\000e\000\040\000a\000\040\000n\000i\000c\000e\000\040\000T\000w\000i\000g\000\040\000h\000o\000m\000e\000\040\000p\000a\000g\000e}{chapter.3}% 27
\BOOKMARK [0][-]{chapter.4}{\376\377\000C\000r\000e\000a\000t\000i\000n\000g\000\040\000o\000u\000r\000\040\000o\000w\000n\000\040\000c\000l\000a\000s\000s\000e\000s}{part.1}% 28
\BOOKMARK [1][-]{section.4.1}{\376\377\000G\000o\000a\000l\000s}{chapter.4}% 29
\BOOKMARK [1][-]{section.4.2}{\376\377\000L\000e\000t\000'\000s\000\040\000c\000r\000e\000a\000t\000e\000\040\000a\000n\000\040\000E\000n\000t\000i\000t\000y\000\040\000S\000t\000u\000d\000e\000n\000t\000\040\000\050\000b\000a\000s\000i\000c\0000\0003\000\051}{chapter.4}% 30
\BOOKMARK [1][-]{section.4.3}{\376\377\000C\000r\000e\000a\000t\000e\000\040\000a\000\040\000S\000t\000u\000d\000e\000n\000t\000C\000o\000n\000t\000r\000o\000l\000l\000e\000r\000\040\000c\000l\000a\000s\000s}{chapter.4}% 31
\BOOKMARK [1][-]{section.4.4}{\376\377\000T\000h\000e\000\040\000s\000h\000o\000w\000\040\000s\000t\000u\000d\000e\000n\000t\000\040\000t\000e\000m\000p\000l\000a\000t\000e\000\040\000/\000t\000e\000m\000p\000l\000a\000t\000e\000s\000/\000s\000t\000u\000d\000e\000n\000t\000/\000s\000h\000o\000w\000.\000h\000t\000m\000l\000.\000t\000w\000i\000g}{chapter.4}% 32
\BOOKMARK [1][-]{section.4.5}{\376\377\000T\000w\000i\000g\000\040\000d\000e\000b\000u\000g\000\040\000d\000u\000m\000p\000\050\000.\000.\000.\000\051\000\040\000f\000u\000n\000c\000t\000i\000o\000n}{chapter.4}% 33
\BOOKMARK [1][-]{section.4.6}{\376\377\000C\000r\000e\000a\000t\000i\000n\000g\000\040\000a\000n\000\040\000E\000n\000t\000i\000t\000y\000\040\000R\000e\000p\000o\000s\000i\000t\000o\000r\000y\000\040\000\050\000b\000a\000s\000i\000c\0000\0004\000\051}{chapter.4}% 34
\BOOKMARK [1][-]{section.4.7}{\376\377\000T\000h\000e\000\040\000s\000t\000u\000d\000e\000n\000t\000\040\000l\000i\000s\000t\000\040\000c\000o\000n\000t\000r\000o\000l\000l\000e\000r\000\040\000m\000e\000t\000h\000o\000d}{chapter.4}% 35
\BOOKMARK [1][-]{section.4.8}{\376\377\000T\000h\000e\000\040\000l\000i\000s\000t\000\040\000s\000t\000u\000d\000e\000n\000t\000\040\000t\000e\000m\000p\000l\000a\000t\000e\000\040\000/\000t\000e\000m\000p\000l\000a\000t\000e\000s\000/\000s\000t\000u\000d\000e\000n\000t\000/\000l\000i\000s\000t\000.\000h\000t\000m\000l\000.\000t\000w\000i\000g}{chapter.4}% 36
\BOOKMARK [1][-]{section.4.9}{\376\377\000R\000e\000f\000a\000c\000t\000o\000r\000\040\000s\000h\000o\000w\000\040\000a\000c\000t\000i\000o\000n\000\040\000t\000o\000\040\000s\000h\000o\000w\000\040\000d\000e\000t\000a\000i\000l\000s\000\040\000o\000f\000\040\000o\000n\000e\000\040\000S\000t\000u\000d\000e\000n\000t\000\040\000o\000b\000j\000e\000c\000t\000\040\000\050\000p\000r\000o\000j\000e\000c\000t\000\040\000b\000a\000s\000i\000c\0000\0005\000\051}{chapter.4}% 37
\BOOKMARK [1][-]{section.4.10}{\376\377\000A\000d\000d\000i\000n\000g\000\040\000a\000\040\000f\000i\000n\000d\000\050\000\044\000i\000d\000\051\000\040\000m\000e\000t\000h\000o\000d\000\040\000t\000o\000\040\000t\000h\000e\000\040\000s\000t\000u\000d\000e\000n\000t\000\040\000r\000e\000p\000o\000s\000i\000t\000o\000r\000y}{chapter.4}% 38
\BOOKMARK [1][-]{section.4.11}{\376\377\000M\000a\000k\000e\000\040\000e\000a\000c\000h\000\040\000i\000t\000e\000m\000\040\000i\000n\000\040\000l\000i\000s\000t\000\040\000a\000\040\000l\000i\000n\000k\000\040\000t\000o\000\040\000s\000h\000o\000w}{chapter.4}% 39
\BOOKMARK [1][-]{section.4.12}{\376\377\000D\000e\000a\000l\000i\000n\000g\000\040\000w\000i\000t\000h\000\040\000n\000o\000t\000-\000f\000o\000u\000n\000d\000\040\000i\000s\000s\000u\000e\000s\000\040\000\050\000p\000r\000o\000j\000e\000c\000t\000\040\000b\000a\000s\000i\000c\0000\0006\000\051}{chapter.4}% 40
\BOOKMARK [-1][-]{part.2}{\376\377\000I\000I\000\040\000S\000y\000m\000f\000o\000n\000y\000\040\000a\000n\000d\000\040\000D\000a\000t\000a\000b\000a\000s\000e\000s}{}% 41
\BOOKMARK [0][-]{chapter.5}{\376\377\000D\000o\000c\000t\000r\000i\000n\000e\000\040\000t\000h\000e\000\040\000O\000R\000M}{part.2}% 42
\BOOKMARK [1][-]{section.5.1}{\376\377\000W\000h\000a\000t\000\040\000i\000s\000\040\000a\000n\000\040\000O\000R\000M\000?}{chapter.5}% 43
\BOOKMARK [1][-]{section.5.2}{\376\377\000S\000e\000t\000t\000i\000n\000g\000\040\000t\000h\000e\000\040\000d\000a\000t\000a\000b\000a\000s\000e\000\040\000c\000o\000n\000n\000e\000c\000t\000i\000o\000n\000\040\000U\000R\000L\000\040\000f\000o\000r\000\040\000M\000y\000S\000Q\000L}{chapter.5}% 44
\BOOKMARK [1][-]{section.5.3}{\376\377\000S\000e\000t\000t\000i\000n\000g\000\040\000t\000h\000e\000\040\000d\000a\000t\000a\000b\000a\000s\000e\000\040\000c\000o\000n\000n\000e\000c\000t\000i\000o\000n\000\040\000U\000R\000L\000\040\000f\000o\000r\000\040\000S\000Q\000L\000i\000t\000e}{chapter.5}% 45
\BOOKMARK [1][-]{section.5.4}{\376\377\000Q\000u\000i\000c\000k\000\040\000s\000t\000a\000r\000t}{chapter.5}% 46
\BOOKMARK [1][-]{section.5.5}{\376\377\000C\000r\000e\000a\000t\000\040\000a\000\040\000d\000a\000t\000a\000b\000a\000s\000e}{chapter.5}% 47
\BOOKMARK [1][-]{section.5.6}{\376\377\0003\000\040\000m\000a\000i\000n\000\040\000c\000o\000m\000m\000a\000n\000d\000s\000\040\000f\000o\000r\000\040\000w\000o\000r\000k\000i\000n\000g\000\040\000w\000i\000t\000h\000\040\000d\000a\000t\000a\000b\000a\000s\000e\000s}{chapter.5}% 48
\BOOKMARK [1][-]{section.5.7}{\376\377\000O\000t\000h\000e\000r\000\040\000u\000s\000e\000f\000u\000l\000\040\000c\000o\000m\000m\000a\000n\000d\000s\000\040\000-\000\040\000S\000Q\000L\000\040\000q\000u\000e\000r\000i\000e\000s\000\040\000f\000r\000o\000m\000\040\000c\000o\000m\000m\000a\000n\000d\000\040\000l\000i\000n\000e}{chapter.5}% 49
\BOOKMARK [1][-]{section.5.8}{\376\377\000M\000a\000k\000e\000\040\000y\000o\000u\000r\000\040\000d\000a\000t\000a\000b\000a\000s\000e}{chapter.5}% 50
\BOOKMARK [0][-]{chapter.6}{\376\377\000W\000o\000r\000k\000i\000n\000g\000\040\000w\000i\000t\000h\000\040\000E\000n\000t\000i\000t\000y\000\040\000c\000l\000a\000s\000s\000e\000s}{part.2}% 51
\BOOKMARK [1][-]{section.6.1}{\376\377\000A\000\040\000S\000t\000u\000d\000e\000n\000t\000\040\000D\000B\000-\000e\000n\000t\000i\000t\000y\000\040\000c\000l\000a\000s\000s\000\040\000\050\000p\000r\000o\000j\000e\000c\000t\000\040\000d\000b\0000\0001\000\051}{chapter.6}% 52
\BOOKMARK [1][-]{section.6.2}{\376\377\000U\000s\000i\000n\000g\000\040\000P\000H\000P\000\040\000a\000t\000t\000r\000i\000b\000u\000t\000e\000s\000\040\000t\000o\000\040\000d\000e\000c\000l\000a\000r\000e\000\040\000D\000B\000\040\000m\000a\000p\000p\000i\000n\000g\000s}{chapter.6}% 53
\BOOKMARK [1][-]{section.6.3}{\376\377\000D\000e\000c\000l\000a\000r\000i\000n\000g\000\040\000t\000y\000p\000e\000s\000\040\000f\000o\000r\000\040\000f\000i\000e\000l\000d\000s}{chapter.6}% 54
\BOOKMARK [1][-]{section.6.4}{\376\377\000V\000a\000l\000i\000d\000a\000t\000e\000\040\000o\000u\000r\000\040\000O\000R\000M\000\040\000a\000t\000t\000r\000i\000b\000u\000t\000e\000s}{chapter.6}% 55
\BOOKMARK [1][-]{section.6.5}{\376\377\000T\000h\000e\000\040\000S\000t\000u\000d\000e\000n\000t\000R\000e\000p\000o\000s\000i\000t\000o\000r\000y\000\040\000c\000l\000a\000s\000s\000\040\000\050\000/\000s\000r\000c\000/\000R\000e\000p\000o\000s\000i\000t\000o\000r\000y\000/\000S\000t\000u\000d\000e\000n\000t\000R\000e\000p\000o\000s\000i\000t\000o\000r\000y\000\051}{chapter.6}% 56
\BOOKMARK [1][-]{section.6.6}{\376\377\000C\000r\000e\000a\000t\000e\000\040\000a\000\040\000m\000i\000g\000r\000a\000t\000i\000o\000n\000\040\000\050\000a\000\040\000m\000i\000g\000r\000a\000t\000i\000o\000n\000\040\000d\000i\000f\000f\000\040\000f\000i\000l\000e\000\051}{chapter.6}% 57
\BOOKMARK [1][-]{section.6.7}{\376\377\000R\000u\000n\000\040\000t\000h\000e\000\040\000m\000i\000g\000r\000a\000t\000i\000o\000n\000\040\000t\000o\000\040\000m\000a\000k\000e\000\040\000t\000h\000e\000\040\000d\000a\000t\000a\000b\000a\000s\000e\000\040\000s\000t\000r\000u\000c\000t\000u\000r\000e\000\040\000m\000a\000t\000c\000h\000\040\000t\000h\000e\000\040\000e\000n\000t\000i\000t\000y\000\040\000c\000l\000a\000s\000s\000\040\000d\000e\000c\000l\000a\000r\000a\000t\000i\000o\000n\000s}{chapter.6}% 58
\BOOKMARK [1][-]{section.6.8}{\376\377\000R\000e\000-\000v\000a\000l\000i\000d\000a\000t\000e\000\040\000o\000u\000r\000\040\000a\000n\000n\000o\000t\000a\000t\000i\000o\000n\000s}{chapter.6}% 59
\BOOKMARK [1][-]{section.6.9}{\376\377\000G\000e\000n\000e\000r\000a\000t\000i\000n\000g\000\040\000e\000n\000t\000i\000t\000i\000e\000s\000\040\000f\000r\000o\000m\000\040\000a\000n\000\040\000e\000x\000i\000s\000t\000i\000n\000g\000\040\000d\000a\000t\000a\000b\000a\000s\000e}{chapter.6}% 60
\BOOKMARK [1][-]{section.6.10}{\376\377\000N\000o\000t\000e\000\040\000-\000\040\000u\000s\000e\000\040\000m\000a\000k\000e\000r\000\040\000t\000o\000\040\000s\000a\000v\000e\000\040\000t\000i\000m\000e\000\040\000\050\000p\000r\000o\000j\000e\000c\000t\000\040\000d\000b\0000\0002\000\051}{chapter.6}% 61
\BOOKMARK [1][-]{section.6.11}{\376\377\000U\000s\000e\000\040\000m\000a\000k\000e\000r\000\040\000t\000o\000\040\000c\000r\000e\000a\000t\000e\000\040\000p\000r\000o\000p\000e\000r\000t\000i\000e\000s\000,\000\040\000a\000n\000n\000o\000t\000a\000t\000i\000o\000n\000s\000\040\000a\000n\000d\000\040\000a\000c\000c\000e\000s\000s\000o\000r\000\040\000m\000e\000t\000h\000o\000d\000s\000!}{chapter.6}% 62
\BOOKMARK [1][-]{section.6.12}{\376\377\000I\000t\000\040\000i\000s\000\040\000B\000E\000T\000T\000E\000R\000\040\000t\000o\000\040\000u\000s\000e\000\040\000t\000h\000e\000\040\000m\000a\000k\000e\000\040\000t\000o\000o\000l}{chapter.6}% 63
\BOOKMARK [1][-]{section.6.13}{\376\377\000F\000i\000n\000a\000l\000\040\000t\000i\000p\000\040\000-\000\040\000a\000l\000w\000a\000y\000s\000\040\000a\000d\000d\000\040\000a\000\040\000t\000o\000S\000t\000r\000i\000n\000g\000\050\000\051\000\040\000m\000e\000t\000h\000o\000d}{chapter.6}% 64
\BOOKMARK [2][-]{subsection.6.13.1}{\376\377\000T\000i\000p\000\040\000-\000\040\000I\000D\000E\000s\000\040\000m\000a\000y\000\040\000w\000r\000i\000t\000e\000\040\000a\000\040\000f\000u\000n\000c\000t\000i\000o\000n\000\040\000s\000k\000e\000l\000e\000t\000o\000n\000\040\000f\000o\000r\000\040\000y\000o\000u\000\040\000a\000f\000t\000e\000r\000\040\000y\000o\000u\000\040\000t\000y\000p\000e\000\040\000\137\000\137\000t\000o\000S\000t\000r\000i\000n\000g\000\040\040\046}{section.6.13}% 65
\BOOKMARK [0][-]{chapter.7}{\376\377\000S\000y\000m\000f\000o\000n\000y\000\040\000w\000a\000y\000\040\000o\000f\000\040\000d\000o\000i\000n\000g\000\040\000d\000a\000t\000a\000b\000a\000s\000e\000\040\000C\000R\000U\000D}{part.2}% 66
\BOOKMARK [1][-]{section.7.1}{\376\377\000G\000e\000t\000t\000i\000n\000g\000\040\000d\000a\000t\000a\000\040\000i\000n\000t\000o\000\040\000t\000h\000e\000\040\000D\000B}{chapter.7}% 67
\BOOKMARK [1][-]{section.7.2}{\376\377\000C\000r\000e\000a\000t\000i\000n\000g\000\040\000n\000e\000w\000\040\000s\000t\000u\000d\000e\000n\000t\000\040\000r\000e\000c\000o\000r\000d\000s\000\040\000\050\000p\000r\000o\000j\000e\000c\000t\000\040\000d\000b\0000\0002\000\051}{chapter.7}% 68
\BOOKMARK [1][-]{section.7.3}{\376\377\000Q\000u\000e\000r\000y\000\040\000d\000a\000t\000a\000b\000a\000s\000e\000\040\000w\000i\000t\000h\000\040\000S\000Q\000L\000\040\000f\000r\000o\000m\000\040\000C\000L\000I\000\040\000s\000e\000r\000v\000e\000r}{chapter.7}% 69
\BOOKMARK [1][-]{section.7.4}{\376\377\000U\000p\000d\000a\000t\000i\000n\000g\000\040\000t\000h\000e\000\040\000l\000i\000s\000t\000\050\000\051\000\040\000m\000e\000t\000h\000o\000d\000\040\000t\000o\000\040\000u\000s\000e\000\040\000D\000o\000c\000t\000r\000i\000n\000e}{chapter.7}% 70
\BOOKMARK [1][-]{section.7.5}{\376\377\000D\000o\000c\000t\000r\000i\000n\000e\000\040\000R\000e\000p\000o\000s\000i\000t\000o\000r\000y\000\040\000`\000`\000f\000r\000e\000e\000'\000'\000\040\000m\000e\000t\000h\000o\000d\000s}{chapter.7}% 71
\BOOKMARK [1][-]{section.7.6}{\376\377\000D\000e\000l\000e\000t\000i\000n\000g\000\040\000b\000y\000\040\000i\000d}{chapter.7}% 72
\BOOKMARK [1][-]{section.7.7}{\376\377\000U\000p\000d\000a\000t\000i\000n\000g\000\040\000g\000i\000v\000e\000n\000\040\000i\000d\000\040\000a\000n\000d\000\040\000n\000e\000w\000\040\000n\000a\000m\000e}{chapter.7}% 73
\BOOKMARK [1][-]{section.7.8}{\376\377\000U\000p\000d\000a\000t\000i\000n\000g\000\040\000o\000u\000r\000\040\000s\000h\000o\000w\000\040\000a\000c\000t\000i\000o\000n}{chapter.7}% 74
\BOOKMARK [1][-]{section.7.9}{\376\377\000R\000e\000d\000i\000r\000e\000c\000t\000i\000n\000g\000\040\000t\000o\000\040\000s\000h\000o\000w\000\040\000a\000f\000t\000e\000r\000\040\000c\000r\000e\000a\000t\000e\000/\000u\000p\000d\000a\000t\000e}{chapter.7}% 75
\BOOKMARK [1][-]{section.7.10}{\376\377\000G\000i\000v\000e\000n\000\040\000i\000d\000\040\000l\000e\000t\000\040\000D\000o\000c\000t\000r\000i\000n\000e\000\040\000f\000i\000n\000d\000\040\000P\000r\000o\000d\000u\000c\000t\000\040\000a\000u\000t\000o\000m\000a\000t\000i\000c\000a\000l\000l\000y\000\040\000\050\000p\000r\000o\000j\000e\000c\000t\000\040\000d\000b\0000\0003\000\051}{chapter.7}% 76
\BOOKMARK [1][-]{section.7.11}{\376\377\000C\000r\000e\000a\000t\000i\000n\000g\000\040\000t\000h\000e\000\040\000C\000R\000U\000D\000\040\000c\000o\000n\000t\000r\000o\000l\000l\000e\000r\000\040\000a\000u\000t\000o\000m\000a\000t\000i\000c\000a\000l\000l\000y\000\040\000f\000r\000o\000m\000\040\000t\000h\000e\000\040\000C\000L\000I\000\040\000\050\000p\000r\000o\000j\000e\000c\000t\000\040\000d\000b\0000\0004\000\051}{chapter.7}% 77
\BOOKMARK [0][-]{chapter.8}{\376\377\000F\000i\000x\000t\000u\000r\000e\000s\000\040\000-\000\040\000s\000e\000t\000t\000i\000n\000g\000\040\000u\000p\000\040\000a\000\040\000d\000a\000t\000a\000b\000a\000s\000e\000\040\000s\000t\000a\000t\000e\000\040}{part.2}% 78
\BOOKMARK [1][-]{section.8.1}{\376\377\000I\000n\000i\000t\000i\000a\000l\000\040\000v\000a\000l\000u\000e\000s\000\040\000f\000o\000r\000\040\000y\000o\000u\000r\000\040\000p\000r\000o\000j\000e\000c\000t\000\040\000d\000a\000t\000a\000b\000a\000s\000e\000\040\000\050\000p\000r\000o\000j\000e\000c\000t\000\040\000d\000b\0000\0005\000\051}{chapter.8}% 79
\BOOKMARK [1][-]{section.8.2}{\376\377\000F\000i\000x\000t\000u\000r\000e\000s\000\040\000S\000A\000V\000E\000\040\000Y\000O\000U\000\040\000T\000I\000M\000E\000!}{chapter.8}% 80
\BOOKMARK [1][-]{section.8.3}{\376\377\000I\000n\000s\000t\000a\000l\000l\000i\000n\000g\000\040\000a\000n\000d\000\040\000r\000e\000g\000i\000s\000t\000e\000r\000i\000n\000g\000\040\000t\000h\000e\000\040\000f\000i\000x\000t\000u\000r\000e\000s\000\040\000b\000u\000n\000d\000l\000e}{chapter.8}% 81
\BOOKMARK [2][-]{subsection.8.3.1}{\376\377\000I\000n\000s\000t\000a\000l\000l\000\040\000t\000h\000e\000\040\000b\000u\000n\000d\000l\000e}{section.8.3}% 82
\BOOKMARK [1][-]{section.8.4}{\376\377\000W\000r\000i\000t\000i\000n\000g\000\040\000t\000h\000e\000\040\000f\000i\000x\000t\000u\000r\000e\000\040\000c\000l\000a\000s\000s\000e\000s}{chapter.8}% 83
\BOOKMARK [1][-]{section.8.5}{\376\377\000L\000o\000a\000d\000i\000n\000g\000\040\000t\000h\000e\000\040\000f\000i\000x\000t\000u\000r\000e\000s}{chapter.8}% 84
\BOOKMARK [1][-]{section.8.6}{\376\377\000U\000s\000e\000r\000\040\000F\000a\000k\000e\000r\000\040\000t\000o\000\040\000g\000e\000n\000e\000r\000a\000t\000e\000\040\000p\000l\000a\000u\000s\000i\000b\000l\000e\000\040\000t\000e\000s\000t\000\040\000d\000a\000t\000a\000\040\000\050\000p\000r\000o\000j\000e\000c\000t\000\040\000d\000b\0000\0006\000\051}{chapter.8}% 85
\BOOKMARK [2][-]{subsection.8.6.1}{\376\377\000T\000h\000e\000\040\000F\000a\000k\000e\000r\000\040\000p\000r\000o\000j\000e\000c\000t\000s}{section.8.6}% 86
\BOOKMARK [0][-]{chapter.9}{\376\377\000R\000e\000l\000a\000t\000i\000n\000g\000\040\000o\000b\000j\000e\000c\000t\000\040\000i\000n\000\040\000d\000i\000f\000f\000e\000r\000e\000n\000t\000\040\000F\000i\000x\000t\000u\000r\000e\000\040\000c\000l\000a\000s\000s\000e\000s}{part.2}% 87
\BOOKMARK [1][-]{section.9.1}{\376\377\000R\000e\000m\000e\000m\000b\000e\000r\000\040\000t\000h\000i\000s\000\040\000f\000o\000r\000\040\000l\000a\000t\000e\000r}{chapter.9}% 88
\BOOKMARK [1][-]{section.9.2}{\376\377\000R\000e\000l\000a\000t\000e\000d\000\040\000o\000b\000j\000e\000c\000t\000s\000\040\000-\000\040\000o\000p\000t\000i\000o\000n\000\040\0001\000\040\000-\000\040\000d\000o\000\040\000i\000t\000\040\000a\000l\000l\000\040\000i\000n\000\040\000o\000n\000e\000\040\000F\000i\000x\000t\000u\000r\000e\000\040\000c\000l\000a\000s\000s}{chapter.9}% 89
\BOOKMARK [1][-]{section.9.3}{\376\377\000R\000e\000l\000a\000t\000e\000d\000\040\000o\000b\000j\000e\000c\000t\000s\000\040\000-\000\040\000o\000p\000t\000i\000o\000n\000\040\0002\000\040\000-\000\040\000s\000t\000o\000r\000e\000\040\000r\000e\000f\000e\000r\000e\000n\000c\000e\000s\000\040\000t\000o\000\040\000f\000i\000x\000t\000u\000r\000e\000\040\000o\000b\000j\000e\000c\000t\000s\000\040\000\050\000p\000r\000o\000j\000e\000c\000t\000\040\000d\000b\0000\0007\000\051}{chapter.9}% 90
\BOOKMARK [2][-]{subsection.9.3.1}{\376\377\000C\000a\000t\000e\000g\000o\000r\000y\000\040\000e\000n\000t\000i\000t\000y\000\040\000c\000l\000a\000s\000s}{section.9.3}% 91
\BOOKMARK [2][-]{subsection.9.3.2}{\376\377\000C\000a\000m\000p\000u\000s\000F\000i\000x\000t\000u\000r\000e\000s\000\040\000c\000l\000a\000s\000s}{section.9.3}% 92
\BOOKMARK [1][-]{section.9.4}{\376\377\000u\000p\000d\000a\000t\000i\000n\000g\000\040\000o\000u\000r\000\040\000S\000t\000u\000d\000e\000n\000t\000\040\000e\000n\000t\000i\000t\000y\000\040\000c\000l\000a\000s\000s}{chapter.9}% 93
\BOOKMARK [2][-]{subsection.9.4.1}{\376\377\000C\000r\000e\000a\000t\000e\000\040\000a\000n\000d\000\040\000r\000u\000n\000\040\000m\000i\000g\000r\000a\000t\000i\000o\000n}{section.9.4}% 94
\BOOKMARK [2][-]{subsection.9.4.2}{\376\377\000S\000t\000u\000d\000e\000n\000t\000F\000i\000x\000t\000u\000r\000e\000s\000\040\000c\000l\000a\000s\000s}{section.9.4}% 95
\BOOKMARK [1][-]{section.9.5}{\376\377\000D\000e\000p\000e\000n\000d\000e\000n\000t\000\040\000F\000i\000x\000t\000u\000r\000e\000s\000\040\000-\000\040\000o\000r\000d\000e\000r\000\040\000o\000f\000\040\000l\000o\000a\000d\000i\000n\000g\000\040\000i\000s\000\040\000i\000m\000p\000o\000r\000t\000a\000n\000t\000!}{chapter.9}% 96
\BOOKMARK [0][-]{chapter.10}{\376\377\000F\000o\000u\000n\000d\000r\000y\000\040\000F\000a\000c\000t\000o\000r\000i\000e\000s\000\040\000f\000o\000r\000\040\000p\000o\000w\000e\000r\000f\000u\000l\000\040\000f\000i\000x\000t\000u\000r\000e\000\040\000g\000e\000n\000e\000r\000a\000t\000i\000o\000n}{part.2}% 97
\BOOKMARK [1][-]{section.10.1}{\376\377\000F\000o\000u\000n\000d\000r\000y\000\040\000a\000n\000d\000\040\000F\000a\000k\000e\000r\000P\000H\000P}{chapter.10}% 98
\BOOKMARK [1][-]{section.10.2}{\376\377\000A\000d\000d\000i\000n\000g\000\040\000F\000o\000u\000n\000d\000r\000y\000\040\000t\000o\000\040\000o\000u\000r\000\040\000p\000r\000o\000j\000e\000c\000t\000\040\000\050\000p\000r\000o\000j\000e\000c\000t\000\040\000d\000b\0000\0008\000\051}{chapter.10}% 99
\BOOKMARK [1][-]{section.10.3}{\376\377\000G\000e\000n\000e\000r\000a\000t\000e\000\040\000m\000o\000r\000e\000\040\000s\000t\000u\000d\000e\000n\000t\000s\000\040\000w\000i\000t\000h\000\040\000F\000a\000k\000e\000r}{chapter.10}% 100
\BOOKMARK [1][-]{section.10.4}{\376\377\000V\000i\000e\000w\000\040\000c\000a\000m\000p\000u\000s\000\040\000f\000o\000r\000\040\000s\000t\000u\000d\000e\000n\000t\000s}{chapter.10}% 101
\BOOKMARK [1][-]{section.10.5}{\376\377\000C\000r\000e\000a\000t\000i\000n\000g\000\040\000a\000\040\000F\000o\000u\000n\000d\000r\000y\000\040\000F\000a\000c\000t\000o\000r\000y}{chapter.10}% 102
\BOOKMARK [1][-]{section.10.6}{\376\377\000M\000a\000k\000i\000n\000g\000\040\000F\000o\000u\000n\000d\000r\000y\000\040\000c\000h\000o\000o\000s\000e\000\040\000o\000n\000e\000\040\000c\000a\000m\000p\000u\000s}{chapter.10}% 103
\BOOKMARK [1][-]{section.10.7}{\376\377\000G\000e\000t\000t\000i\000n\000g\000\040\000F\000o\000u\000n\000d\000r\000y\000\040\000t\000o\000\040\000c\000h\000o\000o\000s\000e\000\040\000r\000a\000n\000d\000o\000m\000l\000y\000\040\000f\000r\000o\000m\000\040\000e\000x\000i\000s\000t\000i\000n\000g\000\040\000C\000a\000m\000p\000u\000s\000e\000s}{chapter.10}% 104
\BOOKMARK [1][-]{section.10.8}{\376\377\000R\000e\000l\000a\000t\000i\000n\000g\000\040\000m\000u\000l\000t\000i\000p\000l\000e\000\040\000F\000o\000u\000n\000d\000r\000y\000\040\000F\000a\000c\000t\000o\000r\000i\000e\000s}{chapter.10}% 105
\BOOKMARK [1][-]{section.10.9}{\376\377\000A\000\040\000s\000i\000n\000g\000l\000e\000\040\000f\000i\000x\000t\000u\000r\000e\000s\000\040\000c\000l\000a\000s\000s\000\040\000\050\000p\000r\000o\000j\000e\000c\000t\000\040\000d\000b\0000\0009\000\051}{chapter.10}% 106
\BOOKMARK [-1][-]{part.3}{\376\377\000I\000I\000I\000\040\000F\000o\000r\000m\000s\000\040\000a\000n\000d\000\040\000f\000o\000r\000m\000\040\000p\000r\000o\000c\000e\000s\000s\000i\000n\000g}{}% 107
\BOOKMARK [0][-]{chapter.11}{\376\377\000D\000I\000Y\000\040\000f\000o\000r\000m\000s}{part.3}% 108
\BOOKMARK [1][-]{section.11.1}{\376\377\000P\000r\000e\000p\000a\000r\000a\000t\000i\000o\000n}{chapter.11}% 109
\BOOKMARK [1][-]{section.11.2}{\376\377\000A\000d\000d\000i\000n\000g\000\040\000a\000\040\000f\000o\000r\000m\000\040\000f\000o\000r\000\040\000n\000e\000w\000\040\000S\000t\000u\000d\000e\000n\000t\000\040\000c\000r\000e\000a\000t\000i\000o\000n\000\040\000\050\000p\000r\000o\000j\000e\000c\000t\000\040\000f\000o\000r\000m\0000\0001\000\051}{chapter.11}% 110
\BOOKMARK [1][-]{section.11.3}{\376\377\000R\000e\000f\000a\000c\000t\000o\000r\000\040\000o\000u\000r\000\040\000c\000r\000e\000a\000t\000e\000\050\000.\000.\000.\000\051\000\040\000m\000e\000t\000h\000o\000d}{chapter.11}% 111
\BOOKMARK [1][-]{section.11.4}{\376\377\000T\000w\000i\000g\000\040\000n\000e\000w\000\040\000s\000t\000u\000d\000e\000n\000t\000\040\000f\000o\000r\000m}{chapter.11}% 112
\BOOKMARK [1][-]{section.11.5}{\376\377\000C\000o\000n\000t\000r\000o\000l\000l\000e\000r\000\040\000m\000e\000t\000h\000o\000d\000\040\000\050\000a\000n\000d\000\040\000a\000t\000t\000r\000i\000b\000u\000t\000e\000\051\000\040\000t\000o\000\040\000d\000i\000s\000p\000l\000a\000y\000\040\000n\000e\000w\000\040\000s\000t\000u\000d\000e\000n\000t\000\040\000f\000o\000r\000m}{chapter.11}% 113
\BOOKMARK [1][-]{section.11.6}{\376\377\000C\000o\000n\000t\000r\000o\000l\000l\000e\000r\000\040\000m\000e\000t\000h\000o\000d\000\040\000t\000o\000\040\000p\000r\000o\000c\000e\000s\000s\000\040\000P\000O\000S\000T\000\040\000f\000o\000r\000m\000\040\000d\000a\000t\000a}{chapter.11}% 114
\BOOKMARK [1][-]{section.11.7}{\376\377\000V\000a\000l\000i\000d\000a\000t\000i\000n\000g\000\040\000f\000o\000r\000m\000\040\000d\000a\000t\000a\000,\000\040\000a\000n\000d\000\040\000d\000i\000s\000p\000l\000a\000y\000i\000n\000g\000\040\000t\000e\000m\000p\0