\BOOKMARK [0][-]{chapter.1}{\376\377\000S\000y\000m\000f\000o\000n\000y\000\040\000e\000x\000a\000m\000p\000l\000e\000\040\000-\000\040\000L\000a\000b\000\040\000S\000h\000e\000e\000t\000\040\0001}{}% 1
\BOOKMARK [1][-]{section.1.1}{\376\377\000P\000r\000e\000p\000a\000r\000a\000t\000i\000o\000n}{chapter.1}% 2
\BOOKMARK [1][-]{section.1.2}{\376\377\000E\000n\000s\000u\000r\000e\000\040\000P\000H\000P\000\040\000i\000s\000\040\000i\000n\000s\000t\000a\000l\000l\000e\000d\000\040\000o\000n\000\040\000y\000o\000u\000r\000\040\000c\000o\000m\000p\000u\000t\000e\000r}{chapter.1}% 3
\BOOKMARK [1][-]{section.1.3}{\376\377\000E\000n\000s\000u\000r\000e\000\040\000t\000h\000e\000\040\000C\000o\000m\000p\000o\000s\000e\000r\000\040\000P\000H\000P\000\040\000c\000o\000m\000m\000a\000n\000d\000\040\000l\000i\000n\000e\000\040\000t\000o\000o\000l\000\040\000i\000s\000\040\000i\000n\000s\000t\000a\000l\000l\000e\000d\000\040\000o\000n\000\040\000y\000o\000u\000r\000\040\000c\000o\000m\000p\000u\000t\000e\000r}{chapter.1}% 4
\BOOKMARK [1][-]{section.1.4}{\376\377\000E\000n\000s\000u\000r\000e\000\040\000t\000h\000e\000\040\000G\000i\000t\000\040\000v\000e\000r\000s\000i\000o\000n\000\040\000c\000o\000n\000t\000r\000o\000l\000\040\000u\000t\000i\000l\000i\000t\000i\000e\000s\000\040\000a\000r\000e\000\040\000i\000n\000s\000t\000a\000l\000l\000e\000d}{chapter.1}% 5
\BOOKMARK [1][-]{section.1.5}{\376\377\000E\000n\000s\000u\000r\000e\000\040\000t\000h\000e\000\040\000s\000y\000m\000f\000o\000n\000y\000\040\000c\000o\000m\000m\000a\000n\000d\000\040\000l\000i\000n\000e\000\040\000t\000o\000o\000l\000\040\000i\000s\000\040\000i\000n\000s\000t\000a\000l\000l\000e\000d\000\040\000o\000n\000\040\000y\000o\000u\000r\000\040\000c\000o\000m\000p\000u\000t\000e\000r}{chapter.1}% 6
\BOOKMARK [1][-]{section.1.6}{\376\377\000E\000n\000s\000u\000r\000e\000\040\000t\000h\000e\000\040\000M\000y\000S\000Q\000L\000\040\000a\000n\000d\000\040\000S\000Q\000L\000i\000t\000e\000\040\000P\000H\000P\000\040\000d\000a\000t\000a\000b\000a\000s\000e\000\040\000e\000x\000t\000e\000n\000s\000i\000o\000n\000s\000\040\000a\000r\000e\000\040\000e\000n\000a\000b\000l\000e\000d\000\040\000\050\000n\000e\000e\000d\000e\000d\000\040\000f\000o\000r\000\040\000W\000i\000n\000d\000o\000w\000s\000\051}{chapter.1}% 7
\BOOKMARK [1][-]{section.1.7}{\376\377\000O\000p\000e\000n\000\040\000t\000h\000e\000\040\000P\000H\000P\000S\000t\000o\000r\000m\000\040\000c\000o\000d\000e\000\040\000e\000d\000i\000t\000o\000r}{chapter.1}% 8
\BOOKMARK [1][-]{section.1.8}{\376\377\000D\000o\000w\000n\000l\000o\000a\000d\000\040\000p\000r\000o\000j\000e\000c\000t\000\040\000t\000e\000m\000p\000l\000a\000t\000e\000\040\000a\000n\000d\000\040\000o\000p\000e\000n\000\040\000i\000n\000\040\000a\000\040\000c\000o\000d\000e\000\040\000e\000d\000i\000t\000o\000r}{chapter.1}% 9
\BOOKMARK [1][-]{section.1.9}{\376\377\000R\000u\000n\000\040\000t\000h\000e\000\040\000S\000y\000m\000f\000o\000n\000y\000\040\000w\000e\000b\000\040\000s\000e\000v\000e\000r}{chapter.1}% 10
\BOOKMARK [1][-]{section.1.10}{\376\377\000V\000i\000s\000i\000t\000\040\000t\000h\000e\000\040\000h\000o\000m\000e\000\040\000p\000a\000g\000e\000\040\000l\000o\000c\000a\000l\000h\000o\000s\000t\000:\0008\0000\0000\0000}{chapter.1}% 11
\BOOKMARK [1][-]{section.1.11}{\376\377\000T\000e\000s\000t\000\040\000s\000y\000s\000t\000e\000m\000\040\000S\000y\000m\000f\000o\000n\000y\000\040\000r\000e\000q\000u\000i\000r\000e\000m\000e\000n\000t\000s}{chapter.1}% 12
\BOOKMARK [0][-]{chapter.2}{\376\377\000C\000o\000n\000n\000e\000c\000t\000\040\000t\000o\000\040\000a\000n\000d\000\040\000c\000r\000e\000a\000t\000e\000\040\000o\000u\000r\000\040\000M\000y\000S\000Q\000L\000\040\000d\000a\000t\000a\000b\000a\000s\000e}{}% 13
\BOOKMARK [1][-]{section.2.1}{\376\377\000T\000h\000e\000\040\0002\0000\0001\0009\000\040\000P\000H\000P\000-\000M\000y\000S\000Q\000L\000\040\000i\000s\000s\000u\000e}{chapter.2}% 14
\BOOKMARK [1][-]{section.2.2}{\376\377\000E\000n\000s\000u\000r\000e\000\040\000t\000h\000e\000\040\000/\000m\000i\000g\000r\000a\000t\000i\000o\000n\000s\000\040\000f\000o\000l\000d\000e\000r\000\040\000i\000s\000\040\000e\000m\000p\000t\000y}{chapter.2}% 15
\BOOKMARK [1][-]{section.2.3}{\376\377\000M\000i\000g\000r\000a\000t\000i\000n\000g\000\040\000c\000o\000d\000e\000\040\000E\000n\000t\000i\000t\000i\000e\000s\000\040\000t\000o\000\040\000D\000B\000\040\000t\000a\000b\000l\000e\000s}{chapter.2}% 16
\BOOKMARK [1][-]{section.2.4}{\376\377\000L\000o\000a\000d\000i\000n\000g\000\040\000i\000n\000i\000t\000i\000a\000l\000\040\000d\000a\000t\000a\000\040\000i\000n\000t\000o\000\040\000t\000h\000e\000\040\000D\000a\000t\000a\000b\000a\000s\000e}{chapter.2}% 17
\BOOKMARK [1][-]{section.2.5}{\376\377\000S\000O\000L\000V\000I\000N\000G\000\040\000C\000O\000M\000M\000O\000N\000\040\000P\000R\000O\000B\000L\000E\000M\000S\000:\000\040\000E\000r\000r\000o\000r\000\050\000s\000\051\000\040\000w\000h\000e\000n\000\040\000e\000x\000e\000c\000u\000t\000i\000n\000g\000\040\000M\000I\000G\000R\000A\000T\000I\000O\000N\000S\000\040\000\050\000t\000a\000b\000l\000e\000\040\000a\000l\000r\000e\000a\000d\000y\000\040\000e\000x\000i\000s\000t\000s\000\040\000e\000t\000c\000.\000\051}{chapter.2}% 18
\BOOKMARK [0][-]{chapter.3}{\376\377\000E\000x\000p\000l\000o\000r\000e\000\040\000e\000x\000i\000s\000t\000i\000n\000g\000\040\000p\000h\000o\000n\000e\000/\000m\000a\000k\000e\000\040\000C\000R\000U\000D\000\040\000p\000a\000g\000e\000s}{}% 19
\BOOKMARK [1][-]{section.3.1}{\376\377\000E\000x\000p\000l\000o\000r\000e\000\040\000t\000h\000e\000\040\000C\000R\000U\000D\000\040\000a\000n\000d\000\040\000r\000e\000l\000a\000t\000e\000d\000\040\000o\000b\000j\000e\000c\000t\000s}{chapter.3}% 20
\BOOKMARK [1][-]{section.3.2}{\376\377\000A\000d\000d\000\040\000m\000a\000k\000e\000\040\000t\000o\000\040\000e\000n\000d\000\040\000o\000f\000\040\000U\000R\000L\000\040\000f\000o\000r\000\040\000p\000h\000o\000n\000e\000\040\000m\000a\000k\000e\000\040\000a\000d\000m\000i\000n\000\040\000p\000a\000g\000e\000s}{chapter.3}% 21
\BOOKMARK [1][-]{section.3.3}{\376\377\000B\000r\000o\000w\000s\000e\000\040\000t\000h\000e\000\040\000P\000h\000o\000n\000e\000\040\000r\000e\000c\000o\000r\000d\000s}{chapter.3}% 22
\BOOKMARK [1][-]{section.3.4}{\376\377\000M\000a\000n\000y\000\040\000P\000h\000o\000n\000e\000s\000\040\000t\000o\000\040\000O\000n\000e\000\040\000M\000o\000d\000e\000l}{chapter.3}% 23
\BOOKMARK [0][-]{chapter.4}{\376\377\000C\000r\000e\000a\000t\000e\000\040\000y\000o\000u\000r\000\040\000o\000w\000n\000\040\000C\000R\000U\000D\000\040\000f\000o\000r\000\040\000a\000\040\000S\000t\000u\000d\000e\000n\000t\000\040\000e\000n\000t\000i\000t\000y\000\040\000c\000l\000a\000s\000s}{}% 24
\BOOKMARK [1][-]{section.4.1}{\376\377\000C\000r\000e\000a\000t\000e\000\040\000S\000t\000u\000d\000e\000n\000t\000\040\000c\000l\000a\000s\000s}{chapter.4}% 25
\BOOKMARK [1][-]{section.4.2}{\376\377\000T\000a\000k\000e\000\040\000a\000\040\000l\000o\000o\000k\000\040\000a\000t\000\040\000t\000h\000e\000\040\000c\000r\000e\000a\000t\000e\000d\000\040\000e\000n\000t\000i\000t\000y\000\040\000c\000l\000a\000s\000s}{chapter.4}% 26
\BOOKMARK [1][-]{section.4.3}{\376\377\000M\000a\000k\000e\000\040\000`\000m\000i\000g\000r\000a\000t\000i\000o\000n\000'\000\040\000S\000Q\000L\000\040\000t\000o\000\040\000c\000r\000e\000a\000t\000e\000\040\000d\000a\000t\000a\000b\000a\000s\000e\000\040\000t\000o\000\040\000c\000o\000r\000r\000e\000s\000p\000o\000n\000d\000\040\000t\000o\000\040\000o\000u\000r\000\040\000e\000n\000t\000i\000t\000y\000\040\000c\000l\000a\000s\000s}{chapter.4}% 27
\BOOKMARK [1][-]{section.4.4}{\376\377\000E\000x\000e\000c\000u\000t\000e\000\040\000o\000u\000r\000\040\000`\000m\000i\000g\000r\000a\000t\000i\000o\000n\000'\000\040\000S\000Q\000L\000\040\000t\000o\000\040\000c\000r\000e\000a\000t\000e\000/\000u\000p\000d\000a\000t\000e\000\040\000d\000a\000t\000a\000b\000a\000s\000e}{chapter.4}% 28
\BOOKMARK [1][-]{section.4.5}{\376\377\000G\000e\000n\000e\000r\000a\000t\000e\000\040\000t\000h\000e\000\040\000C\000R\000U\000D\000\040\000w\000e\000b\000\040\000f\000o\000r\000m\000\040\000f\000o\000r\000\040\000c\000l\000a\000s\000s\000\040\000S\000t\000u\000d\000e\000n\000t}{chapter.4}% 29
\BOOKMARK [1][-]{section.4.6}{\376\377\000V\000i\000s\000i\000t\000\040\000o\000u\000r\000\040\000g\000e\000n\000e\000r\000a\000t\000e\000d\000\040\000S\000t\000u\000d\000e\000n\000t\000\040\000c\000r\000u\000d\000\040\000p\000a\000g\000e\000s\000\040\000a\000t\000\040\000/\000s\000t\000u\000d\000e\000n\000t}{chapter.4}% 30
\BOOKMARK [1][-]{section.4.7}{\376\377\000D\000a\000t\000a\000b\000a\000s\000e\000s\000\040\000a\000r\000e\000\040\000p\000e\000r\000s\000i\000s\000t\000e\000n\000t}{chapter.4}% 31
\BOOKMARK [0][-]{chapter.5}{\376\377\000A\000d\000d\000i\000n\000g\000\040\000a\000\040\000c\000a\000m\000p\000u\000s\000\040\000e\000n\000t\000i\000t\000y\000\040\000a\000n\000d\000\040\000r\000e\000l\000a\000t\000i\000n\000g\000\040\000i\000t\000\040\000t\000o\000\040\000S\000t\000u\000d\000e\000n\000t}{}% 32
\BOOKMARK [1][-]{section.5.1}{\376\377\000C\000r\000e\000a\000t\000e\000\040\000a\000\040\000n\000e\000w\000\040\000c\000l\000a\000s\000s\000:\000\040\000C\000a\000m\000p\000u\000s}{chapter.5}% 33
\BOOKMARK [1][-]{section.5.2}{\376\377\000A\000d\000d\000\040\000\137\000\137\000t\000o\000S\000t\000r\000i\000n\000g\000\050\000\051\000\040\000m\000e\000t\000h\000o\000d\000\040\000t\000o\000\040\000C\000a\000m\000p\000u\000s\000\040\000e\000n\000t\000i\000t\000y\000\040\000c\000l\000a\000s\000s}{chapter.5}% 34
\BOOKMARK [1][-]{section.5.3}{\376\377\000G\000e\000n\000e\000r\000a\000t\000e\000\040\000C\000R\000U\000D\000\040\000f\000o\000r\000\040\000t\000h\000i\000s\000\040\000C\000a\000m\000p\000u\000s\000\040\000c\000l\000a\000s\000s}{chapter.5}% 35
\BOOKMARK [1][-]{section.5.4}{\376\377\000R\000e\000l\000a\000t\000e\000\040\000e\000a\000c\000h\000\040\000S\000t\000u\000d\000e\000n\000t\000\040\000t\000o\000\040\000o\000n\000e\000\040\000C\000a\000m\000p\000u\000s}{chapter.5}% 36
\BOOKMARK [1][-]{section.5.5}{\376\377\000U\000p\000d\000a\000t\000e\000\040\000D\000a\000t\000a\000b\000a\000s\000e\000\040\000S\000t\000r\000u\000c\000t\000u\000r\000e\000\040\000\050\000s\000i\000n\000c\000e\000\040\000w\000e\000\040\000c\000h\000a\000n\000g\000e\000d\000\040\000o\000u\000r\000\040\000c\000l\000a\000s\000s\000e\000s\000\051}{chapter.5}% 37
\BOOKMARK [1][-]{section.5.6}{\376\377\000D\000e\000l\000e\000t\000e\000\040\000o\000l\000d\000\040\000C\000R\000U\000D\000\040\000a\000n\000d\000\040\000g\000e\000n\000e\000r\000a\000t\000e\000\040\000n\000e\000w\000\040\000C\000R\000U\000D\000\040\000f\000o\000r\000\040\000b\000o\000t\000h\000\040\000c\000l\000a\000s\000s\000e\000s}{chapter.5}% 38
\BOOKMARK [1][-]{section.5.7}{\376\377\000R\000u\000n\000\040\000s\000e\000r\000v\000e\000r\000\040\000a\000d\000d\000\040\000s\000o\000m\000e\000\040\000r\000e\000l\000a\000t\000e\000d\000\040\000r\000e\000c\000o\000r\000d\000s\000:}{chapter.5}% 39
\BOOKMARK [0][-]{chapter.6}{\376\377\000C\000u\000s\000t\000o\000m\000i\000s\000i\000n\000g\000\040\000t\000h\000e\000\040\000T\000w\000i\000g\000\040\000t\000e\000m\000p\000l\000a\000t\000e\000s}{}% 40
\BOOKMARK [1][-]{section.6.1}{\376\377\000L\000e\000t\000'\000s\000\040\000a\000d\000d\000\040\000a\000\040\000n\000e\000w\000\040\000C\000a\000m\000p\000u\000s\000\040\000c\000o\000l\000u\000m\000n\000\040\000t\000o\000\040\000o\000u\000r\000\040\000l\000i\000s\000t\000\040\000o\000f\000\040\000s\000t\000u\000d\000e\000n\000t\000s}{chapter.6}% 41
\BOOKMARK [1][-]{section.6.2}{\376\377\000T\000u\000r\000n\000\040\000t\000h\000e\000\040\000C\000a\000m\000p\000u\000s\000\040\000n\000a\000m\000e\000\040\000i\000n\000t\000o\000\040\000a\000\040\000L\000I\000N\000K\000\040\000t\000o\000\040\000t\000h\000e\000\040\000r\000e\000l\000a\000t\000e\000d\000\040\000C\000a\000m\000p\000u\000s\000\040\000o\000b\000j\000e\000c\000t}{chapter.6}% 42
\BOOKMARK [0][-]{chapter.7}{\376\377\000A\000d\000d\000\040\000s\000o\000m\000e\000\040\000l\000o\000g\000i\000n\000\040\000s\000e\000c\000u\000r\000i\000t\000y}{}% 43
\BOOKMARK [1][-]{section.7.1}{\376\377\000V\000i\000s\000i\000t\000\040\000t\000h\000e\000\040\000u\000s\000e\000r\000\040\000a\000