\BOOKMARK [0][-]{chapter*.1}{\376\377\000A\000c\000k\000n\000o\000w\000l\000e\000d\000g\000e\000m\000e\000n\000t\000s}{}% 1
\BOOKMARK [-1][-]{part.1}{\376\377\000I\000\040\000I\000n\000t\000r\000o\000d\000u\000c\000t\000i\000o\000n\000\040\000t\000o\000\040\000S\000y\000m\000f\000o\000n\000y}{}% 2
\BOOKMARK [0][-]{chapter.1}{\376\377\000I\000n\000t\000r\000o\000d\000u\000c\000t\000i\000o\000n}{part.1}% 3
\BOOKMARK [1][-]{section.1.1}{\376\377\000W\000h\000a\000t\000\040\000i\000s\000\040\000S\000y\000m\000f\000o\000n\000y\000\040\0005\000?}{chapter.1}% 4
\BOOKMARK [1][-]{section.1.2}{\376\377\000W\000h\000a\000t\000\040\000t\000o\000\040\000I\000\040\000n\000e\000e\000d\000\040\000o\000n\000\040\000m\000y\000\040\000c\000o\000m\000p\000u\000t\000e\000r\000\040\000t\000o\000\040\000g\000e\000t\000\040\000s\000t\000a\000r\000t\000e\000d\000?}{chapter.1}% 5
\BOOKMARK [1][-]{section.1.3}{\376\377\000C\000h\000e\000c\000k\000\040\000s\000y\000s\000s\000t\000e\000m\000\040\000r\000e\000q\000u\000i\000r\000e\000m\000n\000e\000t\000s}{chapter.1}% 6
\BOOKMARK [1][-]{section.1.4}{\376\377\000H\000o\000w\000\040\000t\000o\000\040\000I\000\040\000g\000e\000t\000\040\000s\000t\000a\000r\000t\000e\000d\000\040\000w\000i\000t\000h\000\040\000a\000\040\000n\000e\000w\000\040\000S\000y\000m\000f\000o\000n\000y\000\040\000p\000r\000o\000j\000e\000c\000t}{chapter.1}% 7
\BOOKMARK [1][-]{section.1.5}{\376\377\000W\000h\000e\000r\000e\000\040\000a\000r\000e\000\040\000t\000h\000e\000\040\000p\000r\000o\000j\000e\000c\000t\000s\000\040\000a\000c\000c\000o\000m\000p\000a\000n\000y\000i\000n\000g\000\040\000t\000h\000i\000s\000\040\000b\000o\000o\000k\000?}{chapter.1}% 8
\BOOKMARK [1][-]{section.1.6}{\376\377\000H\000o\000w\000\040\000t\000o\000\040\000I\000\040\000r\000u\000n\000\040\000a\000\040\000S\000y\000m\000f\000o\000n\000y\000\040\000w\000e\000b\000a\000p\000p\000?}{chapter.1}% 9
\BOOKMARK [2][-]{subsection.1.6.1}{\376\377\000F\000r\000o\000m\000\040\000t\000h\000e\000\040\000C\000L\000I}{section.1.6}% 10
\BOOKMARK [2][-]{subsection.1.6.2}{\376\377\000F\000r\000o\000m\000\040\000a\000\040\000W\000e\000b\000s\000e\000r\000v\000e\000r\000\040\000a\000p\000p\000l\000i\000c\000a\000t\000i\000o\000n\000\040\000\050\000l\000i\000k\000e\000\040\000A\000p\000a\000c\000h\000e\000\040\000o\000r\000\040\000X\000A\000M\000P\000P\000\051}{section.1.6}% 11
\BOOKMARK [1][-]{section.1.7}{\376\377\000I\000t\000\040\000i\000s\000n\000'\000t\000\040\000w\000o\000r\000k\000i\000n\000g\000!\000\040\000\050\000P\000r\000o\000b\000l\000e\000m\000\040\000S\000o\000l\000v\000i\000n\000g\000\051}{chapter.1}% 12
\BOOKMARK [1][-]{section.1.8}{\376\377\000C\000a\000n\000\040\000I\000\040\000s\000e\000e\000\040\000a\000\040\000d\000e\000m\000o\000\040\000p\000r\000o\000j\000e\000c\000t\000\040\000w\000i\000t\000h\000\040\000l\000o\000t\000s\000\040\000o\000f\000\040\000S\000y\000m\000f\000o\000n\000y\000\040\000f\000e\000a\000t\000u\000r\000e\000s\000?}{chapter.1}% 13
\BOOKMARK [1][-]{section.1.9}{\376\377\000A\000n\000y\000\040\000f\000r\000e\000e\000\040\000v\000i\000d\000e\000o\000s\000\040\000a\000b\000o\000u\000t\000\040\000S\000F\000\040\000t\000o\000\040\000g\000e\000t\000\040\000m\000e\000\040\000g\000o\000i\000n\000g\000?}{chapter.1}% 14
\BOOKMARK [0][-]{chapter.2}{\376\377\000F\000i\000r\000s\000t\000\040\000s\000t\000e\000p\000s}{part.1}% 15
\BOOKMARK [1][-]{section.2.1}{\376\377\000W\000h\000a\000t\000\040\000w\000e\000'\000l\000l\000\040\000m\000a\000k\000e\000\040\000\050\000b\000a\000s\000i\000c\0000\0001\000\051}{chapter.2}% 16
\BOOKMARK [1][-]{section.2.2}{\376\377\000C\000r\000e\000a\000t\000e\000\040\000a\000\040\000n\000e\000w\000\040\000S\000y\000m\000f\000o\000n\000y\000\040\000p\000r\000o\000j\000e\000c\000t}{chapter.2}% 17
\BOOKMARK [1][-]{section.2.3}{\376\377\000L\000i\000s\000t\000\040\000t\000h\000e\000\040\000r\000o\000u\000t\000e\000s}{chapter.2}% 18
\BOOKMARK [1][-]{section.2.4}{\376\377\000C\000r\000e\000a\000t\000e\000\040\000a\000\040\000c\000o\000n\000t\000r\000o\000l\000l\000e\000r}{chapter.2}% 19
\BOOKMARK [1][-]{section.2.5}{\376\377\000R\000u\000n\000\040\000w\000e\000b\000\040\000s\000e\000r\000v\000e\000r\000\040\000t\000o\000\040\000v\000i\000s\000i\000t\000\040\000n\000e\000w\000\040\000d\000e\000f\000a\000u\000l\000t\000\040\000r\000o\000u\000t\000e}{chapter.2}% 20
\BOOKMARK [1][-]{section.2.6}{\376\377\000O\000t\000h\000e\000r\000\040\000t\000y\000p\000e\000s\000\040\000o\000f\000\040\000R\000e\000s\000p\000o\000n\000s\000e\000\040\000c\000o\000n\000t\000e\000n\000t}{chapter.2}% 21
\BOOKMARK [1][-]{section.2.7}{\376\377\000T\000h\000e\000\040\000d\000e\000f\000a\000u\000l\000t\000\040\000T\000w\000i\000g\000\040\000p\000a\000g\000e}{chapter.2}% 22
\BOOKMARK [0][-]{chapter.3}{\376\377\000T\000w\000i\000g\000\040\000t\000e\000m\000p\000l\000a\000t\000i\000n\000g}{part.1}% 23
\BOOKMARK [1][-]{section.3.1}{\376\377\000C\000u\000s\000t\000o\000m\000i\000z\000i\000n\000g\000\040\000t\000h\000e\000\040\000T\000w\000i\000g\000\040\000o\000u\000t\000p\000u\000t\000\040\000\050\000b\000a\000s\000i\000c\0000\0002\000\051}{chapter.3}% 24
\BOOKMARK [1][-]{section.3.2}{\376\377\000S\000p\000e\000c\000i\000f\000i\000c\000\040\000U\000R\000L\000\040\000p\000a\000t\000h\000\040\000a\000n\000d\000\040\000i\000n\000t\000e\000r\000n\000a\000l\000\040\000n\000a\000m\000e\000\040\000f\000o\000r\000\040\000o\000u\000r\000\040\000d\000e\000f\000a\000u\000l\000t\000\040\000r\000o\000u\000t\000e\000\040\000m\000e\000t\000h\000o\000d}{chapter.3}% 25
\BOOKMARK [1][-]{section.3.3}{\376\377\000C\000l\000e\000a\000r\000i\000n\000g\000\040\000t\000h\000e\000\040\000c\000a\000c\000h\000e}{chapter.3}% 26
\BOOKMARK [1][-]{section.3.4}{\376\377\000L\000e\000t\000'\000s\000\040\000c\000r\000e\000a\000t\000e\000\040\000a\000\040\000n\000i\000c\000e\000\040\000T\000w\000i\000g\000\040\000h\000o\000m\000e\000\040\000p\000a\000g\000e}{chapter.3}% 27
\BOOKMARK [0][-]{chapter.4}{\376\377\000C\000r\000e\000a\000t\000i\000n\000g\000\040\000o\000u\000r\000\040\000o\000w\000n\000\040\000c\000l\000a\000s\000s\000e\000s}{part.1}% 28
\BOOKMARK [1][-]{section.4.1}{\376\377\000G\000o\000a\000l\000s}{chapter.4}% 29
\BOOKMARK [1][-]{section.4.2}{\376\377\000L\000e\000t\000'\000s\000\040\000c\000r\000e\000a\000t\000e\000\040\000a\000n\000\040\000E\000n\000t\000i\000t\000y\000\040\000S\000t\000u\000d\000e\000n\000t\000\040\000\050\000b\000a\000s\000i\000c\0000\0003\000\051}{chapter.4}% 30
\BOOKMARK [1][-]{section.4.3}{\376\377\000C\000r\000e\000a\000t\000e\000\040\000a\000\040\000S\000t\000u\000d\000e\000n\000t\000C\000o\000n\000t\000r\000o\000l\000l\000e\000r\000\040\000c\000l\000a\000s\000s}{chapter.4}% 31
\BOOKMARK [1][-]{section.4.4}{\376\377\000T\000h\000e\000\040\000s\000h\000o\000w\000\040\000s\000t\000u\000d\000e\000n\000t\000\040\000t\000e\000m\000p\000l\000a\000t\000e\000\040\000/\000t\000e\000m\000p\000l\000a\000t\000e\000s\000/\000s\000t\000u\000d\000e\000n\000t\000/\000s\000h\000o\000w\000.\000h\000t\000m\000l\000.\000t\000w\000i\000g}{chapter.4}% 32
\BOOKMARK [1][-]{section.4.5}{\376\377\000T\000w\000i\000g\000\040\000d\000e\000b\000u\000g\000\040\000d\000u\000m\000p\000\050\000.\000.\000.\000\051\000\040\000f\000u\000n\000c\000t\000i\000o\000n}{chapter.4}% 33
\BOOKMARK [1][-]{section.4.6}{\376\377\000C\000r\000e\000a\000t\000i\000n\000g\000\040\000a\000n\000\040\000E\000n\000t\000i\000t\000y\000\040\000R\000e\000p\000o\000s\000i\000t\000o\000r\000y\000\040\000\050\000b\000a\000s\000i\000c\0000\0004\000\051}{chapter.4}% 34
\BOOKMARK [1][-]{section.4.7}{\376\377\000T\000h\000e\000\040\000s\000t\000u\000d\000e\000n\000t\000\040\000l\000i\000s\000t\000\040\000c\000o\000n\000t\000r\000o\000l\000l\000e\000r\000\040\000m\000e\000t\000h\000o\000d}{chapter.4}% 35
\BOOKMARK [1][-]{section.4.8}{\376\377\000T\000h\000e\000\040\000l\000i\000s\000t\000\040\000s\000t\000u\000d\000e\000n\000t\000\040\000t\000e\000m\000p\000l\000a\000t\000e\000\040\000/\000t\000e\000m\000p\000l\000a\000t\000e\000s\000/\000s\000t\000u\000d\000e\000n\000t\000/\000l\000i\000s\000t\000.\000h\000t\000m\000l\000.\000t\000w\000i\000g}{chapter.4}% 36
\BOOKMARK [1][-]{section.4.9}{\376\377\000R\000e\000f\000a\000c\000t\000o\000r\000\040\000s\000h\000o\000w\000\040\000a\000c\000t\000i\000o\000n\000\040\000t\000o\000\040\000s\000h\000o\000w\000\040\000d\000e\000t\000a\000i\000l\000s\000\040\000o\000f\000\040\000o\000n\000e\000\040\000S\000t\000u\000d\000e\000n\000t\000\040\000o\000b\000j\000e\000c\000t\000\040\000\050\000p\000r\000o\000j\000e\000c\000t\000\040\000b\000a\000s\000i\000c\0000\0005\000\051}{chapter.4}% 37
\BOOKMARK [1][-]{section.4.10}{\376\377\000A\000d\000d\000i\000n\000g\000\040\000a\000\040\000f\000i\000n\000d\000\050\000\044\000i\000d\000\051\000\040\000m\000e\000t\000h\000o\000d\000\040\000t\000o\000\040\000t\000h\000e\000\040\000s\000t\000u\000d\000e\000n\000t\000\040\000r\000e\000p\000o\000s\000i\000t\000o\000r\000y}{chapter.4}% 38
\BOOKMARK [1][-]{section.4.11}{\376\377\000M\000a\000k\000e\000\040\000e\000a\000c\000h\000\040\000i\000t\000e\000m\000\040\000i\000n\000\040\000l\000i\000s\000t\000\040\000a\000\040\000l\000i\000n\000k\000\040\000t\000o\000\040\000s\000h\000o\000w}{chapter.4}% 39
\BOOKMARK [1][-]{section.4.12}{\376\377\000D\000e\000a\000l\000i\000n\000g\000\040\000w\000i\000t\000h\000\040\000n\000o\000t\000-\000f\000o\000u\000n\000d\000\040\000i\000s\000s\000u\000e\000s\000\040\000\050\000p\000r\000o\000j\000e\000c\000t\000\040\000b\000a\000s\000i\000c\0000\0006\000\051}{chapter.4}% 40
\BOOKMARK [-1][-]{part.2}{\376\377\000I\000I\000\040\000S\000y\000m\000f\000o\000n\000y\000\040\000a\000n\000d\000\040\000D\000a\000t\000a\000b\000a\000s\000e\000s}{}% 41
\BOOKMARK [0][-]{chapter.5}{\376\377\000D\000o\000c\000t\000r\000i\000n\000e\000\040\000t\000h\000e\000\040\000O\000R\000M}{part.2}% 42
\BOOKMARK [1][-]{section.5.1}{\376\377\000W\000h\000a\000t\000\040\000i\000s\000\040\000a\000n\000\040\000O\000R\000M\000?}{chapter.5}% 43
\BOOKMARK [1][-]{section.5.2}{\376\377\000S\000e\000t\000t\000i\000n\000g\000\040\000t\000h\000e\000\040\000d\000a\000t\000a\000b\000a\000s\000e\000\040\000c\000o\000n\000n\000e\000c\000t\000i\000o\000n\000\040\000U\000R\000L\000\040\000f\000o\000r\000\040\000M\000y\000S\000Q\000L}{chapter.5}% 44
\BOOKMARK [1][-]{section.5.3}{\376\377\000S\000e\000t\000t\000i\000n\000g\000\040\000t\000h\000e\000\040\000d\000a\000t\000a\000b\000a\000s\000e\000\040\000c\000o\000n\000n\000e\000c\000t\000i\000o\000n\000\040\000U\000R\000L\000\040\000f\000o\000r\000\040\000S\000Q\000L\000i\000t\000e}{chapter.5}% 45
\BOOKMARK [1][-]{section.5.4}{\376\377\000Q\000u\000i\000c\000k\000\040\000s\000t\000a\000r\000t}{chapter.5}% 46
\BOOKMARK [1][-]{section.5.5}{\376\377\000M\000a\000k\000e\000\040\000y\000o\000u\000r\000\040\000d\000a\000t\000a\000b\000a\000s\000e}{chapter.5}% 47
\BOOKMARK [0][-]{chapter.6}{\376\377\000W\000o\000r\000k\000i\000n\000g\000\040\000w\000i\000t\000h\000\040\000E\000n\000t\000i\000t\000y\000\040\000c\000l\000a\000s\000s\000e\000s}{part.2}% 48
\BOOKMARK [1][-]{section.6.1}{\376\377\000A\000\040\000S\000t\000u\000d\000e\000n\000t\000\040\000D\000B\000-\000e\000n\000t\000i\000t\000y\000\040\000c\000l\000a\000s\000s\000\040\000\050\000p\000r\000o\000j\000e\000c\000t\000\040\000d\000b\0000\0001\000\051}{chapter.6}% 49
\BOOKMARK [1][-]{section.6.2}{\376\377\000U\000s\000i\000n\000g\000\040\000a\000n\000n\000o\000t\000a\000t\000i\000o\000n\000\040\000c\000o\000m\000m\000e\000n\000t\000s\000\040\000t\000o\000\040\000d\000e\000c\000l\000a\000r\000e\000\040\000D\000B\000\040\000m\000a\000p\000p\000i\000n\000g\000s}{chapter.6}% 50
\BOOKMARK [1][-]{section.6.3}{\376\377\000D\000e\000c\000l\000a\000r\000i\000n\000g\000\040\000t\000y\000p\000e\000s\000\040\000f\000o\000r\000\040\000f\000i\000e\000l\000d\000s}{chapter.6}% 51
\BOOKMARK [1][-]{section.6.4}{\376\377\000V\000a\000l\000i\000d\000a\000t\000e\000\040\000o\000u\000r\000\040\000a\000n\000n\000o\000t\000a\000t\000i\000o\000n\000s}{chapter.6}% 52
\BOOKMARK [1][-]{section.6.5}{\376\377\000T\000h\000e\000\040\000S\000t\000u\000d\000e\000n\000R\000e\000p\000o\000s\000i\000t\000o\000r\000y\000\040\000c\000l\000a\000s\000s\000\040\000\050\000/\000s\000r\000c\000/\000R\000e\000p\000o\000s\000i\000t\000o\000r\000y\000/\000S\000t\000u\000d\000e\000n\000t\000R\000e\000p\000o\000s\000i\000t\000o\000r\000y\000\051}{chapter.6}% 53
\BOOKMARK [1][-]{section.6.6}{\376\377\000C\000r\000e\000a\000t\000e\000\040\000a\000\040\000m\000i\000g\000r\000a\000t\000i\000o\000n\000\040\000\050\000a\000\040\000m\000i\000g\000r\000a\000t\000i\000o\000n\000\040\000d\000i\000f\000f\000\040\000f\000i\000l\000e\000\051}{chapter.6}% 54
\BOOKMARK [1][-]{section.6.7}{\376\377\000R\000u\000n\000\040\000t\000h\000e\000\040\000m\000i\000g\000r\000a\000t\000i\000o\000n\000\040\000t\000o\000\040\000m\000a\000k\000e\000\040\000t\000h\000e\000\040\000d\000a\000t\000a\000b\000a\000s\000e\000\040\000s\000t\000r\000u\000c\000t\000u\000r\000e\000\040\000m\000a\000t\000c\000h\000\040\000t\000h\000e\000\040\000e\000n\000t\000i\000t\000y\000\040\000c\000l\000a\000s\000s\000\040\000d\000e\000c\000l\000a\000r\000a\000t\000i\000o\000n\000s}{chapter.6}% 55
\BOOKMARK [1][-]{section.6.8}{\376\377\000R\000e\000-\000v\000a\000l\000i\000d\000i\000a\000t\000e\000\040\000o\000u\000r\000\040\000a\000n\000n\000o\000t\000a\000t\000i\000o\000n\000s}{chapter.6}% 56
\BOOKMARK [1][-]{section.6.9}{\376\377\000G\000e\000n\000e\000r\000a\000t\000i\000n\000g\000\040\000e\000n\000t\000i\000t\000i\000e\000s\000\040\000f\000r\000o\000m\000\040\000a\000n\000\040\000e\000x\000i\000s\000t\000i\000n\000g\000\040\000d\000a\000t\000a\000b\000a\000s\000e}{chapter.6}% 57
\BOOKMARK [1][-]{section.6.10}{\376\377\000N\000o\000t\000e\000\040\000-\000\040\000u\000s\000e\000\040\000m\000a\000k\000e\000r\000\040\000t\000o\000\040\000s\000a\000v\000e\000\040\000t\000i\000m\000e\000\040\000\050\000p\000r\000o\000j\000e\000c\000t\000\040\000d\000b\0000\0002\000\051}{chapter.6}% 58
\BOOKMARK [1][-]{section.6.11}{\376\377\000U\000s\000e\000\040\000m\000a\000k\000e\000r\000\040\000t\000o\000\040\000c\000r\000e\000a\000t\000e\000\040\000p\000r\000o\000p\000e\000r\000t\000i\000e\000s\000,\000\040\000a\000n\000n\000o\000t\000a\000t\000i\000o\000n\000s\000\040\000a\000n\000d\000\040\000a\000c\000c\000e\000s\000s\000o\000r\000\040\000m\000e\000t\000h\000o\000d\000s\000!}{chapter.6}% 59
\BOOKMARK [0][-]{chapter.7}{\376\377\000S\000y\000m\000f\000o\000n\000y\000\040\000a\000p\000p\000r\000o\000a\000c\000h\000\040\000t\000o\000\040\000d\000a\000t\000a\000b\000a\000s\000e\000\040\000C\000R\000U\000D}{part.2}% 60
\BOOKMARK [1][-]{section.7.1}{\376\377\000C\000r\000e\000a\000t\000i\000n\000g\000\040\000n\000e\000w\000\040\000s\000t\000u\000d\000e\000n\000t\000\040\000r\000e\000c\000o\000r\000d\000s\000\040\000\050\000p\000r\000o\000j\000e\000c\000t\000\040\000d\000b\0000\0002\000\051}{chapter.7}% 61
\BOOKMARK [1][-]{section.7.2}{\376\377\000Q\000u\000e\000r\000y\000\040\000d\000a\000t\000a\000b\000a\000s\000e\000\040\000w\000i\000t\000h\000\040\000S\000Q\000L\000\040\000f\000r\000o\000m\000\040\000C\000L\000I\000\040\000s\000e\000r\000v\000e\000r}{chapter.7}% 62
\BOOKMARK [1][-]{section.7.3}{\376\377\000U\000p\000d\000a\000t\000i\000n\000g\000\040\000t\000h\000e\000\040\000l\000i\000s\000t\000A\000c\000t\000i\000o\000n\000\050\000\051\000\040\000t\000o\000\040\000u\000s\000e\000\040\000D\000o\000c\000t\000r\000i\000n\000e}{chapter.7}% 63
\BOOKMARK [1][-]{section.7.4}{\376\377\000D\000e\000l\000e\000t\000i\000n\000g\000\040\000b\000y\000\040\000i\000d}{chapter.7}% 64
\BOOKMARK [1][-]{section.7.5}{\376\377\000U\000p\000d\000a\000t\000i\000n\000g\000\040\000g\000i\000v\000e\000n\000\040\000i\000d\000\040\000a\000n\000d\000\040\000n\000e\000w\000\040\000n\000a\000m\000e}{chapter.7}% 65
\BOOKMARK [1][-]{section.7.6}{\376\377\000U\000p\000d\000a\000t\000i\000n\000g\000\040\000o\000u\000r\000\040\000s\000h\000o\000w\000\040\000a\000c\000t\000i\000o\000n}{chapter.7}% 66
\BOOKMARK [1][-]{section.7.7}{\376\377\000R\000e\000d\000i\000r\000e\000c\000t\000i\000n\000g\000\040\000t\000o\000\040\000s\000h\000o\000w\000\040\000a\000f\000t\000e\000r\000\040\000c\000r\000e\000a\000t\000e\000/\000u\000p\000d\000a\000t\000e}{chapter.7}% 67
\BOOKMARK [1][-]{section.7.8}{\376\377\000G\000i\000v\000e\000n\000\040\000i\000d\000\040\000l\000e\000t\000\040\000D\000o\000c\000t\000r\000i\000n\000e\000\040\000f\000i\000n\000d\000\040\000P\000r\000o\000d\000u\000c\000t\000\040\000a\000u\000t\000o\000m\000a\000t\000i\000c\000a\000l\000l\000y\000\040\000\050\000p\000r\000o\000j\000e\000c\000t\000\040\000d\000b\0000\0003\000\051}{chapter.7}% 68
\BOOKMARK [1][-]{section.7.9}{\376\377\000C\000r\000e\000a\000t\000i\000n\000g\000\040\000t\000h\000e\000\040\000C\000R\000U\000D\000\040\000c\000o\000n\000t\000r\000o\000l\000l\000e\000r\000\040\000a\000u\000t\000o\000m\000a\000t\000i\000c\000a\000l\000l\000y\000\040\000f\000r\000o\000m\000\040\000t\000h\000e\000\040\000C\000L\000I\000\040\000\050\000p\000r\000o\000j\000e\000c\000t\000\040\000d\000b\0000\0004\000\051}{chapter.7}% 69
\BOOKMARK [0][-]{chapter.8}{\376\377\000F\000i\000x\000t\000u\000r\000e\000s\000\040\000-\000\040\000s\000e\000t\000t\000i\000n\000g\000\040\000u\000p\000\040\000a\000\040\000d\000a\000t\000a\000b\000a\000s\000e\000\040\000s\000t\000a\000t\000e\000\040}{part.2}% 70
\BOOKMARK [1][-]{section.8.1}{\376\377\000I\000n\000i\000t\000i\000a\000l\000\040\000v\000a\000l\000u\000e\000s\000\040\000f\000o\000r\000\040\000y\000o\000u\000r\000\040\000p\000r\000o\000j\000e\000c\000t\000\040\000d\000a\000t\000a\000b\000a\000s\000e\000\040\000\050\000p\000r\000o\000j\000e\000c\000t\000\040\000d\000b\0000\0005\000\051}{chapter.8}% 71
\BOOKMARK [1][-]{section.8.2}{\376\377\000I\000n\000s\000t\000a\000l\000l\000i\000n\000g\000\040\000a\000n\000d\000\040\000r\000e\000g\000i\000s\000t\000e\000r\000i\000n\000g\000\040\000t\000h\000e\000\040\000f\000i\000x\000t\000u\000r\000e\000s\000\040\000b\000u\000n\000d\000l\000e}{chapter.8}% 72
\BOOKMARK [2][-]{subsection.8.2.1}{\376\377\000I\000n\000s\000t\000a\000l\000l\000\040\000t\000h\000e\000\040\000b\000u\000n\000d\000l\000e}{section.8.2}% 73
\BOOKMARK [1][-]{section.8.3}{\376\377\000W\000r\000i\000t\000i\000n\000g\000\040\000t\000h\000e\000\040\000f\000i\000x\000t\000u\000r\000e\000\040\000c\000l\000a\000s\000s\000e\000s}{chapter.8}% 74
\BOOKMARK [1][-]{section.8.4}{\376\377\000L\000o\000a\000d\000i\000n\000g\000\040\000t\000h\000e\000\040\000f\000i\000x\000t\000u\000r\000e\000s}{chapter.8}% 75
\BOOKMARK [1][-]{section.8.5}{\376\377\000U\000s\000e\000r\000\040\000F\000a\000k\000e\000r\000\040\000t\000o\000\040\000g\000e\000n\000e\000r\000a\000t\000e\000\040\000p\000l\000a\000u\000s\000i\000b\000l\000e\000\040\000t\000e\000s\000t\000\040\000d\000a\000t\000a\000\040\000\050\000p\000r\000o\000j\000e\000c\000t\000\040\000d\000b\0000\0006\000\051}{chapter.8}% 76
\BOOKMARK [1][-]{section.8.6}{\376\377\000F\000o\000u\000n\000d\000r\000y\000\040\000a\000n\000d\000\040\000F\000a\000k\000e\000r\000P\000H\000P}{chapter.8}% 77
\BOOKMARK [0][-]{chapter.9}{\376\377\000R\000e\000l\000a\000t\000i\000n\000g\000\040\000o\000b\000j\000e\000c\000t\000\040\000i\000n\000\040\000d\000i\000f\000f\000e\000r\000e\000n\000t\000\040\000F\000i\000x\000t\000u\000r\000e\000\040\000c\000l\000a\000s\000s\000e\000s}{part.2}% 78
\BOOKMARK [1][-]{section.9.1}{\376\377\000R\000e\000l\000a\000t\000e\000d\000\040\000o\000b\000j\000e\000c\000t\000s\000\040\000-\000\040\000o\000p\000t\000i\000o\000n\000\040\0001\000\040\000-\000\040\000d\000o\000\040\000i\000t\000\040\000a\000l\000l\000\040\000i\000n\000\040\000o\000n\000e\000\040\000F\000i\000x\000t\000u\000r\000e\000\040\000c\000l\000a\000s\000s}{chapter.9}% 79
\BOOKMARK [1][-]{section.9.2}{\376\377\000R\000e\000l\000a\000t\000e\000d\000\040\000o\000b\000j\000e\000c\000t\000s\000\040\000-\000\040\000o\000p\000t\000i\000o\000n\000\040\0002\000\040\000-\000\040\000s\000t\000o\000r\000e\000\040\000r\000e\000f\000e\000r\000e\000n\000c\000e\000s\000\040\000t\000o\000\040\000f\000i\000x\000t\000u\000r\000e\000\040\000o\000b\000j\000e\000c\000t\000s}{chapter.9}% 80
\BOOKMARK [1][-]{section.9.3}{\376\377\000C\000a\000t\000e\000g\000o\000r\000y\000\040\000c\000l\000a\000s\000s}{chapter.9}% 81
\BOOKMARK [1][-]{section.9.4}{\376\377\000C\000a\000t\000e\000g\000o\000r\000y\000F\000i\000x\000t\000u\000r\000e\000s\000\040\000c\000l\000a\000s\000s}{chapter.9}% 82
\BOOKMARK [1][-]{section.9.5}{\376\377\000P\000r\000o\000d\000u\000c\000t\000\040\000c\000l\000a\000s\000s}{chapter.9}% 83
\BOOKMARK [1][-]{section.9.6}{\376\377\000P\000r\000o\000d\000u\000c\000t\000F\000i\000x\000t\000u\000r\000e\000s\000\040\000c\000l\000a\000s\000s}{chapter.9}% 84
\BOOKMARK [0][-]{chapter.10}{\376\377\000A\000l\000t\000e\000r\000n\000a\000t\000i\000v\000e\000\040\000a\000p\000p\000r\000o\000a\000c\000h\000\040\000u\000s\000i\000n\000g\000\040\000t\000h\000e\000\040\000D\000e\000p\000e\000n\000d\000e\000n\000t\000F\000i\000x\000t\000u\000r\000e\000s\000I\000n\000t\000e\000r\000f\000a\000c\000e}{part.2}% 85
\BOOKMARK [-1][-]{part.3}{\376\377\000I\000I\000I\000\040\000F\000r\000o\000m\000s\000\040\000a\000n\000d\000\040\000f\000o\000r\000m\000\040\000p\000r\000o\000c\000e\000s\000s\000i\000n\000g}{}% 86
\BOOKMARK [0][-]{chapter.11}{\376\377\000D\000I\000Y\000\040\000f\000o\000r\000m\000s}{part.3}% 87
\BOOKMARK [1][-]{section.11.1}{\376\377\000P\000r\000e\000p\000a\000r\000a\000t\000i\000o\000n}{chapter.11}% 88
\BOOKMARK [1][-]{section.11.2}{\376\377\000A\000d\000d\000i\000n\000g\000\040\000a\000\040\000f\000o\000r\000m\000\040\000f\000o\000r\000\040\000n\000e\000w\000\040\000S\000t\000u\000d\000e\000n\000t\000\040\000c\000r\000e\000a\000t\000i\000o\000n\000\040\000\050\000p\000r\000o\000j\000e\000c\000t\000\040\000f\000o\000r\000m\0000\0001\000\051}{chapter.11}% 89
\BOOKMARK [1][-]{section.11.3}{\376\377\000R\000e\000f\000a\000c\000f\000o\000r\000\040\000o\000u\000r\000\040\000c\000r\000e\000a\000t\000e\000\050\000.\000.\000.\000\051\000\040\000m\000e\000t\000h\000o\000d}{chapter.11}% 90
\BOOKMARK [1][-]{section.11.4}{\376\377\000T\000w\000i\000g\000\040\000n\000e\000w\000\040\000s\000t\000u\000d\000e\000n\000t\000\040\000f\000o\000r\000m}{chapter.11}% 91
\BOOKMARK [1][-]{section.11.5}{\376\377\000C\000o\000n\000t\000r\000o\000l\000l\000e\000r\000\040\000m\000e\000t\000h\000o\000d\000\040\000\050\000a\000n\000d\000\040\000a\000n\000n\000o\000t\000a\000t\000i\000o\000n\000\051\000\040\000t\000o\000\040\000d\000i\000s\000p\000l\000a\000y\000\040\000n\000e\000w\000\040\000s\000t\000u\000d\000e\000n\000t\000\040\000f\000o\000r\000m}{chapter.11}% 92
\BOOKMARK [1][-]{section.11.6}{\376\377\000C\000o\000n\000t\000r\000o\000l\000l\000e\000r\000\040\000m\000e\000t\000h\000o\000d\000\040\000t\000o\000\040\000p\000r\000o\000c\000e\000s\000s\000\040\000P\000O\000S\000T\000\040\000f\000o\000r\000m\000\040\000d\000a\000t\000a}{chapter.11}% 93
\BOOKMARK [1][-]{section.11.7}{\376\377\000V\000a\000l\000i\000d\000a\000t\000i\000n\000g\000\040\000f\000o\000r\000m\000\040\000d\000a\000t\000a\000,\000\040\000a\000n\000d\000\040\000d\000i\000s\000p\000l\000a\000y\000i\000n\000g\000\040\000t\000e\000m\000p\000o\000r\000a\000r\000y\000\040\000`\000f\000l\000a\000s\000h\000'\000\040\000m\000e\000s\000s\000a\000g\000e\000s\000\040\000i\000n\000\040\000T\000w\000i\000g}{chapter.11}% 94
\BOOKMARK [1][-]{section.11.8}{\376\377\000T\000h\000r\000e\000e\000\040\000k\000i\000n\000d\000s\000\040\000o\000f\000\040\000f\000l\000a\000s\000h\000\040\000m\000e\000s\000s\000a\000g\000e\000:\000\040\000n\000o\000t\000i\000c\000e\000,\000\040\000w\000a\000r\000n\000i\000n\000g\000\040\000a\000n\000d\000\040\000e\000r\000r\000o\000r}{chapter.11}% 95
\BOOKMARK [1][-]{section.11.9}{\376\377\000A\000d\000d\000i\000n\000g\000\040\000f\000l\000a\000s\000h\000\040\000d\000i\000s\000p\000l\000a\000y\000\040\000\050\000w\000i\000t\000h\000\040\000C\000S\000S\000\051\000\040\000t\000o\000\040\000o\000u\000r\000\040\000T\000w\000i\000g\000\040\000t\000e\000m\000p\000l\000a\000t\000e\000\040\000\050\000p\000r\000o\000j\000e\000c\000t\000\040\000f\000o\000r\000m\0000\0002\000\051}{chapter.11}% 96
\BOOKMARK [1][-]{section.11.10}{\376\377\000A\000d\000d\000i\000n\000g\000\040\000v\000a\000l\000i\000d\000a\000t\000i\000o\000n\000\040\000l\000o\000g\000i\000c\000\040\000t\000o\000\040\000o\000u\000r\000\040\000f\000o\000r\000m\000\040\000p\000r\000o\000c\000e\000s\000s\000i\000n\000g\000\040\000c\000o\000n\000t\000r\000o\000l\000l\000e\000r\000\040\000m\000e\000t\000h\000o\000d}{chapter.11}% 97
\BOOKMARK [1][-]{section.11.11}{\376\377\000P\000o\000s\000t\000b\000a\000c\000k\000\040\000l\000o\000g\000i\000c\000\040\000\050\000p\000r\000o\000j\000e\000c\000t\000\040\000f\000o\000r\000m\0000\0003\000\051}{chapter.11}% 98
\BOOKMARK [1][-]{section.11.12}{\376\377\000E\000x\000t\000r\000a\000\040\000n\000o\000t\000e\000s}{chapter.11}% 99
\BOOKMARK [0][-]{chapter.12}{\376\377\000A\000u\000t\000o\000m\000a\000t\000i\000c\000\040\000f\000o\000r\000m\000s\000\040\000g\000e\000n\000e\000r\000a\000t\000e\000d\000\040\000f\000r\000o\000m\000\040\000E\000n\000t\000i\000t\000i\000e\000s}{part.3}% 100
\BOOKMARK [1][-]{section.12.1}{\376\377\000U\000s\000i\000n\000g\000\040\000t\000h\000e\000\040\000S\000y\000m\000f\000o\000n\000y\000\040\000f\000o\000r\000m\000\040\000g\000e\000n\000e\000r\000a\000t\000o\000r\000\040\000\050\000p\000r\000o\000j\000e\000c\000t\000\040\000f\000o\000r\000m\0000\0004\000\051}{chapter.12}% 101
\BOOKMARK [1][-]{section.12.2}{\376\377\000T\000h\000e\000\040\000S\000y\000m\000f\000o\000n\000y\000\040\000f\000o\000r\000m\000\040\000g\000e\000n\000e\000r\000a\000t\000o\000r\000\040\000v\000i\000a\000\040\000T\000w\000i\000g}{chapter.12}% 102
\BOOKMARK [1][-]{section.12.3}{\376\377\000U\000p\000d\000a\000t\000i\000n\000g\000\040\000S\000t\000u\000d\000e\000n\000t\000C\000o\000n\000t\000r\000o\000l\000l\000e\000r\000-\000>\000n\000e\000w\000\050\000\051}{chapter.12}% 103
\BOOKMARK [1][-]{section.12.4}{\376\377\000P\000o\000s\000t\000b\000a\000c\000k\000\040\000-\000\040\000f\000o\000r\000m\000\040\000s\000u\000b\000m\000i\000t\000s\000\040\000t\000o\000\040\000s\000a\000m\000e\000\040\000U\000R\000L}{chapter.12}% 104
\BOOKMARK [1][-]{section.12.5}{\376\377\000U\000s\000i\000n\000g\000\040\000f\000o\000r\000m\000\040\000c\000l\000a\000s\000s\000e\000s\000\040\000\050\000p\000r\000o\000j\000e\000c\000t\000\040\000f\000o\000r\000m\0000\0005\000\051}{chapter.12}% 105
\BOOKMARK [1][-]{section.12.6}{\376\377\000V\000i\000d\000e\000o\000\040\000t\000u\000t\000o\000r\000i\000a\000l\000s\000\040\000a\000b\000o\000u\000t\000\040\000S\000y\000m\000f\000o\000n\000y\000\040\000f\000o\000r\000m\000s}{chapter.12}% 106
\BOOKMARK [0][-]{chapter.13}{\376\377\000C\000u\000s\000t\000o\000m\000i\000s\000i\000n\000g\000\040\000t\000h\000e\000\040\000d\000i\000s\000p\000l\000a\000y\000\040\000o\000f\000\040\000g\000e\000n\000e\000r\000a\000t\000e\000d\000\040\000f\000o\000r\000m\000s}{part.3}% 107
\BOOKMARK [1][-]{section.13.1}{\376\377\000F\000i\000r\000s\000t\000\040\000l\000e\000t\000'\000s\000\040\000B\000o\000o\000t\000s\000t\000r\000a\000p\000\040\000t\000h\000i\000s\000\040\000p\000r\000o\000j\000e\000c\000t\000\040\000\050\000p\000r\000o\000j\000e\000c\000t\000\040\000f\000o\000r\000m\0000\0006\000\051}{chapter.13}% 108
\BOOKMARK [1][-]{section.13.2}{\376\377\000C\000o\000n\000f\000i\000g\000u\000r\000e\000\040\000T\000w\000i\000g\000\040\000t\000o\000\040\000u\000s\000e\000\040\000t\000h\000e\000\040\000B\000o\000o\000t\000s\000t\000r\000a\000p\000\040\000t\000h\000e\000m\000e}{chapter.13}% 109
\BOOKMARK [1][-]{section.13.3}{\376\377\000A\000d\000d\000\040\000t\000h\000e\000\040\000B\000o\000o\000t\000s\000t\000r\000a\000p\000\040\000C\000S\000S\000\040\000i\000m\000p\000o\000r\000t\000\040\000i\000n\000t\000o\000\040\000o\000u\000r\000\040\000b\000a\000s\000e\000\040\000T\000w\000i\000g\000\040\000t\000e\000m\000p\000l\000a\000t\000e}{chapter.13}% 110
\BOOKMARK [1][-]{section.13.4}{\376\377\000A\000d\000d\000\040\000t\000h\000e\000\040\000B\000o\000o\000t\000s\000t\000r\000a\000p\000\040\000J\000a\000v\000a\000S\000c\000r\000i\000p\000t\000\040\000i\000m\000p\000o\000r\000t\000\040\000i\000n\000t\000o\000\040\000o\000u\000r\000\040\000b\000a\000s\000e\000\040\000T\000w\000i\000g\000\040\000t\000e\000m\000p\000l\000a\000t\000e\000.}{chapter.13}% 111
\BOOKMARK [1][-]{section.13.5}{\376\377\000R\000u\000n\000\040\000s\000i\000t\000e\000\040\000a\000n\000d\000\040\000s\000e\000e\000\040\000s\000o\000m\000e\000\040\000B\000o\000o\000t\000s\000t\000r\000a\000p\000\040\000s\000t\000y\000l\000i\000n\000g}{chapter.13}% 112
\BOOKMARK [1][-]{section.13.6}{\376\377\000A\000d\000d\000i\000n\000g\000\040\000e\000l\000e\000m\000e\000n\000t\000s\000\040\000f\000o\000r\000\040\000n\000a\000v\000i\000g\000a\000t\000i\000o\000n\000\040\000a\000n\000d\000\040\000p\000a\000g\000e\000\040\000c\000o\000n\000t\000e\000n\000t}{chapter.13}% 113
\BOOKMARK [1][-]{section.13.7}{\376\377\000A\000d\000d\000\040\000B\000o\000o\000t\000s\000t\000r\000a\000p\000\040\000n\000a\000v\000i\000g\000a\000t\000i\000o\000n\000\040\000b\000a\000r}{chapter.13}% 114
\BOOKMARK [1][-]{section.13.8}{\376\377\000S\000t\000y\000l\000i\000n\000g\000\040\000l\000i\000s\000t\000\040\000o\000f\000\040\000l\000i\000n\000k\000s\000\040\000i\000n\000\040\000n\000a\000v\000b\000a\000r}{chapter.13}% 115
\BOOKMARK [1][-]{section.13.9}{\376\377\000A\000d\000d\000i\000n\000g\000\040\000t\000h\000e\000\040\000h\000a\000m\000b\000u\000r\000g\000e\000r\000-\000m\000e\000n\000u\000\040\000a\000n\000d\000\040\000c\000o\000l\000l\000a\000p\000s\000i\000b\000l\000e\000\040\000l\000i\000n\000k\000s}{chapter.13}% 116
\BOOKMARK [0][-]{chapter.14}{\376\377\000C\000u\000s\000t\000o\000m\000i\000z\000i\000n\000g\000\040\000d\000i\000s\000p\000l\000a\000y\000\040\000o\000f\000\040\000S\000y\000m\000f\000o\000n\000y\000\040\000f\000o\000r\000m\000s}{part.3}% 117
\BOOKMARK [1][-]{section.14.1}{\376\377\000U\000n\000d\000e\000r\000s\000t\000a\000n\000d\000i\000n\000g\000\040\000t\000h\000e\000\040\0003\000\040\000p\000a\000r\000t\000s\000\040\000o\000f\000\040\000a\000\040\000f\000o\000r\000m\000\040\000\050\000p\000r\000o\000j\000e\000c\000t\000\040\000f\000o\000r\000m\0000\0007\000\051}{chapter.14}% 118
\BOOKMARK [1][-]{section.14.2}{\376\377\000U\000s\000i\000n\000g\000\040\000a\000\040\000T\000w\000i\000g\000\040\000f\000o\000r\000m\000-\000t\000h\000e\000m\000e\000\040\000t\000e\000m\000p\000l\000a\000t\000e}{chapter.14}% 119
\BOOKMARK [1][-]{section.14.3}{\376\377\000D\000I\000Y\000\040\000\050\000D\000o\000-\000I\000t\000-\000Y\000o\000u\000r\000s\000e\000l\000f\000\051\000\040\000f\000o\000r\000m\000\040\000d\000i\000s\000p\000l\000a\000y\000\040\000c\000u\000s\000t\000o\000m\000i\000s\000a\000t\000i\000o\000n\000s}{chapter.14}% 120
\BOOKMARK [1][-]{section.14.4}{\376\377\000C\000u\000s\000t\000o\000m\000i\000s\000i\000n\000g\000\040\000d\000i\000s\000p\000l\000a\000y\000\040\000o\000f\000\040\000p\000a\000r\000t\000s\000\040\000o\000f\000\040\000e\000a\000c\000h\000\040\000f\000o\000r\000m\000\040\000f\000i\000e\000l\000d}{chapter.14}% 121
\BOOKMARK [1][-]{section.14.5}{\376\377\000S\000p\000e\000c\000i\000f\000y\000i\000n\000g\000\040\000a\000\040\000f\000o\000r\000m\000'\000s\000\040\000m\000e\000t\000h\000o\000d\000\040\000a\000n\000d\000\040\000a\000c\000t\000i\000o\000n}{chapter.14}% 122
\BOOKMARK [-1][-]{part.4}{\376\377\000I\000V\000\040\000C\000u\000s\000t\000o\000m\000\040\000R\000e\000p\000o\000s\000i\000t\000o\000r\000y\000\040\000Q\000u\000e\000r\000i\000e\000s\000\040\000w\000i\000t\000h\000\040\000f\000o\000r\000m\000s}{}% 123
\BOOKMARK [0][-]{chapter.15}{\376\377\000C\000u\000s\000t\000o\000m\000\040\000d\000a\000t\000a\000b\000a\000s\000e\000\040\000q\000u\000e\000r\000i\000e\000s}{part.4}% 124
\BOOKMARK [1][-]{section.15.1}{\376\377\000S\000e\000a\000r\000c\000h\000\040\000f\000o\000r\000\040\000e\000x\000a\000c\000t\000\040\000p\000r\000o\000p\000e\000r\000t\000y\000\040\000v\000a\000l\000u\000e\000\040\000\050\000p\000r\000o\000j\000e\000c\000t\000\040\000q\000u\000e\000r\000y\0000\0001\000\051}{chapter.15}% 125
\BOOKMARK [1][-]{section.15.2}{\376\377\000F\000i\000x\000t\000u\000r\000e\000s}{chapter.15}% 126
\BOOKMARK [1][-]{section.15.3}{\376\377\000A\000d\000d\000\040\000n\000e\000w\000\040\000r\000o\000u\000t\000e\000\040\000a\000n\000d\000\040\000c\000o\000n\000t\000r\000o\000l\000l\000e\000r\000\040\000m\000e\000t\000h\000o\000d\000\040\000f\000o\000r\000\040\000c\000a\000t\000e\000g\000o\000r\000y\000\040\000s\000e\000a\000r\000c\000h}{chapter.15}% 127
\BOOKMARK [1][-]{section.15.4}{\376\377\000A\000s\000i\000d\000e\000:\000\040\000H\000o\000w\000\040\000t\000o\000\040\000t\000h\000e\000\040\000f\000r\000e\000e\000\040\000`\000h\000e\000l\000p\000e\000r\000'\000\040\000D\000o\000c\000t\000r\000i\000n\000e\000\040\000m\000e\000t\000h\000o\000d\000s\000\040\000w\000o\000r\000k\000?}{chapter.15}% 128
\BOOKMARK [1][-]{section.15.5}{\376\377\000T\000e\000s\000t\000i\000n\000g\000\040\000o\000u\000r\000\040\000s\000e\000a\000r\000c\000h\000\040\000b\000y\000\040\000c\000a\000t\000e\000g\000o\000r\000y}{chapter.15}% 129
\BOOKMARK [0][-]{chapter.16}{\376\377\000C\000u\000s\000t\000o\000m\000\040\000d\000a\000t\000a\000b\000a\000s\000e\000\040\000q\000u\000e\000r\000i\000e\000s}{part.4}% 130
\BOOKMARK [1][-]{section.16.1}{\376\377\000S\000e\000a\000r\000c\000h\000\040\000F\000o\000r\000m\000\040\000f\000o\000r\000\040\000e\000x\000a\000c\000t\000\040\000p\000r\000o\000p\000e\000r\000t\000y\000\040\000v\000a\000l\000u\000e\000\040\000\050\000p\000r\000o\000j\000e\000c\000t\000\040\000q\000u\000e\000r\000y\0000\0002\000\051}{chapter.16}% 131
\BOOKMARK [1][-]{section.16.2}{\376\377\000T\000h\000e\000\040\000f\000o\000r\000m\000\040\000i\000n\000\040\000T\000w\000i\000g\000\040\000t\000e\000m\000p\000l\000a\000t\000e}{chapter.16}% 132
\BOOKMARK [1][-]{section.16.3}{\376\377\000C\000o\000n\000t\000r\000o\000l\000l\000e\000r\000\040\000m\000e\000t\000h\000o\000d\000\040\000t\000o\000\040\000p\000r\000o\000c\000e\000s\000s\000\040\000f\000o\000r\000m\000\040\000s\000u\000b\000m\000i\000s\000s\000i\000o\000n}{chapter.16}% 133
\BOOKMARK [1][-]{section.16.4}{\376\377\000G\000e\000t\000t\000i\000n\000g\000\040\000r\000i\000d\000\040\000o\000f\000\040\000t\000h\000e\000\040\000U\000R\000L\000\040\000s\000e\000a\000r\000c\000h\000\040\000r\000o\000u\000t\000e}{chapter.16}% 134
\BOOKMARK [0][-]{chapter.17}{\376\377\000W\000i\000l\000d\000c\000a\000r\000d\000\040\000v\000s\000.\000\040\000e\000x\000a\000c\000t\000\040\000m\000a\000t\000c\000h\000\040\000q\000u\000e\000r\000i\000e\000s}{part.4}% 135
\BOOKMARK [1][-]{section.17.1}{\376\377\000S\000e\000a\000r\000c\000h\000\040\000F\000o\000r\000m\000\040\000f\000o\000r\000\040\000p\000a\000r\000t\000i\000a\000l\000\040\000d\000e\000s\000c\000r\000i\000p\000t\000i\000o\000n\000\040\000m\000a\000t\000c\000h\000\040\000\050\000p\000r\000o\000j\000e\000c\000t\000\040\000q\000u\000e\000r\000y\0000\0003\000\051}{chapter.17}% 136
\BOOKMARK [1][-]{section.17.2}{\376\377\000C\000u\000s\000t\000o\000m\000\040\000q\000u\000e\000r\000i\000e\000s\000\040\000i\000n\000\040\000o\000u\000r\000\040\000R\000e\000p\000o\000s\000i\000t\000o\000r\000y\000\040\000c\000l\000a\000s\000s}{chapter.17}% 137
\BOOKMARK [1][-]{section.17.3}{\376\377\000M\000a\000k\000i\000n\000g\000\040\000w\000i\000l\000d\000c\000a\000r\000d\000\040\000a\000\040\000s\000t\000i\000c\000k\000y\000\040\000f\000o\000r\000m}{chapter.17}% 138
\BOOKMARK [-1][-]{part.5}{\376\377\000V\000\040\000S\000y\000m\000f\000o\000n\000y\000\040\000c\000o\000d\000e\000\040\000g\000e\000n\000e\000r\000a\000t\000i\000o\000n}{}% 139
\BOOKMARK [0][-]{chapter.18}{\376\377\000C\000R\000U\000D\000\040\000c\000o\000n\000t\000r\000o\000l\000l\000e\000r\000\040\000a\000n\000d\000\040\000t\000e\000m\000p\000l\000a\000t\000e\000s\000\040\000g\000e\000n\000e\000r\000a\000t\000i\000o\000n}{part.5}% 140
\BOOKMARK [1][-]{section.18.1}{\376\377\000S\000y\000m\000f\000o\000n\000y\000'\000s\000\040\000C\000R\000U\000D\000\040\000g\000e\000n\000e\000r\000a\000t\000o\000r\000\040\000\050\000p\000r\000o\000j\000e\000c\000t\000\040\000c\000r\000u\000d\000-\0000\0001\000\051}{chapter.18}% 141
\BOOKMARK [1][-]{section.18.2}{\376\377\000W\000h\000a\000t\000\040\000y\000o\000u\000\040\000n\000e\000e\000d\000\040\000t\000o\000\040\000a\000d\000d\000\040\000t\000o\000\040\000y\000o\000u\000r\000\040\000p\000r\000o\000j\000e\000c\000t}{chapter.18}% 142
\BOOKMARK [1][-]{section.18.3}{\376\377\000G\000e\000n\000e\000r\000a\000t\000i\000n\000g\000\040\000n\000e\000w\000\040\000E\000n\000t\000i\000t\000y\000\040\000c\000l\000a\000s\000s\000\040\000C\000a\000t\000e\000g\000o\000r\000y}{chapter.18}% 143
\BOOKMARK [1][-]{section.18.4}{\376\377\000G\000e\000n\000e\000r\000a\000t\000i\000n\000g\000\040\000C\000R\000U\000D\000\040\000f\000o\000r\000\040\000a\000\040\000n\000e\000w\000\040\000E\000n\000t\000i\000t\000y\000\040\000c\000l\000a\000s\000s}{chapter.18}% 144
\BOOKMARK [1][-]{section.18.5}{\376\377\000T\000h\000e\000\040\000g\000e\000n\000e\000r\000a\000t\000e\000d\000\040\000r\000o\000u\000t\000e\000s}{chapter.18}% 145
\BOOKMARK [1][-]{section.18.6}{\376\377\000T\000h\000e\000\040\000g\000e\000n\000e\000r\000a\000t\000e\000d\000\040\000C\000R\000U\000D\000\040\000c\000o\000n\000t\000r\000o\000l\000l\000e\000r}{chapter.18}% 146
\BOOKMARK [1][-]{section.18.7}{\376\377\000T\000h\000e\000\040\000g\000e\000n\000e\000r\000a\000t\000e\000d\000\040\000i\000n\000d\000e\000x\000\040\000\050\000a\000.\000k\000.\000a\000.\000\040\000l\000i\000s\000t\000\051\000\040\000c\000o\000n\000t\000r\000o\000l\000l\000e\000r\000\040\000m\000e\000t\000h\000o\000d}{chapter.18}% 147
\BOOKMARK [1][-]{section.18.8}{\376\377\000T\000h\000e\000\040\000g\000e\000n\000e\000r\000a\000t\000e\000d\000\040\000n\000e\000w\000\050\000\051\000\040\000m\000e\000t\000h\000o\000d}{chapter.18}% 148
\BOOKMARK [1][-]{section.18.9}{\376\377\000T\000h\000e\000\040\000g\000e\000n\000e\000r\000a\000t\000e\000d\000\040\000s\000h\000o\000w\000\050\000\051\000\040\000m\000e\000t\000h\000o\000d}{chapter.18}% 149
\BOOKMARK [1][-]{section.18.10}{\376\377\000T\000h\000e\000\040\000g\000e\000n\000e\000r\000a\000t\000e\000d\000\040\000e\000d\000i\000t\000\050\000\051\000\040\000m\000e\000t\000h\000o\000d}{chapter.18}% 150
\BOOKMARK [1][-]{section.18.11}{\376\377\000T\000h\000e\000\040\000g\000e\000n\000e\000r\000a\000t\000e\000d\000\040\000d\000e\000l\000e\000t\000e\000\050\000\051\000\040\000m\000e\000t\000h\000o\000d}{chapter.18}% 151
\BOOKMARK [-1][-]{part.6}{\376\377\000V\000I\000\040\000S\000e\000s\000s\000i\000o\000n\000s}{}% 152
\BOOKMARK [0][-]{chapter.19}{\376\377\000I\000n\000t\000r\000o\000d\000u\000c\000t\000i\000o\000n\000\040\000t\000o\000\040\000S\000y\000m\000f\000o\000n\000y\000\040\000s\000e\000s\000s\000i\000o\000n\000s}{part.6}% 153
\BOOKMARK [1][-]{section.19.1}{\376\377\000C\000r\000e\000a\000t\000e\000\040\000a\000\040\000n\000e\000w\000\040\000p\000r\000o\000j\000e\000c\000t\000\040\000f\000r\000o\000m\000\040\000s\000c\000r\000a\000t\000c\000h\000\040\000\050\000p\000r\000o\000j\000e\000c\000t\000\040\000s\000e\000s\000s\000i\000o\000n\000s\0000\0001\000\051}{chapter.19}% 154
\BOOKMARK [1][-]{section.19.2}{\376\377\000D\000e\000f\000a\000u\000l\000t\000\040\000c\000o\000n\000t\000r\000o\000l\000l\000e\000r\000\040\000-\000\040\000h\000e\000l\000l\000o\000\040\000w\000o\000r\000l\000d}{chapter.19}% 155
\BOOKMARK [1][-]{section.19.3}{\376\377\000T\000w\000i\000g\000\040\000f\000o\000r\000e\000g\000r\000o\000u\000n\000d\000/\000b\000a\000c\000k\000g\000r\000o\000u\000n\000d\000\040\000c\000o\000l\000o\000u\000r\000s\000\040\000\050\000s\000e\000s\000s\000i\000o\000n\000s\0000\0002\000\051}{chapter.19}% 156
\BOOKMARK [1][-]{section.19.4}{\376\377\000W\000o\000r\000k\000i\000n\000g\000\040\000w\000i\000t\000h\000\040\000s\000e\000s\000s\000i\000o\000n\000s\000\040\000i\000n\000\040\000S\000y\000m\000f\000o\000n\000y\000\040\000C\000o\000n\000t\000r\000o\000l\000l\000e\000r\000\040\000m\000e\000t\000h\000o\000d\000s\000\040\000\050\000p\000r\000o\000j\000e\000c\000t\000\040\000s\000e\000s\000s\000i\000o\000n\0000\0003\000\051}{chapter.19}% 157
\BOOKMARK [1][-]{section.19.5}{\376\377\000S\000y\000m\000f\000o\000n\000y\000'\000s\000\040\0002\000\040\000s\000e\000s\000s\000i\000o\000n\000\040\000`\000b\000a\000g\000s\000'}{chapter.19}% 158
\BOOKMARK [1][-]{section.19.6}{\376\377\000S\000t\000o\000r\000i\000n\000g\000\040\000v\000a\000l\000u\000e\000s\000\040\000i\000n\000\040\000t\000h\000e\000\040\000s\000e\000s\000s\000i\000o\000n\000\040\000i\000n\000\040\000a\000\040\000c\000o\000n\000t\000r\000o\000l\000l\000e\000r\000\040\000a\000c\000t\000i\000o\000n}{chapter.19}% 159
\BOOKMARK [1][-]{section.19.7}{\376\377\000T\000w\000i\000g\000\040\000f\000u\000n\000c\000t\000i\000o\000n\000\040\000t\000o\000\040\000r\000e\000t\000r\000i\000e\000v\000e\000\040\000v\000a\000l\000u\000e\000s\000\040\000f\000r\000o\000m\000\040\000s\000e\000s\000s\000i\000o\000n}{chapter.19}% 160
\BOOKMARK [1][-]{section.19.8}{\376\377\000A\000t\000t\000e\000m\000p\000t\000\040\000t\000o\000\040\000r\000e\000a\000d\000\040\000c\000o\000l\000o\000r\000s\000\040\000a\000r\000r\000a\000y\000\040\000p\000r\000o\000p\000e\000r\000t\000y\000\040\000f\000r\000o\000m\000\040\000t\000h\000e\000\040\000s\000e\000s\000s\000i\000o\000n}{chapter.19}% 161
\BOOKMARK [1][-]{section.19.9}{\376\377\000A\000p\000p\000l\000y\000i\000n\000g\000\040\000c\000o\000l\000o\000u\000r\000s\000\040\000i\000n\000\040\000H\000T\000M\000L\000\040\000h\000e\000a\000d\000\040\000<\000s\000t\000y\000l\000e\000>\000\040\000e\000l\000e\000m\000e\000n\000t\000\040\000\050\000p\000r\000o\000j\000e\000c\000t\000\040\000s\000e\000s\000s\000i\000o\000n\0000\0004\000\051}{chapter.19}% 162
\BOOKMARK [1][-]{section.19.10}{\376\377\000T\000e\000s\000t\000i\000n\000g\000\040\000w\000h\000e\000t\000h\000e\000r\000\040\000a\000n\000\040\000a\000t\000t\000r\000i\000b\000u\000t\000e\000\040\000i\000s\000\040\000p\000r\000e\000s\000e\000n\000t\000\040\000i\000n\000\040\000t\000h\000e\000\040\000c\000u\000r\000r\000e\000n\000t\000\040\000s\000e\000s\000s\000i\000o\000n}{chapter.19}% 163
\BOOKMARK [1][-]{section.19.11}{\376\377\000R\000e\000m\000o\000v\000i\000n\000g\000\040\000a\000n\000\040\000i\000t\000e\000m\000\040\000f\000r\000o\000m\000\040\000t\000h\000e\000\040\000s\000e\000s\000s\000i\000o\000n\000\040\000a\000t\000t\000r\000i\000b\000u\000t\000e\000\040\000b\000a\000g}{chapter.19}% 164
\BOOKMARK [1][-]{section.19.12}{\376\377\000C\000l\000e\000a\000r\000i\000n\000g\000\040\000a\000l\000l\000\040\000i\000t\000e\000m\000s\000\040\000i\000n\000\040\000t\000h\000e\000\040\000s\000e\000s\000s\000i\000o\000n\000\040\000a\000t\000t\000r\000i\000b\000u\000t\000e\000\040\000b\000a\000g}{chapter.19}% 165
\BOOKMARK [0][-]{chapter.20}{\376\377\000W\000o\000r\000k\000i\000n\000g\000\040\000w\000i\000t\000h\000\040\000a\000\040\000s\000e\000s\000s\000i\000o\000n\000\040\000`\000b\000a\000s\000k\000e\000t\000'\000\040\000o\000f\000\040\000p\000r\000o\000d\000u\000c\000t\000s}{part.6}% 166
\BOOKMARK [1][-]{section.20.1}{\376\377\000S\000h\000o\000p\000p\000i\000n\000g\000\040\000c\000a\000r\000t\000\040\000o\000f\000\040\000p\000r\000o\000d\000u\000c\000t\000s\000\040\000\050\000p\000r\000o\000j\000e\000c\000t\000\040\000s\000e\000s\000s\000i\000o\000n\0000\0005\000\051}{chapter.20}% 167
\BOOKMARK [1][-]{section.20.2}{\376\377\000C\000r\000e\000a\000t\000e\000\040\000a\000\040\000n\000e\000w\000\040\000p\000r\000o\000j\000e\000c\000t\000\040\000w\000i\000t\000h\000\040\000t\000h\000e\000\040\000r\000e\000q\000u\000i\000r\000e\000d\000\040\000p\000a\000c\000k\000a\000g\000e\000s}{chapter.20}% 168
\BOOKMARK [1][-]{section.20.3}{\376\377\000C\000r\000e\000a\000t\000e\000\040\000a\000\040\000P\000r\000o\000d\000u\000c\000t\000\040\000e\000n\000t\000i\000t\000y\000\040\000\046\000\040\000g\000e\000n\000e\000r\000a\000t\000e\000\040\000i\000t\000s\000\040\000C\000R\000U\000D}{chapter.20}% 169
\BOOKMARK [1][-]{section.20.4}{\376\377\000H\000o\000m\000e\000p\000a\000g\000e\000\040\000-\000\040\000l\000i\000n\000k\000\040\000t\000o\000\040\000p\000r\000o\000d\000u\000c\000t\000s\000\040\000h\000o\000m\000e}{chapter.20}% 170
\BOOKMARK [1][-]{section.20.5}{\376\377\000B\000a\000s\000k\000e\000t\000\040\000i\000n\000d\000e\000x\000:\000\040\000l\000i\000s\000t\000\040\000b\000a\000s\000k\000e\000t\000\040\000c\000o\000n\000t\000e\000n\000t\000s\000\040\000\050\000p\000r\000o\000j\000e\000c\000t\000\040\000s\000e\000s\000s\000i\000o\000n\000s\0000\0007\000\051}{chapter.20}% 171
\BOOKMARK [1][-]{section.20.6}{\376\377\000C\000o\000n\000t\000r\000o\000l\000l\000e\000r\000\040\000m\000e\000t\000h\000o\000d\000\040\000-\000\040\000c\000l\000e\000a\000r\000\050\000\051}{chapter.20}% 172
\BOOKMARK [1][-]{section.20.7}{\376\377\000D\000e\000b\000u\000g\000g\000i\000n\000g\000\040\000s\000e\000s\000s\000i\000o\000n\000s\000\040\000i\000n\000\040\000T\000w\000i\000g}{chapter.20}% 173
\BOOKMARK [1][-]{section.20.8}{\376\377\000A\000d\000d\000i\000n\000g\000\040\000a\000\040\000o\000b\000j\000e\000c\000t\000\040\000t\000o\000\040\000t\000h\000e\000\040\000b\000a\000s\000k\000e\000t}{chapter.20}% 174
\BOOKMARK [1][-]{section.20.9}{\376\377\000T\000h\000e\000\040\000d\000e\000l\000e\000t\000e\000\040\000a\000c\000t\000i\000o\000n\000\040\000m\000e\000t\000h\000o\000d}{chapter.20}% 175
\BOOKMARK [1][-]{section.20.10}{\376\377\000T\000h\000e\000\040\000T\000w\000i\000g\000\040\000t\000e\000m\000p\000l\000a\000t\000e\000\040\000f\000o\000r\000\040\000t\000h\000e\000\040\000b\000a\000s\000k\000e\000t\000\040\000i\000n\000d\000e\000x\000\040\000a\000c\000t\000i\000o\000n}{chapter.20}% 176
\BOOKMARK [1][-]{section.20.11}{\376\377\000A\000d\000d\000i\000n\000g\000\040\000u\000s\000e\000f\000u\000l\000\040\000l\000i\000n\000k\000s\000\040\000t\000o\000\040\000o\000u\000r\000\040\000b\000a\000s\000e\000.\000h\000t\000m\000l\000.\000t\000w\000i\000g\000\040\000t\000e\000m\000p\000l\000a\000t\000e}{chapter.20}% 177
\BOOKMARK [1][-]{section.20.12}{\376\377\000A\000d\000d\000i\000n\000g\000\040\000t\000h\000e\000\040\000`\000a\000d\000d\000\040\000t\000o\000\040\000b\000a\000s\000k\000e\000t\000'\000\040\000l\000i\000n\000k\000\040\000i\000n\000\040\000t\000h\000e\000\040\000l\000i\000s\000t\000\040\000o\000f\000\040\000p\000r\000o\000d\000u\000c\000t\000s}{chapter.20}% 178
\BOOKMARK [-1][-]{part.7}{\376\377\000V\000I\000I\000\040\000S\000e\000c\000u\000r\000i\000t\000y\000\040\000a\000n\000d\000\040\000A\000u\000t\000h\000e\000n\000t\000i\000c\000a\000t\000i\000o\000n}{}% 179
\BOOKMARK [0][-]{chapter.21}{\376\377\000Q\000u\000i\000c\000k\000s\000t\000a\000r\000t\000\040\000S\000y\000m\000f\000o\000n\000y\000\040\000s\000e\000c\000u\000r\000i\000t\000y}{part.7}% 180
\BOOKMARK [1][-]{section.21.1}{\376\377\000L\000e\000a\000r\000n\000\040\000a\000b\000o\000u\000t\000\040\000S\000y\000m\000f\000o\000n\000y\000\040\000s\000e\000c\000u\000r\000i\000t\000y}{chapter.21}% 181
\BOOKMARK [1][-]{section.21.2}{\376\377\000N\000e\000w\000\040\000p\000r\000o\000j\000e\000c\000t\000\040\000w\000i\000t\000h\000\040\000o\000p\000e\000n\000\040\000a\000n\000d\000\040\000s\000e\000c\000u\000r\000e\000d\000\040\000r\000o\000u\000t\000e\000s\000\040\000\050\000p\000r\000o\000j\000e\000c\000t\000\040\000s\000e\000c\000u\000r\000i\000t\000y\0000\0001\000\051}{chapter.21}% 182
\BOOKMARK [1][-]{section.21.3}{\376\377\000C\000r\000e\000a\000t\000e\000\040\000n\000e\000w\000\040\000p\000r\000o\000j\000e\000c\000t\000\040\000a\000n\000d\000\040\000a\000d\000d\000\040\000t\000h\000e\000\040\000s\000e\000c\000u\000r\000i\000t\000y\000\040\000b\000u\000n\000d\000l\000e\000\040\000l\000i\000b\000r\000a\000r\000y}{chapter.21}% 183
\BOOKMARK [1][-]{section.21.4}{\376\377\000M\000a\000k\000e\000\040\000a\000\040\000D\000e\000f\000a\000u\000l\000t\000\040\000c\000o\000n\000t\000r\000o\000l\000l\000e\000r}{chapter.21}% 184
\BOOKMARK [1][-]{section.21.5}{\376\377\000M\000a\000k\000e\000\040\000a\000\040\000s\000e\000c\000u\000r\000e\000d\000\040\000A\000d\000m\000i\000n\000\040\000c\000o\000n\000t\000r\000o\000l\000l\000e\000r}{chapter.21}% 185
\BOOKMARK [1][-]{section.21.6}{\376\377\000C\000o\000r\000e\000\040\000f\000e\000a\000t\000u\000r\000e\000s\000\040\000a\000b\000o\000u\000t\000\040\000S\000y\000m\000f\000o\000n\000y\000\040\000s\000e\000c\000u\000r\000i\000t\000y}{chapter.21}% 186
\BOOKMARK [1][-]{section.21.7}{\376\377\000G\000e\000n\000e\000r\000a\000t\000i\000n\000g\000\040\000t\000h\000e\000\040\000s\000p\000e\000c\000i\000a\000l\000\040\000U\000s\000e\000r\000\040\000E\000n\000t\000i\000t\000y\000\040\000c\000l\000a\000s\000s\000\040\000\050\000p\000r\000o\000j\000e\000c\000t\000\040\000s\000e\000c\000u\000r\000i\000t\000y\0000\0002\000\051}{chapter.21}% 187
\BOOKMARK [1][-]{section.21.8}{\376\377\000R\000e\000v\000i\000e\000w\000\040\000t\000h\000e\000\040\000c\000h\000a\000n\000g\000e\000s\000\040\000t\000o\000\040\000t\000h\000e\000\040\000/\000c\000o\000n\000f\000i\000g\000/\000p\000a\000c\000k\000a\000g\000e\000s\000/\000s\000e\000c\000u\000r\000i\000t\000y\000.\000y\000m\000l\000\040\000f\000i\000l\000e}{chapter.21}% 188
\BOOKMARK [1][-]{section.21.9}{\376\377\000M\000i\000g\000r\000a\000t\000e\000\040\000n\000e\000w\000\040\000U\000s\000e\000r\000\040\000c\000l\000a\000s\000s\000\040\000t\000o\000\040\000y\000o\000u\000r\000\040\000d\000a\000t\000a\000b\000a\000s\000e}{chapter.21}% 189
\BOOKMARK [1][-]{section.21.10}{\376\377\000M\000a\000k\000e\000\040\000s\000o\000m\000e\000\040\000U\000s\000e\000r\000\040\000f\000i\000x\000t\000u\000r\000e\000s}{chapter.21}% 190
\BOOKMARK [1][-]{section.21.11}{\376\377\000R\000u\000n\000\040\000a\000n\000d\000\040\000c\000h\000e\000c\000k\000\040\000y\000o\000u\000r\000\040\000f\000i\000x\000t\000u\000r\000e\000s}{chapter.21}% 191
\BOOKMARK [1][-]{section.21.12}{\376\377\000C\000r\000e\000a\000t\000i\000n\000g\000\040\000a\000\040\000L\000o\000g\000i\000n\000\040\000f\000o\000r\000m}{chapter.21}% 192
\BOOKMARK [1][-]{section.21.13}{\376\377\000C\000h\000e\000c\000k\000\040\000t\000h\000e\000\040\000n\000e\000w\000\040\000r\000o\000u\000t\000e\000s}{chapter.21}% 193
\BOOKMARK [1][-]{section.21.14}{\376\377\000A\000l\000l\000o\000w\000\040\000a\000n\000y\000\040\000u\000s\000e\000r\000\040\000t\000o\000\040\000v\000i\000e\000w\000\040\000t\000h\000e\000\040\000l\000o\000g\000i\000n\000\040\000f\000o\000r\000m}{chapter.21}% 194
\BOOKMARK [1][-]{section.21.15}{\376\377\000C\000l\000e\000a\000r\000\040\000c\000a\000c\000h\000e\000\040\000\046\000\040\000v\000i\000s\000i\000t\000\040\000/\000a\000d\000m\000i\000n}{chapter.21}% 195
\BOOKMARK [1][-]{section.21.16}{\376\377\000U\000s\000i\000n\000g\000\040\000t\000h\000e\000\040\000/\000l\000o\000g\000o\000u\000t\000\040\000r\000o\000u\000t\000e}{chapter.21}% 196
\BOOKMARK [1][-]{section.21.17}{\376\377\000F\000i\000n\000d\000i\000n\000g\000\040\000a\000n\000d\000\040\000u\000s\000i\000n\000g\000\040\000t\000h\000e\000\040\000i\000n\000t\000e\000r\000n\000a\000l\000\040\000l\000o\000g\000i\000n\000/\000l\000o\000g\000o\000u\000t\000\040\000r\000o\000u\000t\000e\000\040\000n\000a\000m\000e\000s\000\040\000i\000n\000\040\000S\000e\000c\000u\000r\000i\000t\000y\000C\000o\000n\000t\000r\000o\000l\000l\000e\000r}{chapter.21}% 197
\BOOKMARK [0][-]{chapter.22}{\376\377\000S\000e\000c\000u\000r\000i\000t\000y\000\040\000u\000s\000e\000r\000s\000\040\000f\000r\000o\000m\000\040\000d\000a\000t\000a\000b\000a\000s\000e}{part.7}% 198
\BOOKMARK [1][-]{section.22.1}{\376\377\000I\000m\000p\000r\000o\000v\000i\000n\000g\000\040\000U\000s\000e\000r\000F\000i\000x\000t\000u\000r\000e\000s\000\040\000w\000i\000t\000h\000\040\000a\000\040\000c\000r\000e\000a\000t\000e\000U\000s\000e\000r\000\050\000.\000.\000.\000\051\000\040\000m\000e\000t\000h\000o\000d\000\040\000\050\000p\000r\000o\000j\000e\000c\000t\000\040\000s\000e\000c\000u\000r\000i\000t\000y\0000\0003\000\051}{chapter.22}% 199
\BOOKMARK [1][-]{section.22.2}{\376\377\000L\000o\000a\000d\000i\000n\000g\000\040\000t\000h\000e\000\040\000f\000i\000x\000t\000u\000r\000e\000s}{chapter.22}% 200
\BOOKMARK [1][-]{section.22.3}{\376\377\000U\000s\000i\000n\000g\000\040\000S\000Q\000L\000\040\000f\000r\000o\000m\000\040\000C\000L\000I\000\040\000t\000o\000\040\000s\000e\000e\000\040\000u\000s\000e\000r\000s\000\040\000i\000n\000\040\000D\000B}{chapter.22}% 201
\BOOKMARK [0][-]{chapter.23}{\376\377\000C\000u\000s\000t\000o\000m\000\040\000l\000o\000g\000i\000n\000\040\000p\000a\000g\000e}{part.7}% 202
\BOOKMARK [1][-]{section.23.1}{\376\377\000A\000\040\000D\000.\000I\000.\000Y\000.\000\040\000\050\000c\000u\000s\000t\000o\000m\000i\000s\000a\000b\000l\000e\000\051\000\040\000l\000o\000g\000i\000n\000\040\000f\000o\000r\000m\000\040\000\050\000p\000r\000o\000j\000e\000c\000t\000\040\000s\000e\000c\000u\000r\000i\000t\000y\0000\0004\000\051}{chapter.23}% 203
\BOOKMARK [1][-]{section.23.2}{\376\377\000S\000i\000m\000p\000l\000i\000f\000y\000i\000n\000g\000\040\000t\000h\000e\000\040\000g\000e\000n\000e\000r\000a\000t\000e\000d\000\040\000l\000o\000g\000i\000n\000\040\000T\000w\000i\000g\000\040\000t\000e\000m\000p\000l\000a\000t\000e}{chapter.23}% 204
\BOOKMARK [1][-]{section.23.3}{\376\377\000C\000S\000R\000F\000\040\000\050\000C\000r\000o\000s\000s\000\040\000S\000i\000t\000e\000\040\000R\000e\000q\000u\000e\000s\000t\000\040\000F\000o\000r\000g\000e\000r\000y\000\051\000\040\000p\000r\000o\000t\000e\000c\000t\000i\000o\000n}{chapter.23}% 205
\BOOKMARK [1][-]{section.23.4}{\376\377\000D\000i\000s\000p\000l\000a\000y\000\040\000a\000n\000y\000\040\000e\000r\000r\000o\000r\000s}{chapter.23}% 206
\BOOKMARK [1][-]{section.23.5}{\376\377\000C\000u\000s\000t\000o\000m\000\040\000l\000o\000g\000i\000n\000\040\000f\000o\000r\000m\000\040\000w\000h\000e\000n\000\040\000a\000t\000t\000e\000m\000p\000t\000i\000n\000g\000\040\000t\000o\000\040\000a\000c\000c\000e\000s\000s\000\040\000/\000a\000d\000m\000i\000n}{chapter.23}% 207
\BOOKMARK [1][-]{section.23.6}{\376\377\000P\000a\000t\000h\000\040\000f\000o\000r\000\040\000s\000u\000c\000c\000e\000s\000s\000f\000u\000l\000\040\000l\000o\000g\000i\000n}{chapter.23}% 208
\BOOKMARK [0][-]{chapter.24}{\376\377\000C\000u\000s\000t\000o\000m\000\040\000A\000c\000c\000e\000s\000s\000D\000e\000n\000i\000e\000d\000E\000x\000c\000e\000p\000t\000i\000o\000n\000\040\000h\000a\000n\000d\000l\000e\000r}{part.7}% 209
\BOOKMARK [1][-]{section.24.1}{\376\377\000S\000y\000m\000f\000o\000n\000y\000\040\000d\000o\000c\000u\000m\000e\000n\000t\000a\000t\000i\000o\000n\000\040\000f\000o\000r\000\040\0004\0000\0003\000\040\000a\000c\000c\000e\000s\000s\000\040\000d\000e\000n\000i\000e\000d\000\040\000e\000x\000c\000e\000p\000t\000i\000o\000n}{chapter.24}% 210
\BOOKMARK [1][-]{section.24.2}{\376\377\000D\000e\000c\000l\000a\000r\000i\000n\000g\000\040\000o\000u\000r\000\040\000h\000a\000n\000d\000l\000e\000r\000\040\000\050\000p\000r\000o\000j\000e\000c\000t\000\040\000s\000e\000c\000u\000r\000i\000t\000y\0000\0005\000\051}{chapter.24}% 211
\BOOKMARK [1][-]{section.24.3}{\376\377\000T\000h\000e\000\040\000e\000x\000c\000e\000p\000t\000i\000o\000n\000\040\000h\000a\000n\000d\000l\000e\000r\000\040\000c\000l\000a\000s\000s}{chapter.24}% 212
\BOOKMARK [0][-]{chapter.25}{\376\377\000T\000w\000i\000g\000\040\000a\000n\000d\000\040\000l\000o\000g\000g\000i\000n\000g}{part.7}% 213
\BOOKMARK [1][-]{section.25.1}{\376\377\000G\000e\000t\000t\000i\000n\000g\000\040\000r\000e\000f\000e\000r\000e\000n\000c\000e\000\040\000t\000o\000\040\000T\000w\000i\000g\000\040\000a\000n\000d\000\040\000L\000o\000g\000g\000e\000r\000\040\000o\000b\000j\000e\000c\000t\000s}{chapter.25}% 214
\BOOKMARK [1][-]{section.25.2}{\376\377\000U\000s\000i\000n\000g\000\040\000T\000w\000i\000g\000\040\000f\000o\000r\000\040\000a\000c\000c\000e\000s\000s\000\040\000d\000e\000n\000i\000e\000d\000\040\000m\000e\000s\000s\000a\000g\000e\000\040\000\050\000p\000r\000o\000j\000e\000c\000t\000\040\000s\000e\000c\000u\000r\000i\000t\000y\0000\0006\000\051}{chapter.25}% 215
\BOOKMARK [1][-]{section.25.3}{\376\377\000T\000h\000e\000\040\000T\000w\000i\000g\000\040\000p\000a\000g\000e}{chapter.25}% 216
\BOOKMARK [1][-]{section.25.4}{\376\377\000T\000e\000r\000m\000i\000n\000a\000l\000\040\000l\000o\000g}{chapter.25}% 217
\BOOKMARK [1][-]{section.25.5}{\376\377\000L\000e\000a\000r\000n\000\040\000m\000o\000r\000e\000\040\000a\000b\000o\000u\000t\000\040\000l\000o\000g\000g\000e\000r\000\040\000a\000n\000d\000\040\000e\000x\000c\000e\000p\000t\000i\000o\000n\000s}{chapter.25}% 218
\BOOKMARK [0][-]{chapter.26}{\376\377\000U\000s\000e\000r\000\040\000r\000o\000l\000e\000s\000\040\000a\000n\000d\000\040\000r\000o\000l\000e\000\040\000h\000i\000e\000r\000a\000r\000c\000h\000i\000e\000s}{part.7}% 219
\BOOKMARK [1][-]{section.26.1}{\376\377\000S\000i\000m\000p\000l\000i\000f\000y\000i\000n\000g\000\040\000r\000o\000l\000e\000s\000\040\000w\000i\000t\000h\000\040\000a\000\040\000h\000i\000e\000r\000a\000r\000c\000h\000y\000\040\000\050\000p\000r\000o\000j\000e\000c\000t\000\040\000s\000e\000c\000u\000r\000i\000t\000y\0000\0007\000\051}{chapter.26}% 220
\BOOKMARK [1][-]{section.26.2}{\376\377\000M\000o\000d\000i\000f\000y\000\040\000f\000i\000x\000t\000u\000r\000e\000s}{chapter.26}% 221
\BOOKMARK [1][-]{section.26.3}{\376\377\000R\000e\000m\000o\000v\000i\000n\000g\000\040\000d\000e\000f\000a\000u\000l\000t\000\040\000a\000d\000d\000i\000n\000g\000\040\000o\000f\000\040\000R\000O\000L\000E\000\137\000U\000S\000E\000R\000\040\000i\000f\000\040\000u\000s\000i\000n\000g\000\040\000a\000\040\000h\000i\000e\000r\000a\000r\000c\000h\000y}{chapter.26}% 222
\BOOKMARK [1][-]{section.26.4}{\376\377\000A\000l\000l\000o\000w\000i\000n\000g\000\040\000e\000a\000s\000y\000\040\000s\000w\000i\000t\000c\000h\000i\000n\000g\000\040\000o\000f\000\040\000u\000s\000e\000r\000s\000\040\000w\000h\000e\000n\000\040\000d\000e\000b\000u\000g\000g\000i\000n\000g}{chapter.26}% 223
\BOOKMARK [0][-]{chapter.27}{\376\377\000C\000u\000s\000t\000o\000m\000i\000s\000i\000n\000g\000\040\000v\000i\000e\000w\000\040\000b\000a\000s\000e\000d\000\040\000o\000n\000\040\000l\000o\000g\000g\000e\000d\000-\000i\000n\000\040\000u\000s\000e\000r}{part.7}% 224
\BOOKMARK [1][-]{section.27.1}{\376\377\000T\000w\000i\000g\000\040\000n\000a\000v\000\040\000l\000i\000n\000k\000s\000\040\000w\000h\000e\000n\000\040\000l\000o\000g\000g\000e\000d\000\040\000i\000n\000\040\000\050\000p\000r\000o\000j\000e\000c\000t\000\040\000s\000e\000c\000u\000r\000i\000t\000y\0000\0008\000\051}{chapter.27}% 225
\BOOKMARK [1][-]{section.27.2}{\376\377\000G\000e\000t\000t\000i\000n\000g\000\040\000r\000e\000f\000e\000r\000e\000n\000c\000e\000\040\000t\000o\000\040\000t\000h\000e\000\040\000c\000u\000r\000r\000e\000n\000t\000\040\000u\000s\000e\000r\000\040\000i\000n\000\040\000a\000\040\000C\000o\000n\000t\000r\000o\000l\000l\000e\000r}{chapter.27}% 226
\BOOKMARK [0][-]{chapter.28}{\376\377\000S\000i\000m\000p\000l\000i\000f\000y\000i\000n\000g\000\040\000r\000o\000l\000e\000s\000\040\000a\000n\000d\000\040\000a\000d\000d\000i\000n\000g\000\040\000s\000e\000c\000u\000r\000e\000\040\000U\000s\000e\000r\000\040\000C\000R\000U\000D\000\040\000\050\000p\000r\000o\000j\000e\000c\000t\000\040\000s\000e\000c\000u\000r\000i\000t\000y\0000\0009\000\051}{part.7}% 227
\BOOKMARK [1][-]{section.28.1}{\376\377\000U\000s\000e\000r\000\040\000C\000R\000U\000D\000\040\000P\000R\000O\000B\000L\000E\000M\000\040\0001\000:\000\040\000a\000n\000\040\000a\000r\000r\000a\000y\000\040\000o\000f\000\040\000R\000O\000L\000E\000S}{chapter.28}% 228
\BOOKMARK [1][-]{section.28.2}{\376\377\000U\000s\000e\000r\000\040\000C\000R\000U\000D\000\040\000P\000R\000O\000B\000L\000E\000M\000\040\0001\000:\000\040\000a\000\040\000s\000o\000l\000u\000t\000i\000o\000n}{chapter.28}% 229
\BOOKMARK [1][-]{section.28.3}{\376\377\000U\000s\000e\000r\000\040\000C\000R\000U\000D\000\040\000P\000R\000O\000B\000L\000E\000M\000\040\0002\000:\000\040\000p\000l\000a\000i\000n\000\040\000t\000e\000s\000t\000\040\000p\000a\000s\000s\000w\000o\000r\000d\000\040\000s\000t\000o\000r\000e\000d\000\040\000i\000n\000\040\000D\000B}{chapter.28}% 230
\BOOKMARK [1][-]{section.28.4}{\376\377\000U\000s\000e\000r\000\040\000C\000R\000U\000D\000\040\000P\000R\000O\000B\000L\000E\000M\000\040\0002\000:\000\040\000a\000\040\000s\000o\000l\000u\000t\000i\000o\000n}{chapter.28}% 231
\BOOKMARK [1][-]{section.28.5}{\376\377\000S\000e\000c\000u\000r\000i\000n\000g\000\040\000t\000h\000e\000\040\000U\000s\000e\000r\000\040\000C\000R\000U\000D\000\040\000f\000o\000r\000\040\000R\000O\000L\000E\000\137\000A\000D\000M\000I\000N\000\040\000o\000n\000l\000y}{chapter.28}% 232
\BOOKMARK [1][-]{section.28.6}{\376\377\000F\000u\000r\000t\000h\000e\000r\000\040\000s\000t\000e\000p\000s}{chapter.28}% 233
\BOOKMARK [-1][-]{part.8}{\376\377\000V\000I\000I\000I\000\040\000E\000n\000t\000i\000t\000y\000\040\000a\000s\000s\000o\000c\000i\000a\000t\000i\000o\000n\000s\000\040\000\050\000o\000n\000e\000-\000t\000o\000-\000m\000a\000n\000y\000\040\000r\000e\000l\000a\000t\000i\000o\000n\000s\000h\000i\000p\000s\000\040\000e\000t\000c\000.\000\051}{}% 234
\BOOKMARK [0][-]{chapter.29}{\376\377\000D\000a\000t\000a\000b\000a\000s\000e\000\040\000r\000e\000l\000a\000t\000i\000o\000n\000s\000h\000i\000p\000s\000\040\000\050\000D\000o\000c\000t\000r\000i\000n\000e\000\040\000a\000s\000s\000o\000c\000i\000a\000t\000i\000o\000n\000s\000\051}{part.8}% 235
\BOOKMARK [1][-]{section.29.1}{\376\377\000I\000n\000f\000o\000r\000m\000a\000t\000i\000o\000n\000\040\000a\000b\000o\000u\000t\000\040\000S\000y\000m\000f\000o\000n\000y\000\040\0004\000\040\000a\000n\000d\000\040\000d\000a\000t\000a\000b\000a\000s\000e\000s}{chapter.29}% 236
\BOOKMARK [1][-]{section.29.2}{\376\377\000C\000r\000e\000a\000t\000e\000\040\000a\000\040\000n\000e\000w\000\040\000p\000r\000o\000j\000e\000c\000t\000\040\000f\000r\000o\000m\000\040\000s\000c\000r\000a\000t\000c\000h\000\040\000\050\000p\000r\000o\000j\000e\000c\000t\000\040\000a\000s\000s\000o\000c\000i\000a\000t\000i\000o\000n\000s\0000\0001\000\051}{chapter.29}% 237
\BOOKMARK [1][-]{section.29.3}{\376\377\000C\000a\000t\000e\000g\000o\000r\000i\000e\000s\000\040\000f\000o\000r\000\040\000P\000r\000o\000d\000u\000c\000t\000s}{chapter.29}% 238
\BOOKMARK [1][-]{section.29.4}{\376\377\000D\000e\000f\000i\000n\000i\000n\000g\000\040\000t\000h\000e\000\040\000m\000a\000n\000y\000-\000t\000o\000-\000o\000n\000e\000\040\000r\000e\000l\000a\000t\000i\000o\000n\000s\000h\000i\000p\000\040\000f\000r\000o\000m\000\040\000P\000r\000o\000d\000u\000c\000t\000\040\000t\000o\000\040\000C\000a\000t\000e\000g\000o\000r\000y}{chapter.29}% 239
\BOOKMARK [1][-]{section.29.5}{\376\377\000H\000o\000w\000\040\000t\000o\000\040\000a\000l\000l\000o\000w\000\040\000n\000u\000l\000l\000\040\000f\000o\000r\000\040\000a\000\040\000P\000r\000o\000d\000u\000c\000t\000'\000s\000\040\000c\000a\000t\000e\000g\000o\000r\000y}{chapter.29}% 240
\BOOKMARK [1][-]{section.29.6}{\376\377\000A\000d\000d\000i\000n\000g\000\040\000t\000h\000e\000\040\000o\000p\000t\000i\000o\000n\000a\000l\000\040\000o\000n\000e\000-\000t\000o\000-\000m\000a\000n\000y\000\040\000r\000e\000l\000a\000t\000i\000o\000n\000s\000h\000i\000p\000\040\000f\000r\000o\000m\000\040\000C\000a\000t\000e\000g\000o\000r\000y\000\040\000t\000o\000\040\000P\000r\000o\000d\000u\000c\000t}{chapter.29}% 241
\BOOKMARK [1][-]{section.29.7}{\376\377\000C\000r\000e\000a\000t\000e\000\040\000a\000n\000d\000\040\000m\000i\000g\000r\000a\000t\000e\000\040\000D\000B\000\040\000s\000c\000h\000e\000m\000a}{chapter.29}% 242
\BOOKMARK [1][-]{section.29.8}{\376\377\000G\000e\000n\000e\000r\000a\000t\000e\000\040\000C\000R\000U\000D\000\040\000f\000o\000r\000\040\000P\000r\000o\000d\000u\000c\000t\000\040\000a\000n\000d\000\040\000C\000a\000t\000e\000g\000o\000r\000y}{chapter.29}% 243
\BOOKMARK [1][-]{section.29.9}{\376\377\000A\000d\000d\000\040\000C\000a\000t\000e\000g\000o\000r\000y\000\040\000s\000e\000l\000e\000c\000t\000i\000o\000n\000\040\000i\000n\000\040\000P\000r\000o\000d\000u\000c\000t\000\040\000f\000o\000r\000m}{chapter.29}% 244
\BOOKMARK [1][-]{section.29.10}{\376\377\000A\000d\000d\000\040\000s\000m\000a\000l\000l\000\040\000a\000n\000d\000\040\000l\000a\000r\000g\000e\000\040\000i\000t\000e\000m\000\040\000C\000a\000t\000e\000g\000o\000r\000y}{chapter.29}% 245
\BOOKMARK [1][-]{section.29.11}{\376\377\000D\000r\000o\000p\000-\000d\000o\000w\000n\000\040\000m\000e\000n\000u\000\040\000o\000f\000\040\000c\000a\000t\000e\000g\000o\000r\000i\000e\000s\000\040\000w\000h\000e\000n\000\040\000c\000r\000e\000a\000t\000i\000n\000g\000/\000e\000d\000i\000t\000i\000n\000g\000\040\000P\000r\000o\000d\000u\000c\000t\000s}{chapter.29}% 246
\BOOKMARK [1][-]{section.29.12}{\376\377\000A\000d\000d\000i\000n\000g\000\040\000d\000i\000s\000p\000l\000a\000y\000\040\000o\000f\000\040\000C\000a\000t\000e\000g\000o\000r\000y\000\040\000t\000o\000\040\000l\000i\000s\000t\000\040\000a\000n\000d\000\040\000s\000h\000o\000w\000\040\000P\000r\000o\000d\000u\000c\000t}{chapter.29}% 247
\BOOKMARK [1][-]{section.29.13}{\376\377\000t\000o\000S\000t\000r\000i\000n\000g\000\050\000\051\000\040\000m\000e\000t\000h\000o\000d}{chapter.29}% 248
\BOOKMARK [1][-]{section.29.14}{\376\377\000S\000e\000t\000u\000p\000\040\000r\000e\000l\000a\000t\000i\000o\000n\000s\000h\000i\000p\000\040\000v\000i\000a\000\040\000m\000a\000k\000e}{chapter.29}% 249
\BOOKMARK [0][-]{chapter.30}{\376\377\000M\000a\000n\000y\000-\000t\000o\000-\000o\000n\000e\000\040\000\050\000e\000.\000g\000.\000\040\000P\000r\000o\000d\000u\000c\000t\000s\000\040\000f\000o\000r\000\040\000a\000\040\000s\000i\000n\000g\000l\000e\000\040\000C\000a\000t\000e\000g\000o\000r\000y\000\051}{part.8}% 250
\BOOKMARK [1][-]{section.30.1}{\376\377\000B\000a\000s\000i\000c\000\040\000l\000i\000s\000t\000\040\000p\000r\000o\000d\000u\000c\000t\000s\000\040\000f\000o\000r\000\040\000c\000u\000r\000r\000e\000n\000t\000\040\000C\000a\000t\000e\000g\000o\000r\000y\000\040\000\050\000p\000r\000o\000j\000e\000c\000t\000\040\000a\000s\000s\000o\000c\000i\000a\000t\000i\000o\000n\000s\0000\0002\000\051}{chapter.30}% 251
\BOOKMARK [1][-]{section.30.2}{\376\377\000A\000d\000d\000\040\000g\000e\000t\000P\000r\000o\000d\000u\000c\000t\000s\000\050\000\051\000\040\000f\000o\000r\000\040\000E\000n\000t\000i\000t\000y\000\040\000C\000a\000t\000e\000g\000o\000r\000y}{chapter.30}% 252
\BOOKMARK [1][-]{section.30.3}{\376\377\000A\000d\000d\000\040\000a\000\040\000\137\000\137\000t\000o\000S\000t\000r\000i\000n\000g\000\050\000\051\000\040\000f\000o\000r\000\040\000E\000n\000t\000i\000t\000y\000\040\000P\000r\000o\000d\000u\000c\000t\000s}{chapter.30}% 253
\BOOKMARK [1][-]{section.30.4}{\376\377\000M\000a\000k\000e\000\040\000C\000a\000t\000e\000g\000o\000r\000y\000\040\000f\000o\000r\000m\000\040\000t\000y\000p\000e\000\040\000a\000d\000d\000\040\000p\000r\000o\000d\000u\000c\000t\000s\000\040\000p\000r\000o\000p\000e\000r\000t\000y}{chapter.30}% 254
\BOOKMARK [1][-]{section.30.5}{\376\377\000A\000d\000d\000i\000n\000g\000\040\000a\000\040\000n\000i\000c\000e\000r\000\040\000l\000i\000s\000t\000\040\000o\000f\000\040\000P\000r\000o\000d\000u\000c\000t\000s\000\040\000f\000o\000r\000\040\000C\000a\000t\000e\000g\000o\000r\000y\000\040\000s\000h\000o\000w\000\040\000p\000a\000g\000e}{chapter.30}% 255
\BOOKMARK [1][-]{section.30.6}{\376\377\000I\000m\000p\000r\000o\000v\000i\000n\000g\000\040\000t\000h\000e\000\040\000E\000d\000i\000t\000\040\000f\000o\000r\000m\000\040\000\050\000p\000r\000o\000j\000e\000c\000t\000\040\000a\000s\000s\000o\000c\000i\000a\000t\000i\000o\000n\000s\0000\0003\000\051}{chapter.30}% 256
\BOOKMARK [1][-]{section.30.7}{\376\377\000C\000r\000e\000a\000t\000i\000n\000g\000\040\000r\000e\000l\000a\000t\000e\000d\000\040\000o\000b\000j\000e\000c\000t\000s\000\040\000a\000s\000\040\000F\000i\000x\000t\000u\000r\000e\000s\000\040\000\050\000p\000r\000o\000j\000e\000c\000t\000\040\000a\000s\000s\000o\000c\000i\000a\000t\000i\000o\000n\000s\0000\0004\000\051}{chapter.30}% 257
\BOOKMARK [1][-]{section.30.8}{\376\377\000U\000s\000i\000n\000g\000\040\000J\000o\000i\000n\000s\000\040\000i\000n\000\040\000c\000u\000s\000t\000o\000m\000\040\000R\000e\000p\000o\000s\000i\000t\000o\000r\000y\000\040\000c\000l\000a\000s\000s\000e\000s}{chapter.30}% 258
\BOOKMARK [0][-]{chapter.31}{\376\377\000L\000o\000g\000g\000e\000d\000-\000i\000n\000\040\000u\000s\000e\000r\000\040\000s\000t\000o\000r\000e\000d\000\040\000a\000s\000\040\000i\000t\000e\000m\000\040\000a\000u\000t\000h\000o\000r}{part.8}% 259
\BOOKMARK [1][-]{section.31.1}{\376\377\000G\000e\000t\000t\000i\000n\000g\000\040\000U\000s\000e\000r\000\040\000o\000b\000j\000e\000c\000t\000\040\000f\000o\000r\000\040\000c\000u\000r\000r\000e\000n\000t\000l\000y\000\040\000l\000o\000g\000g\000e\000d\000-\000i\000n\000\040\000u\000s\000e\000r}{chapter.31}% 260
\BOOKMARK [1][-]{section.31.2}{\376\377\000S\000i\000m\000p\000l\000e\000\040\000e\000x\000a\000m\000p\000l\000e\000:\000\040\000U\000s\000e\000r\000s\000\040\000a\000n\000d\000\040\000t\000h\000e\000i\000r\000\040\000c\000o\000u\000n\000t\000y\000\040\000\050\000a\000s\000s\000o\000c\000i\000a\000t\000i\000o\000n\000s\0000\0005\000\051}{chapter.31}% 261
\BOOKMARK [1][-]{section.31.3}{\376\377\000A\000d\000d\000\040\000t\000o\000S\000t\000r\000i\000n\000g\000\040\000m\000e\000t\000h\000o\000d\000\040\000t\000o\000\040\000U\000s\000e\000r}{chapter.31}% 262
\BOOKMARK [1][-]{section.31.4}{\376\377\000U\000s\000e\000\040\000c\000u\000r\000r\000e\000n\000t\000l\000y\000\040\000l\000o\000g\000g\000e\000d\000-\000i\000n\000\040\000u\000s\000e\000r\000\040\000a\000s\000\040\000a\000u\000t\000h\000o\000r}{chapter.31}% 263
\BOOKMARK [1][-]{section.31.5}{\376\377\000P\000r\000o\000t\000e\000c\000t\000\040\000C\000R\000U\000D\000\040\000s\000o\000\040\000m\000u\000s\000t\000\040\000b\000e\000\040\000l\000o\000g\000g\000e\000d\000\040\000i\000n}{chapter.31}% 264
\BOOKMARK [-1][-]{part.9}{\376\377\000I\000X\000\040\000P\000H\000P\000D\000o\000c\000u\000m\000e\000n\000t\000o\000r\000\040\000\050\0002\000\051}{}% 265
\BOOKMARK [0][-]{chapter.32}{\376\377\000P\000H\000P\000D\000o\000c\000u\000m\000e\000n\000t\000o\000r}{part.9}% 266
\BOOKMARK [1][-]{section.32.1}{\376\377\000W\000h\000y\000\040\000d\000o\000c\000u\000m\000e\000n\000t\000\040\000c\000o\000d\000e\000?}{chapter.32}% 267
\BOOKMARK [1][-]{section.32.2}{\376\377\000S\000e\000l\000f\000-\000d\000o\000c\000u\000m\000e\000n\000t\000i\000n\000g\000\040\000c\000o\000d\000e}{chapter.32}% 268
\BOOKMARK [1][-]{section.32.3}{\376\377\000P\000H\000P\000D\000o\000c\000u\000m\000e\000n\000t\000o\000r\000\040\0002}{chapter.32}% 269
\BOOKMARK [1][-]{section.32.4}{\376\377\000I\000n\000s\000t\000a\000l\000l\000i\000n\000g\000\040\000P\000H\000P\000D\000o\000c\000u\000m\000e\000n\000t\000o\000r\000\040\0002\000\040\000-\000\040\000t\000h\000e\000\040\000P\000H\000A\000R}{chapter.32}% 270
\BOOKMARK [1][-]{section.32.5}{\376\377\000I\000n\000s\000t\000a\000l\000l\000i\000n\000g\000\040\000P\000H\000P\000D\000o\000c\000u\000m\000e\000n\000t\000o\000r\000\040\0002\000\040\000-\000\040\000v\000i\000a\000\040\000C\000o\000m\000p\000o\000s\000e\000r}{chapter.32}% 271
\BOOKMARK [1][-]{section.32.6}{\376\377\000D\000o\000c\000B\000l\000o\000c\000k\000\040\000c\000o\000m\000m\000e\000n\000t\000s}{chapter.32}% 272
\BOOKMARK [1][-]{section.32.7}{\376\377\000G\000e\000n\000e\000r\000a\000t\000i\000n\000g\000\040\000t\000h\000e\000\040\000d\000o\000c\000u\000m\000e\000n\000t\000a\000t\000i\000o\000n}{chapter.32}% 273
\BOOKMARK [1][-]{section.32.8}{\376\377\000U\000s\000i\000n\000g\000\040\000a\000n\000\040\000X\000M\000L\000\040\000c\000o\000n\000f\000i\000g\000u\000r\000a\000t\000i\000o\000n\000\040\000f\000i\000l\000e\000\040\000p\000h\000p\000d\000o\000c\000.\000d\000i\000s\000t\000.\000x\000m\000l}{chapter.32}% 274
\BOOKMARK [1][-]{section.32.9}{\376\377\000W\000A\000R\000N\000I\000N\000G\000\040\000-\000\040\000P\000H\000P\000S\000t\000o\000r\000m\000\040\000d\000e\000f\000a\000u\000l\000t\000\040\000c\000o\000m\000m\000e\000n\000t\000s}{chapter.32}% 275
\BOOKMARK [1][-]{section.32.10}{\376\377\000T\000O\000D\000O\000\040\000-\000\040\000s\000p\000e\000c\000i\000a\000l\000\040\000t\000r\000e\000a\000t\000m\000e\000n\000t}{chapter.32}% 276
\BOOKMARK [-1][-]{part.10}{\376\377\000X\000\040\000S\000y\000m\000f\000o\000n\000y\000\040\000T\000e\000s\000t\000i\000n\000g\000\040\000w\000i\000t\000h\000\040\000C\000o\000d\000e\000c\000e\000p\000t\000i\000o\000n}{}% 277
\BOOKMARK [0][-]{chapter.33}{\376\377\000U\000n\000i\000t\000\040\000t\000e\000s\000t\000i\000n\000g\000\040\000i\000n\000\040\000S\000y\000m\000f\000o\000n\000y\000\040\000w\000i\000t\000h\000\040\000C\000o\000d\000e\000c\000e\000p\000t\000i\000o\000n}{part.10}% 278
\BOOKMARK [1][-]{section.33.1}{\376\377\000C\000o\000d\000e\000c\000e\000p\000t\000i\000o\000n\000\040\000O\000p\000e\000n\000\040\000S\000o\000u\000r\000c\000e\000\040\000B\000D\000D\000\040\000p\000r\000o\000j\000e\000c\000t}{chapter.33}% 279
\BOOKMARK [1][-]{section.33.2}{\376\377\000A\000d\000d\000i\000n\000g\000\040\000C\000o\000d\000e\000c\000e\000p\000t\000i\000o\000n\000\040\000t\000o\000\040\000a\000n\000\040\000e\000x\000i\000s\000t\000i\000n\000g\000\040\000p\000r\000o\000j\000e\000c\000t\000\040\000\050\000p\000r\000o\000j\000e\000c\000t\000\040\000c\000o\000d\000e\000c\000e\000p\000t\000i\000o\000n\0000\0001\000\051}{chapter.33}% 280
\BOOKMARK [1][-]{section.33.3}{\376\377\000I\000n\000s\000t\000a\000l\000l\000i\000n\000g\000\040\000t\000h\000e\000\040\000r\000e\000q\000u\000i\000r\000e\000d\000\040\000m\000o\000d\000u\000l\000e\000s}{chapter.33}% 281
\BOOKMARK [1][-]{section.33.4}{\376\377\000W\000h\000a\000t\000\040\000C\000o\000d\000e\000c\000e\000p\000t\000i\000o\000n\000\040\000h\000a\000s\000\040\000a\000d\000d\000e\000d\000\040\000t\000o\000\040\000o\000u\000r\000\040\000p\000r\000o\000j\000e\000c\000t}{chapter.33}% 282
\BOOKMARK [0][-]{chapter.34}{\376\377\000A\000c\000c\000e\000p\000t\000a\000n\000c\000e\000\040\000T\000e\000s\000t\000s}{part.10}% 283
\BOOKMARK [1][-]{section.34.1}{\376\377\000T\000e\000s\000t\000\040\000f\000o\000r\000\040\000h\000o\000m\000e\000\040\000p\000a\000g\000e\000\040\000t\000e\000x\000t\000\040\000a\000t\000\040\000/\000\040\000\050\000p\000r\000o\000j\000e\000c\000t\000\040\000c\000o\000d\000e\000c\000e\000p\000t\000i\000o\000n\0000\0002\000\051}{chapter.34}% 284
\BOOKMARK [1][-]{section.34.2}{\376\377\000R\000u\000n\000\040\000t\000h\000e\000\040\000t\000e\000s\000t\000\040\000\050\000f\000a\000i\000l\000\040\000-\000\040\000s\000e\000r\000v\000e\000r\000\040\000n\000o\000t\000\040\000r\000u\000n\000n\000i\000n\000g\000\051}{chapter.34}% 285
\BOOKMARK [1][-]{section.34.3}{\376\377\000R\000u\000n\000\040\000t\000h\000e\000\040\000t\000e\000s\000t\000\040\000\050\000p\000a\000s\000s\000,\000\040\000w\000h\000e\000n\000\040\000s\000e\000r\000v\000e\000r\000\040\000r\000u\000n\000n\000i\000n\000g\000\051}{chapter.34}% 286
\BOOKMARK [1][-]{section.34.4}{\376\377\000F\000r\000o\000m\000\040\000r\000e\000d\000\040\000t\000o\000\040\000g\000r\000e\000e\000n}{chapter.34}% 287
\BOOKMARK [1][-]{section.34.5}{\376\377\000M\000a\000k\000e\000\040\000g\000r\000e\000e\000n\000\040\000-\000\040\000a\000d\000d\000\040\000l\000i\000n\000k\000\040\000t\000o\000\040\000a\000b\000o\000u\000t\000\040\000p\000a\000g\000e\000\040\000i\000n\000\040\000b\000a\000s\000e\000\040\000T\000w\000i\000g\000\040\000t\000e\000m\000p\000l\000a\000t\000e}{chapter.34}% 288
\BOOKMARK [1][-]{section.34.6}{\376\377\000A\000n\000n\000o\000t\000a\000t\000i\000o\000n\000\040\000s\000t\000y\000l\000e\000\040\000d\000a\000t\000a\000\040\000p\000r\000o\000v\000i\000d\000e\000r\000\040\000t\000o\000\040\000t\000e\000s\000t\000\040\000m\000u\000l\000t\000i\000p\000l\000e\000\040\000d\000a\000t\000a\000\040\000\050\000p\000r\000o\000j\000e\000c\000t\000\040\000c\000o\000d\000e\000c\000e\000p\000t\000i\000o\000n\0000\0003\000\051}{chapter.34}% 289
\BOOKMARK [1][-]{section.34.7}{\376\377\000T\000r\000a\000d\000i\000t\000i\000o\000n\000a\000l\000\040\000D\000a\000t\000a\000\040\000P\000r\000o\000v\000i\000d\000e\000r\000\040\000s\000y\000n\000t\000a\000x}{chapter.34}% 290
\BOOKMARK [1][-]{section.34.8}{\376\377\000C\000o\000m\000m\000o\000n\000\040\000a\000s\000s\000e\000r\000t\000i\000o\000n\000s\000\040\000f\000o\000r\000\040\000A\000c\000c\000e\000p\000t\000a\000n\000c\000e\000\040\000t\000e\000s\000t\000s}{chapter.34}% 291
\BOOKMARK [0][-]{chapter.35}{\376\377\000F\000i\000l\000l\000i\000n\000g\000\040\000o\000u\000t\000\040\000f\000o\000r\000m\000s}{part.10}% 292
\BOOKMARK [1][-]{section.35.1}{\376\377\000S\000e\000t\000u\000p\000\040\000d\000a\000t\000a\000b\000a\000s\000e\000\040\000\050\000p\000r\000o\000j\000e\000c\000t\000\040\000c\000o\000d\000e\000c\000e\000p\000t\000i\000o\000n\0000\0004\000\051}{chapter.35}% 293
\BOOKMARK [1][-]{section.35.2}{\376\377\000V\000i\000e\000w\000\040\000t\000h\000e\000\040\000T\000w\000i\000g\000\040\000t\000e\000m\000p\000l\000a\000t\000e\000\040\000f\000o\000r\000\040\000a\000\040\000n\000e\000w\000\040\000R\000e\000c\000i\000p\000e}{chapter.35}% 294
\BOOKMARK [1][-]{section.35.3}{\376\377\000C\000e\000s\000t\000\040\000t\000o\000\040\000e\000n\000t\000e\000r\000\040\000a\000\040\000n\000e\000w\000\040\000r\000e\000c\000i\000p\000e}{chapter.35}% 295
\BOOKMARK [0][-]{chapter.36}{\376\377\000C\000o\000d\000e\000c\000e\000p\000t\000i\000o\000n\000\040\000S\000y\000m\000f\000o\000n\000y\000\040\000D\000B\000\040\000t\000e\000s\000t\000i\000n\000g}{part.10}% 296
\BOOKMARK [1][-]{section.36.1}{\376\377\000A\000d\000d\000i\000n\000g\000\040\000S\000y\000m\000f\000o\000n\000y\000\040\000a\000n\000d\000\040\000D\000o\000c\000t\000r\000i\000n\000e\000\040\000t\000o\000\040\000t\000h\000e\000\040\000s\000e\000t\000t\000i\000n\000g\000s\000\040\000\050\000p\000r\000o\000j\000e\000c\000t\000\040\000c\000o\000d\000e\000c\000e\000p\000t\000i\000o\000n\0000\0005\000\051}{chapter.36}% 297
\BOOKMARK [1][-]{section.36.2}{\376\377\000T\000e\000s\000t\000\040\000U\000s\000e\000r\000s\000\040\000i\000n\000\040\000D\000B\000\040\000f\000r\000o\000m\000\040\000F\000i\000x\000t\000u\000r\000e\000s}{chapter.36}% 298
\BOOKMARK [1][-]{section.36.3}{\376\377\000C\000h\000e\000c\000k\000\040\000D\000B\000\040\000r\000e\000s\000e\000t\000\040\000a\000f\000t\000e\000r\000\040\000e\000a\000c\000h\000\040\000t\000e\000s\000t}{chapter.36}% 299
\BOOKMARK [1][-]{section.36.4}{\376\377\000C\000o\000u\000n\000t\000i\000n\000g\000\040\000i\000t\000e\000m\000s\000\040\000r\000e\000t\000r\000i\000e\000v\000e\000d\000\040\000f\000r\000o\000m\000\040\000D\000B\000\040\000\050\000p\000r\000o\000j\000e\000c\000t\000\040\000c\000o\000d\000e\000c\000e\000p\000t\000i\000o\000n\0000\0006\000\051}{chapter.36}% 300
\BOOKMARK [1][-]{section.36.5}{\376\377\000C\000r\000e\000a\000t\000e\000\040\000a\000\040\000R\000e\000c\000i\000p\000e\000\040\000f\000i\000x\000t\000u\000r\000e}{chapter.36}% 301
\BOOKMARK [1][-]{section.36.6}{\376\377\000C\000o\000m\000p\000a\000r\000i\000n\000g\000\040\000R\000e\000p\000o\000s\000i\000t\000o\000r\000y\000\040\000c\000o\000u\000n\000t\000s\000\040\000B\000E\000F\000O\000R\000E\000\040\000a\000n\000d\000\040\000A\000F\000T\000E\000R\000\040\000D\000B\000\040\000a\000c\000t\000i\000o\000n\000s}{chapter.36}% 302
\BOOKMARK [1][-]{section.36.7}{\376\377\000T\000e\000s\000t\000i\000n\000g\000\040\000p\000r\000o\000p\000e\000r\000t\000i\000e\000s\000\040\000o\000f\000\040\000i\000t\000e\000m\000s\000\040\000a\000d\000d\000e\000d\000\040\000t\000o\000\040\000t\000h\000e\000\040\000d\000a\000t\000a\000b\000a\000s\000e}{chapter.36}% 303
\BOOKMARK [0][-]{chapter.37}{\376\377\000T\000e\000s\000t\000i\000n\000g\000\040\000u\000s\000e\000r\000\040\000r\000o\000l\000e\000\040\000a\000u\000t\000h\000e\000n\000t\000i\000c\000a\000t\000i\000o\000n}{part.10}% 304
\BOOKMARK [1][-]{section.37.1}{\376\377\000A\000u\000t\000o\000m\000a\000t\000i\000n\000g\000\040\000u\000s\000e\000r\000\040\000l\000o\000g\000i\000n\000\040\000\050\000p\000r\000o\000j\000e\000c\000t\000\040\000c\000o\000d\000e\000c\000e\000p\000t\000i\000o\000n\0000\0007\000\051}{chapter.37}% 305
\BOOKMARK [1][-]{section.37.2}{\376\377\000T\000e\000s\000t\000i\000n\000g\000\040\000l\000o\000g\000i\000n\000\040\000\046\000\040\000l\000i\000n\000k\000\040\000v\000i\000s\000i\000b\000i\000l\000i\000t\000y\000\040\000w\000i\000t\000h\000\040\000h\000e\000l\000p\000e\000r\000\040\000m\000e\000t\000h\000o\000d\000s}{chapter.37}% 306
\BOOKMARK [1][-]{section.37.3}{\376\377\000T\000e\000s\000t\000i\000n\000g\000\040\000a\000c\000c\000e\000s\000s\000\040\000d\000e\000n\000i\000e\000d\000\040\000m\000e\000s\000s\000a\000g\000e\000s}{chapter.37}% 307
\BOOKMARK [0][-]{chapter.38}{\376\377\000T\000e\000s\000t\000i\000n\000g\000\040\000r\000o\000l\000e\000s\000\040\000b\000y\000\040\000c\000r\000e\000a\000t\000i\000n\000g\000\040\000a\000n\000d\000\040\000t\000e\000s\000t\000i\000n\000g\000\040\000n\000e\000w\000\040\000u\000s\000e\000r\000s}{part.10}% 308
\BOOKMARK [1][-]{section.38.1}{\376\377\000A\000u\000t\000o\000m\000a\000t\000i\000c\000\040\000U\000s\000e\000r\000\040\000C\000r\000u\000d\000\040\000\050\000p\000r\000o\000j\000e\000c\000t\000\040\000c\000o\000d\000e\000c\000e\000p\000t\000i\000o\000n\0000\0008\000\051}{chapter.38}% 309
\BOOKMARK [1][-]{section.38.2}{\376\377\000T\000e\000s\000t\000i\000n\000g\000\040\000n\000u\000m\000b\000e\000r\000\040\000o\000f\000\040\000u\000s\000e\000r\000s\000\040\000i\000n\000\040\000D\000B\000\040\000r\000e\000p\000o\000s\000i\000t\000o\000r\000y\000\040\000i\000n\000c\000r\000e\000a\000s\000e\000s\000\040\000b\000y\000\040\0001\000\040\000a\000f\000t\000e\000r\000\040\000c\000r\000e\000a\000t\000i\000n\000g}{chapter.38}% 310
\BOOKMARK [1][-]{section.38.3}{\376\377\000T\000e\000s\000t\000\040\000w\000e\000\040\000c\000a\000n\000\040\000o\000n\000l\000y\000\040\000s\000e\000e\000\040\000n\000e\000w\000\040\000u\000s\000e\000r\000\040\000i\000n\000\040\000D\000B\000\040\000R\000e\000p\000o\000s\000i\000t\000o\000r\000y\000\040\000A\000F\000T\000E\000R\000\040\000c\000r\000e\000a\000t\000i\000n\000g\000\040\000i\000t}{chapter.38}% 311
\BOOKMARK [1][-]{section.38.4}{\376\377\000T\000e\000s\000t\000i\000n\000g\000\040\000w\000e\000\040\000c\000a\000n\000\040\000l\000o\000g\000i\000n\000\040\000w\000i\000t\000h\000\040\000c\000r\000e\000a\000t\000e\000d\000\040\000u\000s\000e\000r\000s}{chapter.38}% 312
\BOOKMARK [1][-]{section.38.5}{\376\377\000T\000e\000s\000t\000\040\000n\000e\000w\000\040\000u\000s\000e\000r\000\040\000w\000i\000t\000h\000\040\000R\000O\000L\000E\000\137\000A\000D\000M\000I\000N\000\040\000c\000a\000n\000\040\000v\000i\000s\000i\000t\000\040\000s\000e\000e\000c\000u\000r\000e\000d\000\040\000a\000d\000m\000i\000n\000\040\000h\000o\000m\000e\000\040\000p\000a\000g\000e}{chapter.38}% 313
\BOOKMARK [-1][-]{part.11}{\376\377\000X\000I\000\040\000P\000u\000b\000l\000i\000s\000h\000i\000n\000g\000\040\000S\000y\000m\000f\000o\000n\000y\000\040\000w\000e\000b\000s\000i\000t\000e\000s}{}% 314
\BOOKMARK [0][-]{chapter.39}{\376\377\000P\000u\000b\000l\000i\000s\000h\000i\000n\000g\000\040\000y\000o\000u\000r\000\040\000S\000y\000m\000f\000o\000n\000y\000\040\000w\000e\000b\000s\000i\000t\000e}{part.11}% 315
\BOOKMARK [1][-]{section.39.1}{\376\377\000R\000e\000q\000u\000i\000r\000e\000m\000e\000n\000t\000s\000\040\000f\000o\000r\000\040\000S\000y\000m\000f\000o\000n\000y\000\040\000p\000u\000b\000l\000i\000s\000h\000i\000n\000g}{chapter.39}% 316
\BOOKMARK [1][-]{section.39.2}{\376\377\000S\000i\000m\000p\000l\000e\000s\000t\000\040\000w\000a\000y\000s\000\040\000t\000o\000\040\000h\000o\000s\000t\000\040\000S\000y\000m\000f\000o\000n\000y\000\040\000p\000r\000o\000j\000e\000c\000t\000s}{chapter.39}% 317
\BOOKMARK [0][-]{chapter.40}{\376\377\000S\000e\000t\000t\000i\000n\000g\000\040\000u\000p\000\040\000p\000r\000o\000j\000e\000c\000t\000\040\000r\000e\000a\000d\000y\000\040\000f\000o\000r\000\040\000F\000o\000r\000t\000r\000a\000b\000b\000i\000t}{part.11}% 318
\BOOKMARK [1][-]{section.40.1}{\376\377\000U\000p\000d\000a\000t\000i\000n\000g\000\040\000t\000h\000e\000\040\000n\000a\000m\000e\000s\000\040\000o\000f\000\040\000o\000u\000r\000\040\000M\000y\000S\000Q\000L\000\040\000v\000a\000r\000i\000a\000b\000l\000e\000s\000\040\000t\000o\000\040\000m\000a\000t\000c\000h\000\040\000F\000o\000r\000t\000r\000a\000b\000b\000i\000t\000\040\000o\000n\000e\000s}{chapter.40}% 319
\BOOKMARK [1][-]{section.40.2}{\376\377\000C\000r\000e\000a\000t\000e\000\040\000n\000e\000w\000\040\000D\000B\000\040\000l\000o\000c\000a\000l\000l\000y\000,\000\040\000a\000n\000d\000\040\000m\000a\000k\000e\000\040\000f\000r\000e\000s\000h\000\040\000m\000i\000g\000r\000a\000t\000i\000o\000n\000s}{chapter.40}% 320
\BOOKMARK [1][-]{section.40.3}{\376\377\000C\000r\000e\000a\000t\000i\000n\000g\000\040\000t\000h\000e\000\040\000/\000p\000u\000b\000l\000i\000c\000/\000.\000h\000t\000a\000c\000c\000e\000s\000s\000\040\000A\000p\000a\000c\000h\000e\000\040\000s\000e\000r\000v\000e\000r\000\040\000r\000o\000u\000t\000i\000n\000g\000\040\000f\000i\000l\000e}{chapter.40}% 321
\BOOKMARK [0][-]{chapter.41}{\376\377\000P\000u\000b\000l\000i\000s\000h\000i\000n\000g\000\040\000w\000i\000t\000h\000\040\000F\000o\000r\000t\000r\000a\000b\000b\000i\000t\000.\000c\000o\000m}{part.11}% 322
\BOOKMARK [1][-]{section.41.1}{\376\377\000M\000a\000i\000n\000\040\000s\000t\000e\000p\000s\000\040\000f\000o\000r\000\040\000P\000A\000A\000S\000\040\000p\000u\000b\000l\000i\000s\000h\000i\000n\000g\000\040\000w\000i\000t\000h\000\040\000F\000o\000r\000t\000r\000a\000b\000b\000i\000t}{chapter.41}% 323
\BOOKMARK [1][-]{section.41.2}{\376\377\000C\000r\000e\000a\000t\000e\000\040\000a\000\040\000n\000e\000w\000\040\000F\000o\000r\000t\000r\000a\000b\000b\000i\000t\000\040\000S\000y\000m\000f\000o\000n\000y\000\040\000p\000r\000o\000j\000e\000c\000t}{chapter.41}% 324
\BOOKMARK [1][-]{section.41.3}{\376\377\000T\000e\000m\000p\000o\000r\000a\000r\000i\000l\000y\000\040\000s\000e\000t\000\040\000p\000r\000o\000j\000e\000c\000t\000\040\000e\000n\000v\000i\000r\000o\000n\000m\000e\000n\000t\000\040\000t\000o\000\040\000d\000e\000v\000\040\000s\000o\000\040\000w\000e\000\040\000c\000a\000n\000\040\000l\000o\000a\000d\000\040\000D\000B\000\040\000f\000i\000x\000t\000u\000r\000e\000s}{chapter.41}% 325
\BOOKMARK [1][-]{section.41.4}{\376\377\000G\000e\000t\000t\000i\000n\000g\000\040\000a\000\040\000l\000i\000n\000k\000e\000d\000\040\000G\000i\000t\000\040\000p\000r\000o\000j\000e\000c\000t\000\040\000o\000n\000\040\000y\000o\000u\000r\000\040\000l\000o\000c\000a\000l\000\040\000c\000o\000m\000p\000u\000t\000e\000r}{chapter.41}% 326
\BOOKMARK [1][-]{section.41.5}{\376\377\000V\000i\000s\000i\000t\000\040\000s\000i\000t\000e\000\040\000t\000o\000\040\000s\000e\000e\000\040\000i\000f\000\040\000p\000u\000b\000l\000i\000s\000h\000e\000d\000\040\000\050\000a\000l\000t\000h\000o\000u\000g\000h\000\040\000m\000a\000y\000\040\000b\000e\000\040\000D\000B\000\040\000e\000r\000r\000o\000r\000s\000\051}{chapter.41}% 327
\BOOKMARK [1][-]{section.41.6}{\376\377\000C\000o\000n\000n\000e\000c\000t\000\040\000c\000o\000m\000m\000a\000n\000d\000-\000l\000i\000n\000e\000\040\000t\000e\000r\000m\000i\000n\000a\000l\000\040\000t\000o\000\040\000F\000o\000r\000t\000r\000a\000b\000b\000i\000t\000\040\000p\000r\000o\000j\000e\000c\000t\000\040\000v\000i\000a\000\040\000S\000H\000H}{chapter.41}% 328
\BOOKMARK [1][-]{section.41.7}{\376\377\000U\000s\000e\000\040\000S\000S\000H\000\040\000t\000o\000\040\000r\000u\000n\000\040\000D\000B\000\040\000m\000i\000g\000r\000a\000t\000i\000o\000n\000s}{chapter.41}% 329
\BOOKMARK [1][-]{section.41.8}{\376\377\000U\000s\000e\000\040\000S\000S\000H\000\040\000t\000o\000\040\000l\000o\000a\000d\000\040\000f\000i\000x\000t\000u\000r\000e\000s}{chapter.41}% 330
\BOOKMARK [1][-]{section.41.9}{\376\377\000U\000s\000e\000\040\000D\000o\000c\000t\000r\000i\000n\000e\000\040\000q\000u\000e\000r\000y\000\040\000t\000o\000\040\000c\000h\000e\000c\000k\000\040\000D\000B\000\040\000c\000o\000n\000t\000e\000n\000t\000s}{chapter.41}% 331
\BOOKMARK [1][-]{section.41.10}{\376\377\000M\000y\000S\000Q\000L\000\040\000q\000u\000e\000r\000i\000e\000s\000\040\000u\000s\000i\000n\000g\000\040\000S\000S\000H\000\040\000t\000u\000n\000n\000e\000l\000\040\040\046}{chapter.41}% 332
\BOOKMARK [1][-]{section.41.11}{\376\377\000P\000u\000b\000l\000i\000s\000h\000e\000d\000\040\000w\000e\000b\000s\000i\000t\000e}{chapter.41}% 333
\BOOKMARK [-1][-]{part.12}{\376\377\000X\000I\000I\000\040\000S\000y\000m\000f\000o\000n\000y\000\040\000T\000e\000s\000t\000i\000n\000g}{}% 334
\BOOKMARK [0][-]{chapter.42}{\376\377\000U\000n\000i\000t\000\040\000t\000e\000s\000t\000i\000n\000g\000\040\000i\000n\000\040\000S\000y\000m\000f\000o\000n\000y}{part.12}% 335
\BOOKMARK [1][-]{section.42.1}{\376\377\000T\000e\000s\000t\000i\000n\000g\000\040\000i\000n\000\040\000S\000y\000m\000f\000o\000n\000y}{chapter.42}% 336
\BOOKMARK [1][-]{section.42.2}{\376\377\000I\000n\000s\000t\000a\000l\000l\000i\000n\000g\000\040\000S\000i\000m\000p\000l\000e\000-\000P\000H\000P\000U\000n\000i\000t\000\040\000\050\000p\000r\000o\000j\000e\000c\000t\000\040\000t\000e\000s\000t\0000\0001\000\051}{chapter.42}% 337
\BOOKMARK [1][-]{section.42.3}{\376\377\000C\000o\000m\000p\000l\000e\000t\000i\000n\000g\000\040\000t\000h\000e\000\040\000i\000n\000s\000t\000a\000l\000l\000a\000t\000i\000o\000n}{chapter.42}% 338
\BOOKMARK [1][-]{section.42.4}{\376\377\000R\000u\000n\000n\000i\000n\000g\000\040\000S\000i\000m\000p\000l\000e\000-\000P\000H\000P\000U\000n\000i\000t}{chapter.42}% 339
\BOOKMARK [1][-]{section.42.5}{\376\377\000T\000e\000s\000t\000i\000n\000g\000\040\000o\000t\000h\000e\000r\000\040\000c\000l\000a\000s\000s\000e\000s\000\040\000\050\000p\000r\000o\000j\000e\000c\000t\000\040\000t\000e\000s\000t\0000\0002\000\051}{chapter.42}% 340
\BOOKMARK [1][-]{section.42.6}{\376\377\000T\000h\000e\000\040\000c\000l\000a\000s