\BOOKMARK [0][-]{chapter*.1}{\376\377\000A\000c\000k\000n\000o\000w\000l\000e\000d\000g\000e\000m\000e\000n\000t\000s}{}% 1
\BOOKMARK [-1][-]{part.1}{\376\377\000I\000\040\000S\000e\000c\000u\000r\000i\000t\000y\000\040\000a\000n\000d\000\040\000A\000u\000t\000h\000e\000n\000t\000i\000c\000a\000t\000i\000o\000n}{}% 2
\BOOKMARK [0][-]{chapter.1}{\376\377\000Q\000u\000i\000c\000k\000s\000t\000a\000r\000t\000\040\000S\000y\000m\000f\000o\000n\000y\000\040\000s\000e\000c\000u\000r\000i\000t\000y}{part.1}% 3
\BOOKMARK [1][-]{section.1.1}{\376\377\000L\000e\000a\000r\000n\000\040\000a\000b\000o\000u\000t\000\040\000S\000y\000m\000f\000o\000n\000y\000\040\000s\000e\000c\000u\000r\000i\000t\000y}{chapter.1}% 4
\BOOKMARK [1][-]{section.1.2}{\376\377\000N\000e\000w\000\040\000p\000r\000o\000j\000e\000c\000t\000\040\000w\000i\000t\000h\000\040\000o\000p\000e\000n\000\040\000a\000n\000d\000\040\000s\000e\000c\000u\000r\000e\000d\000\040\000r\000o\000u\000t\000e\000s\000\040\000\050\000p\000r\000o\000j\000e\000c\000t\000\040\000s\000e\000c\000u\000r\000i\000t\000y\0000\0001\000\051}{chapter.1}% 5
\BOOKMARK [1][-]{section.1.3}{\376\377\000C\000r\000e\000a\000t\000e\000\040\000n\000e\000w\000\040\000p\000r\000o\000j\000e\000c\000t\000\040\000a\000n\000d\000\040\000a\000d\000d\000\040\000t\000h\000e\000\040\000s\000e\000c\000u\000r\000i\000t\000y\000\040\000b\000u\000n\000d\000l\000e\000\040\000l\000i\000b\000r\000a\000r\000y}{chapter.1}% 6
\BOOKMARK [1][-]{section.1.4}{\376\377\000M\000a\000k\000e\000\040\000a\000\040\000D\000e\000f\000a\000u\000l\000t\000\040\000c\000o\000n\000t\000r\000o\000l\000l\000e\000r}{chapter.1}% 7
\BOOKMARK [1][-]{section.1.5}{\376\377\000M\000a\000k\000e\000\040\000a\000n\000\040\000u\000n\000-\000s\000e\000c\000u\000r\000e\000d\000\040\000A\000d\000m\000i\000n\000\040\000c\000o\000n\000t\000r\000o\000l\000l\000e\000r}{chapter.1}% 8
\BOOKMARK [1][-]{section.1.6}{\376\377\000S\000e\000c\000u\000r\000e\000\040\000t\000h\000e\000\040\000A\000d\000m\000i\000n\000\040\000c\000o\000n\000t\000r\000o\000l\000l\000e\000r\000\040\000f\000o\000r\000\040\000o\000n\000l\000y\000\040\000l\000o\000g\000g\000e\000d\000\040\000i\000n\000\040\000u\000s\000e\000r\000s\000\040\000w\000i\000t\000h\000\040\000R\000O\000L\000E\000\137\000A\000D\000M\000I\000N}{chapter.1}% 9
\BOOKMARK [1][-]{section.1.7}{\376\377\000C\000o\000r\000e\000\040\000f\000e\000a\000t\000u\000r\000e\000s\000\040\000a\000b\000o\000u\000t\000\040\000S\000y\000m\000f\000o\000n\000y\000\040\000s\000e\000c\000u\000r\000i\000t\000y}{chapter.1}% 10
\BOOKMARK [1][-]{section.1.8}{\376\377\000G\000e\000n\000e\000r\000a\000t\000i\000n\000g\000\040\000t\000h\000e\000\040\000s\000p\000e\000c\000i\000a\000l\000\040\000U\000s\000e\000r\000\040\000E\000n\000t\000i\000t\000y\000\040\000c\000l\000a\000s\000s}{chapter.1}% 11
\BOOKMARK [1][-]{section.1.9}{\376\377\000R\000e\000v\000i\000e\000w\000\040\000t\000h\000e\000\040\000c\000h\000a\000n\000g\000e\000s\000\040\000t\000o\000\040\000t\000h\000e\000\040\000/\000c\000o\000n\000f\000i\000g\000/\000p\000a\000c\000k\000a\000g\000e\000s\000/\000s\000e\000c\000u\000r\000i\000t\000y\000.\000y\000m\000l\000\040\000f\000i\000l\000e}{chapter.1}% 12
\BOOKMARK [1][-]{section.1.10}{\376\377\000M\000i\000g\000r\000a\000t\000e\000\040\000n\000e\000w\000\040\000U\000s\000e\000r\000\040\000c\000l\000a\000s\000s\000\040\000t\000o\000\040\000y\000o\000u\000r\000\040\000d\000a\000t\000a\000b\000a\000s\000e}{chapter.1}% 13
\BOOKMARK [1][-]{section.1.11}{\376\377\000M\000a\000k\000e\000\040\000s\000o\000m\000e\000\040\000U\000s\000e\000r\000\040\000f\000i\000x\000t\000u\000r\000e\000s}{chapter.1}% 14
\BOOKMARK [1][-]{section.1.12}{\376\377\000R\000u\000n\000\040\000a\000n\000d\000\040\000c\000h\000e\000c\000k\000\040\000y\000o\000u\000r\000\040\000f\000i\000x\000t\000u\000r\000e\000s}{chapter.1}% 15
\BOOKMARK [1][-]{section.1.13}{\376\377\000C\000r\000e\000a\000t\000i\000n\000g\000\040\000a\000\040\000L\000o\000g\000i\000n\000\040\000f\000o\000r\000m}{chapter.1}% 16
\BOOKMARK [1][-]{section.1.14}{\376\377\000C\000h\000e\000c\000k\000\040\000t\000h\000e\000\040\000n\000e\000w\000\040\000r\000o\000u\000t\000e\000s}{chapter.1}% 17
\BOOKMARK [1][-]{section.1.15}{\376\377\000A\000l\000l\000o\000w\000\040\000a\000n\000y\000\040\000u\000s\000e\000r\000\040\000t\000o\000\040\000v\000i\000e\000w\000\040\000t\000h\000e\000\040\000l\000o\000g\000i\000n\000\040\000f\000o\000r\000m}{chapter.1}% 18
\BOOKMARK [1][-]{section.1.16}{\376\377\000C\000l\000e\000a\000r\000\040\000c\000a\000c\000h\000e\000\040\000\046\000\040\000v\000i\000s\000i\000t\000\040\000/\000a\000d\000m\000i\000n}{chapter.1}% 19
\BOOKMARK [1][-]{section.1.17}{\376\377\000U\000s\000i\000n\000g\000\040\000t\000h\000e\000\040\000/\000l\000o\000g\000o\000u\000t\000\040\000r\000o\000u\000t\000e}{chapter.1}% 20
\BOOKMARK [1][-]{section.1.18}{\376\377\000F\000i\000n\000d\000i\000n\000g\000\040\000a\000n\000d\000\040\000u\000s\000i\000n\000g\000\040\000t\000h\000e\000\040\000i\000n\000t\000e\000r\000n\000a\000l\000\040\000l\000o\000g\000i\000n\000/\000l\000o\000g\000o\000u\000t\000\040\000r\000o\000u\000t\000e\000\040\000n\000a\000m\000e\000s\000\040\000i\000n\000\040\000S\000e\000c\000u\000r\000i\000t\000y\000C\000o\000n\000t\000r\000o\000l\000l\000e\000r}{chapter.1}% 21
\BOOKMARK [0][-]{chapter.2}{\376\377\000S\000e\000c\000u\000r\000i\000t\000y\000\040\000u\000s\000e\000r\000s\000\040\000f\000r\000o\000m\000\040\000d\000a\000t\000a\000b\000a\000s\000e}{part.1}% 22
\BOOKMARK [1][-]{section.2.1}{\376\377\000I\000m\000p\000r\000o\000v\000i\000n\000g\000\040\000U\000s\000e\000r\000F\000i\000x\000t\000u\000r\000e\000s\000\040\000w\000i\000t\000h\000\040\000a\000\040\000c\000r\000e\000a\000t\000e\000U\000s\000e\000r\000\050\000.\000.\000.\000\051\000\040\000m\000e\000t\000h\000o\000d\000\040\000\050\000p\000r\000o\000j\000e\000c\000t\000\040\000s\000e\000c\000u\000r\000i\000t\000y\0000\0003\000\051}{chapter.2}% 23
\BOOKMARK [1][-]{section.2.2}{\376\377\000L\000o\000a\000d\000i\000n\000g\000\040\000t\000h\000e\000\040\000f\000i\000x\000t\000u\000r\000e\000s}{chapter.2}% 24
\BOOKMARK [1][-]{section.2.3}{\376\377\000U\000s\000i\000n\000g\000\040\000S\000Q\000L\000\040\000f\000r\000o\000m\000\040\000C\000L\000I\000\040\000t\000o\000\040\000s\000e\000e\000\040\000u\000s\000e\000r\000s\000\040\000i\000n\000\040\000D\000B}{chapter.2}% 25
\BOOKMARK [0][-]{chapter.3}{\376\377\000C\000u\000s\000t\000o\000m\000\040\000l\000o\000g\000i\000n\000\040\000p\000a\000g\000e}{part.1}% 26
\BOOKMARK [1][-]{section.3.1}{\376\377\000A\000\040\000D\000.\000I\000.\000Y\000.\000\040\000\050\000c\000u\000s\000t\000o\000m\000i\000s\000a\000b\000l\000e\000\051\000\040\000l\000o\000g\000i\000n\000\040\000f\000o\000r\000m\000\040\000\050\000p\000r\000o\000j\000e\000c\000t\000\040\000s\000e\000c\000u\000r\000i\000t\000y\0000\0004\000\051}{chapter.3}% 27
\BOOKMARK [1][-]{section.3.2}{\376\377\000S\000i\000m\000p\000l\000i\000f\000y\000i\000n\000g\000\040\000t\000h\000e\000\040\000g\000e\000n\000e\000r\000a\000t\000e\000d\000\040\000l\000o\000g\000i\000n\000\040\000T\000w\000i\000g\000\040\000t\000e\000m\000p\000l\000a\000t\000e}{chapter.3}% 28
\BOOKMARK [1][-]{section.3.3}{\376\377\000C\000S\000R\000F\000\040\000\050\000C\000r\000o\000s\000s\000\040\000S\000i\000t\000e\000\040\000R\000e\000q\000u\000e\000s\000t\000\040\000F\000o\000r\000g\000e\000r\000y\000\051\000\040\000p\000r\000o\000t\000e\000c\000t\000i\000o\000n}{chapter.3}% 29
\BOOKMARK [1][-]{section.3.4}{\376\377\000D\000i\000s\000p\000l\000a\000y\000\040\000a\000n\000y\000\040\000e\000r\000r\000o\000r\000s}{chapter.3}% 30
\BOOKMARK [1][-]{section.3.5}{\376\377\000C\000u\000s\000t\000o\000m\000\040\000l\000o\000g\000i\000n\000\040\000f\000o\000r\000m\000\040\000w\000h\000e\000n\000\040\000a\000t\000t\000e\000m\000p\000t\000i\000n\000g\000\040\000t\000o\000\040\000a\000c\000c\000e\000s\000s\000\040\000/\000a\000d\000m\000i\000n}{chapter.3}% 31
\BOOKMARK [1][-]{section.3.6}{\376\377\000P\000a\000t\000h\000\040\000f\000o\000r\000\040\000s\000u\000c\000c\000e\000s\000s\000f\000u\000l\000\040\000l\000o\000g\000i\000n}{chapter.3}% 32
\BOOKMARK [0][-]{chapter.4}{\376\377\000C\000u\000s\000t\000o\000m\000\040\000A\000c\000c\000e\000s\000s\000D\000e\000n\000i\000e\000d\000E\000x\000c\000e\000p\000t\000i\000o\000n\000\040\000h\000a\000n\000d\000l\000e\000r}{part.1}% 33
\BOOKMARK [1][-]{section.4.1}{\376\377\000S\000y\000m\000f\000o\000n\000y\000\040\000d\000o\000c\000u\000m\000e\000n\000t\000a\000t\000i\000o\000n\000\040\000f\000o\000r\000\040\0004\0000\0003\000\040\000a\000c\000c\000e\000s\000s\000\040\000d\000e\000n\000i\000e\000d\000\040\000e\000x\000c\000e\000p\000t\000i\000o\000n}{chapter.4}% 34
\BOOKMARK [1][-]{section.4.2}{\376\377\000D\000e\000c\000l\000a\000r\000i\000n\000g\000\040\000o\000u\000r\000\040\000h\000a\000n\000d\000l\000e\000r\000\040\000\050\000p\000r\000o\000j\000e\000c\000t\000\040\000s\000e\000c\000u\000r\000i\000t\000y\0000\0005\000\051}{chapter.4}% 35
\BOOKMARK [1][-]{section.4.3}{\376\377\000T\000h\000e\000\040\000e\000x\000c\000e\000p\000t\000i\000o\000n\000\040\000h\000a\000n\000d\000l\000e\000r\000\040\000c\000l\000a\000s\000s}{chapter.4}% 36
\BOOKMARK [0][-]{chapter.5}{\376\377\000T\000w\000i\000g\000\040\000a\000n\000d\000\040\000l\000o\000g\000g\000i\000n\000g}{part.1}% 37
\BOOKMARK [1][-]{section.5.1}{\376\377\000G\000e\000t\000t\000i\000n\000g\000\040\000r\000e\000f\000e\000r\000e\000n\000c\000e\000\040\000t\000o\000\040\000T\000w\000i\000g\000\040\000a\000n\000d\000\040\000L\000o\000g\000g\000e\000r\000\040\000o\000b\000j\000e\000c\000t\000s}{chapter.5}% 38
\BOOKMARK [1][-]{section.5.2}{\376\377\000U\000s\000i\000n\000g\000\040\000T\000w\000i\000g\000\040\000f\000o\000r\000\040\000a\000c\000c\000e\000s\000s\000\040\000d\000e\000n\000i\000e\000d\000\040\000m\000e\000s\000s\000a\000g\000e\000\040\000\050\000p\000r\000o\000j\000e\000c\000t\000\040\000s\000e\000c\000u\000r\000i\000t\000y\0000\0006\000\051}{chapter.5}% 39
\BOOKMARK [1][-]{section.5.3}{\376\377\000T\000h\000e\000\040\000T\000w\000i\000g\000\040\000p\000a\000g\000e}{chapter.5}% 40
\BOOKMARK [1][-]{section.5.4}{\376\377\000T\000e\000r\000m\000i\000n\000a\000l\000\040\000l\000o\000g}{chapter.5}% 41
\BOOKMARK [1][-]{section.5.5}{\376\377\000L\000e\000a\000r\000n\000\040\000m\000o\000r\000e\000\040\000a\000b\000o\000u\000t\000\040\000l\000o\000g\000g\000e\000r\000\040\000a\000n\000d\000\040\000e\000x\000c\000e\000p\000t\000i\000o\000n\000s}{chapter.5}% 42
\BOOKMARK [0][-]{chapter.6}{\376\377\000U\000s\000e\000r\000\040\000r\000o\000l\000e\000s\000\040\000a\000n\000d\000\040\000r\000o\000l\000e\000\040\000h\000i\000e\000r\000a\000r\000c\000h\000i\000e\000s}{part.1}% 43
\BOOKMARK [1][-]{section.6.1}{\376\377\000S\000i\000m\000p\000l\000i\000f\000y\000i\000n\000g\000\040\000r\000o\000l\000e\000s\000\040\000w\000i\000t\000h\000\040\000a\000\040\000h\000i\000e\000r\000a\000r\000c\000h\000y\000\040\000\050\000p\000r\000o\000j\000e\000c\000t\000\040\000s\000e\000c\000u\000r\000i\000t\000y\0000\0007\000\051}{chapter.6}% 44
\BOOKMARK [1][-]{section.6.2}{\376\377\000M\000o\000d\000i\000f\000y\000\040\000f\000i\000x\000t\000u\000r\000e\000s}{chapter.6}% 45
\BOOKMARK [1][-]{section.6.3}{\376\377\000R\000e\000m\000o\000v\000i\000n\000g\000\040\000d\000e\000f\000a\000u\000l\000t\000\040\000a\000d\000d\000i\000n\000g\000\040\000o\000f\000\040\000R\000O\000L\000E\000\137\000U\000S\000E\000R\000\040\000i\000f\000\040\000u\000s\000i\000n\000g\000\040\000a\000\040\000h\000i\000e\000r\000a\000r\000c\000h\000y}{chapter.6}% 46
\BOOKMARK [1][-]{section.6.4}{\376\377\000A\000l\000l\000o\000w\000i\000n\000g\000\040\000e\000a\000s\000y\000\040\000s\000w\000i\000t\000c\000h\000i\000n\000g\000\040\000o\000f\000\040\000u\000s\000e\000r\000s\000\040\000w\000h\000e\000n\000\040\000d\000e\000b\000u\000g\000g\000i\000n\000g}{chapter.6}% 47
\BOOKMARK [0][-]{chapter.7}{\376\377\000C\000u\000s\000t\000o\000m\000i\000s\000i\000n\000g\000\040\000v\000i\000e\000w\000\040\000b\000a\000s\000e\000d\000\040\000o\000n\000\040\000l\000o\000g\000g\000e\000d\000-\000i\000n\000\040\000u\000s\000e\000r}{part.1}% 48
\BOOKMARK [1][-]{section.7.1}{\376\377\000T\000w\000i\000g\000\040\000n\000a\000v\000\040\000l\000i\000n\000k\000s\000\040\000w\000h\000e\000n\000\040\000l\000o\000g\000g\000e\000d\000\040\000i\000n\000\040\000\050\000p\000r\000o\000j\000e\000c\000t\000\040\000s\000e\000c\000u\000r\000i\000t\000y\0000\0008\000\051}{chapter.7}% 49
\BOOKMARK [1][-]{section.7.2}{\376\377\000G\000e\000t\000t\000i\000n\000g\000\040\000r\000e\000f\000e\000r\000e\000n\000c\000e\000\040\000t\000o\000\040\000t\000h\000e\000\040\000c\000u\000r\000r\000e\000n\000t\000\040\000u\000s\000e\000r\000\040\000i\000n\000\040\000a\000\040\000C\000o\000n\000t\000r\000o\000l\000l\000e\000r}{chapter.7}% 50
\BOOKMARK [0][-]{chapter.8}{\376\377\000S\000i\000m\000p\000l\000i\000f\000y\000i\000n\000g\000\040\000r\000o\000l\000e\000s\000\040\000a\000n\000d\000\040\000a\000d\000d\000i\000n\000g\000\040\000s\000e\000c\000u\000r\000e\000\040\000U\000s\000e\000r\000\040\000C\000R\000U\000D\000\040\000\050\000p\000r\000o\000j\000e\000c\000t\000\040\000s\000e\000c\000u\000r\000i\000t\000y\0000\0009\000\051}{part.1}% 51
\BOOKMARK [1][-]{section.8.1}{\376\377\000U\000s\000e\000r\000\040\000C\000R\000U\000D\000\040\000P\000R\000O\000B\000L\000E\000M\000\040\0001\000:\000\040\000a\000n\000\040\000a\000r\000r\000a\000y\000\040\000o\000f\000\040\000R\000O\000L\000E\000S}{chapter.8}% 52
\BOOKMARK [1][-]{section.8.2}{\376\377\000U\000s\000e\000r\000\040\000C\000R\000U\000D\000\040\000P\000R\000O\000B\000L\000E\000M\000\040\0001\000:\000\040\000a\000\040\000s\000o\000l\000u\000t\000i\000o\000n}{chapter.8}% 53
\BOOKMARK [1][-]{section.8.3}{\376\377\000U\000s\000e\000r\000\040\000C\000R\000U\000D\000\040\000P\000R\000O\000B\000L\000E\000M\000\040\0002\000:\000\040\000p\000l\000a\000i\000n\000\040\000t\000e\000s\000t\000\040\000p\000a\000s\000s\000w\000o\000r\000d\000\040\000s\000t\000o\000r\000e\000d\000\040\000i\000n\000\040\000D\000B}{chapter.8}% 54
\BOOKMARK [1][-]{section.8.4}{\376\377\000U\000s\000e\000r\000\040\000C\000R\000U\000D\000\040\000P\000R\000O\000B\000L\000E\000M\000\040\0002\000:\000\040\000a\000\040\000s\000o\000l\000u\000t\000i\000o\000n}{chapter.8}% 55
\BOOKMARK [1][-]{section.8.5}{\376\377\000S\000e\000c\000u\000r\000i\000n\000g\000\040\000t\000h\000e\000\040\000U\000s\000e\000r\000\040\000C\000R\000U\000D\000\040\000f\000o\000r\000\040\000R\000O\000L\000E\000\137\000A\000D\000M\000I\000N\000\040\000o\000n\000l\000y}{chapter.8}% 56
\BOOKMARK [1][-]{section.8.6}{\376\377\000F\000u\000r\000t\000h\000e\000r\000\040\000s\000t\000e\000p\000s}{chapter.8}% 57
\BOOKMARK [0][-]{chapter*.16}{\376\377\000L\000i\000s\000t\000\040\000o\000f\000\040\000R\000e\000f\000e\000r\000e\000n\000c\000e\000s}{part.1}% 58
